<?xml version="1.0" encoding="utf-8"?>
<CoverageSession xmlns:xsd="http://www.w3.org/2001/XMLSchema" xmlns:xsi="http://www.w3.org/2001/XMLSchema-instance">
  <Summary numSequencePoints="157" visitedSequencePoints="16" numBranchPoints="69" visitedBranchPoints="6" sequenceCoverage="10.19" branchCoverage="8.70" maxCyclomaticComplexity="7" minCyclomaticComplexity="1" />
  <Modules>
    <Module skippedDueTo="Filter" hash="2E-20-78-6B-CA-C6-6A-6F-9E-30-0F-56-99-7D-D3-5A-63-3F-51-26">
      <FullName>C:\WINDOWS\Microsoft.Net\assembly\GAC_32\mscorlib\v4.0_4.0.0.0__b77a5c561934e089\mscorlib.dll</FullName>
      <ModuleName>mscorlib</ModuleName>
      <Classes />
    </Module>
    <Module skippedDueTo="MissingPdb" hash="37-80-BE-DC-A8-79-2C-78-4A-75-9F-D4-19-B1-3A-5A-48-3E-CA-03">
      <FullName>C:\Program Files\SharpDevelop\5.1\bin\Tools\NUnit\nunit-console-x86.exe</FullName>
      <ModuleName>nunit-console</ModuleName>
      <Classes />
    </Module>
    <Module skippedDueTo="MissingPdb" hash="33-E1-CA-24-52-5A-B7-C7-C4-AF-91-2C-A9-4A-C0-37-67-0D-5B-FE">
      <FullName>C:\Program Files\SharpDevelop\5.1\bin\Tools\NUnit\lib\nunit.core.dll</FullName>
      <ModuleName>nunit.core</ModuleName>
      <Classes />
    </Module>
    <Module skippedDueTo="MissingPdb" hash="2A-C4-E5-DE-F3-EE-AD-84-E1-65-84-CC-15-90-76-96-E7-01-44-4E">
      <FullName>C:\Program Files\SharpDevelop\5.1\bin\Tools\NUnit\lib\nunit-console-runner.dll</FullName>
      <ModuleName>nunit-console-runner</ModuleName>
      <Classes />
    </Module>
    <Module skippedDueTo="MissingPdb" hash="74-74-F6-87-59-E1-5F-4F-5F-5E-6E-82-50-E8-E2-46-D4-86-15-76">
      <FullName>C:\Program Files\SharpDevelop\5.1\bin\Tools\NUnit\lib\nunit.util.dll</FullName>
      <ModuleName>nunit.util</ModuleName>
      <Classes />
    </Module>
    <Module skippedDueTo="MissingPdb" hash="D3-A4-4D-85-55-F7-CE-EF-A5-90-AA-EF-58-E0-9F-B6-CC-27-99-53">
      <FullName>C:\Program Files\SharpDevelop\5.1\bin\Tools\NUnit\lib\nunit.core.interfaces.dll</FullName>
      <ModuleName>nunit.core.interfaces</ModuleName>
      <Classes />
    </Module>
    <Module skippedDueTo="Filter" hash="1B-60-2A-60-F4-F0-3B-D6-10-FB-5B-F2-B1-C3-63-FE-8B-BC-26-D1">
      <FullName>C:\WINDOWS\Microsoft.Net\assembly\GAC_MSIL\System.Configuration\v4.0_4.0.0.0__b03f5f7f11d50a3a\System.Configuration.dll</FullName>
      <ModuleName>System.Configuration</ModuleName>
      <Classes />
    </Module>
    <Module skippedDueTo="Filter" hash="CA-B0-A1-C2-99-FE-4D-DE-2F-6B-21-59-AF-4F-33-86-E5-A6-BE-86">
      <FullName>C:\WINDOWS\Microsoft.Net\assembly\GAC_MSIL\System\v4.0_4.0.0.0__b77a5c561934e089\System.dll</FullName>
      <ModuleName>System</ModuleName>
      <Classes />
    </Module>
    <Module skippedDueTo="Filter" hash="CE-17-AB-A2-AB-BF-67-35-E2-0E-22-74-BD-06-8D-CD-88-4C-59-19">
      <FullName>C:\WINDOWS\Microsoft.Net\assembly\GAC_MSIL\System.Xml\v4.0_4.0.0.0__b77a5c561934e089\System.Xml.dll</FullName>
      <ModuleName>System.Xml</ModuleName>
      <Classes />
    </Module>
    <Module skippedDueTo="Filter" hash="17-BC-BD-67-A9-55-EE-D6-AA-66-FD-FD-32-86-AD-E2-6F-2B-CF-8B">
      <FullName>C:\WINDOWS\Microsoft.Net\assembly\GAC_MSIL\System.Runtime.Remoting\v4.0_4.0.0.0__b77a5c561934e089\System.Runtime.Remoting.dll</FullName>
      <ModuleName>System.Runtime.Remoting</ModuleName>
      <Classes />
    </Module>
    <Module skippedDueTo="Filter" hash="DF-87-F3-88-63-D3-6B-C4-7B-3B-81-2F-4A-A6-67-DC-F4-31-01-3D">
      <FullName>C:\WINDOWS\Microsoft.Net\assembly\GAC_MSIL\System.Core\v4.0_4.0.0.0__b77a5c561934e089\System.Core.dll</FullName>
      <ModuleName>System.Core</ModuleName>
      <Classes />
    </Module>
    <Module hash="7A-11-33-02-11-D1-E4-22-54-04-80-21-A6-CF-88-0A-E3-4B-4A-C1">
      <Summary numSequencePoints="46" visitedSequencePoints="6" numBranchPoints="11" visitedBranchPoints="2" sequenceCoverage="13.04" branchCoverage="18.18" maxCyclomaticComplexity="2" minCyclomaticComplexity="1" />
      <FullName>C:\Users\kouzm\AppData\Local\Temp\nunit20\ShadowCopyCache\26072_639224679123607263\Tests_213356046\assembly\dl3\ffb998d3\f38c01de_7f2ddd01\Test.dll</FullName>
      <ModuleName>Test</ModuleName>
      <Files>
        <File uid="1" fullPath="c:\developer\sergueik\powershell_samples\external\csharp\basic-renamer\Test\ExtensionTest.cs" />
        <File uid="2" fullPath="c:\developer\sergueik\powershell_samples\external\csharp\basic-renamer\Test\EnvVarsTest.cs" />
      </Files>
      <Classes>
        <Class>
          <Summary numSequencePoints="0" visitedSequencePoints="0" numBranchPoints="0" visitedBranchPoints="0" sequenceCoverage="0" branchCoverage="0" maxCyclomaticComplexity="0" minCyclomaticComplexity="0" />
          <FullName>&lt;Module&gt;</FullName>
          <Methods />
        </Class>
        <Class>
          <Summary numSequencePoints="13" visitedSequencePoints="6" numBranchPoints="4" visitedBranchPoints="2" sequenceCoverage="46.15" branchCoverage="50" maxCyclomaticComplexity="1" minCyclomaticComplexity="1" />
          <FullName>Test.ExtensionTest</FullName>
          <Methods>
            <Method visited="false" cyclomaticComplexity="1" sequenceCoverage="0" branchCoverage="0" isConstructor="false" isStatic="false" isGetter="true" isSetter="false">
              <Summary numSequencePoints="3" visitedSequencePoints="0" numBranchPoints="1" visitedBranchPoints="0" sequenceCoverage="0" branchCoverage="0" maxCyclomaticComplexity="1" minCyclomaticComplexity="1" />
              <MetadataToken>100663297</MetadataToken>
              <Name>NUnit.Framework.TestContext Test.ExtensionTest::get_TestContext()</Name>
              <FileRef uid="1" />
              <SequencePoints>
                <SequencePoint vc="0" uspid="1" ordinal="0" offset="0" sl="21" sc="8" el="21" ec="9" bec="0" bev="0" fileid="1" />
                <SequencePoint vc="0" uspid="2" ordinal="1" offset="1" sl="22" sc="5" el="22" ec="32" bec="0" bev="0" fileid="1" />
                <SequencePoint vc="0" uspid="3" ordinal="2" offset="10" sl="23" sc="4" el="23" ec="5" bec="0" bev="0" fileid="1" />
              </SequencePoints>
              <BranchPoints />
              <MethodPoint xsi:type="SequencePoint" vc="0" uspid="1" ordinal="0" offset="0" sl="21" sc="8" el="21" ec="9" bec="0" bev="0" fileid="1" />
            </Method>
            <Method visited="false" cyclomaticComplexity="1" sequenceCoverage="0" branchCoverage="0" isConstructor="false" isStatic="false" isGetter="false" isSetter="true">
              <Summary numSequencePoints="3" visitedSequencePoints="0" numBranchPoints="1" visitedBranchPoints="0" sequenceCoverage="0" branchCoverage="0" maxCyclomaticComplexity="1" minCyclomaticComplexity="1" />
              <MetadataToken>100663298</MetadataToken>
              <Name>System.Void Test.ExtensionTest::set_TestContext(NUnit.Framework.TestContext)</Name>
              <FileRef uid="1" />
              <SequencePoints>
                <SequencePoint vc="0" uspid="4" ordinal="0" offset="0" sl="24" sc="8" el="24" ec="9" bec="0" bev="0" fileid="1" />
                <SequencePoint vc="0" uspid="5" ordinal="1" offset="1" sl="25" sc="5" el="25" ec="33" bec="0" bev="0" fileid="1" />
                <SequencePoint vc="0" uspid="6" ordinal="2" offset="8" sl="26" sc="4" el="26" ec="5" bec="0" bev="0" fileid="1" />
              </SequencePoints>
              <BranchPoints />
              <MethodPoint xsi:type="SequencePoint" vc="0" uspid="4" ordinal="0" offset="0" sl="24" sc="8" el="24" ec="9" bec="0" bev="0" fileid="1" />
            </Method>
            <Method visited="true" cyclomaticComplexity="1" sequenceCoverage="100" branchCoverage="100" isConstructor="false" isStatic="true" isGetter="false" isSetter="false">
              <Summary numSequencePoints="2" visitedSequencePoints="2" numBranchPoints="1" visitedBranchPoints="1" sequenceCoverage="100" branchCoverage="100" maxCyclomaticComplexity="1" minCyclomaticComplexity="1" />
              <MetadataToken>100663299</MetadataToken>
              <Name>System.Void Test.ExtensionTest::Cleanup()</Name>
              <FileRef uid="1" />
              <SequencePoints>
                <SequencePoint vc="1" uspid="7" ordinal="0" offset="0" sl="30" sc="32" el="30" ec="33" bec="0" bev="0" fileid="1" />
                <SequencePoint vc="1" uspid="8" ordinal="1" offset="1" sl="31" sc="3" el="31" ec="4" bec="0" bev="0" fileid="1" />
              </SequencePoints>
              <BranchPoints />
              <MethodPoint xsi:type="SequencePoint" vc="1" uspid="7" ordinal="0" offset="0" sl="30" sc="32" el="30" ec="33" bec="0" bev="0" fileid="1" />
            </Method>
            <Method visited="true" cyclomaticComplexity="1" sequenceCoverage="80" branchCoverage="100" isConstructor="false" isStatic="false" isGetter="false" isSetter="false">
              <Summary numSequencePoints="5" visitedSequencePoints="4" numBranchPoints="1" visitedBranchPoints="1" sequenceCoverage="80" branchCoverage="100" maxCyclomaticComplexity="1" minCyclomaticComplexity="1" />
              <MetadataToken>100663300</MetadataToken>
              <Name>System.Void Test.ExtensionTest::test()</Name>
              <FileRef uid="1" />
              <SequencePoints>
                <SequencePoint vc="1" uspid="9" ordinal="0" offset="0" sl="34" sc="22" el="34" ec="23" bec="0" bev="0" fileid="1" />
                <SequencePoint vc="1" uspid="10" ordinal="1" offset="1" sl="35" sc="4" el="35" ec="52" bec="0" bev="0" fileid="1" />
                <SequencePoint vc="1" uspid="11" ordinal="2" offset="17" sl="36" sc="4" el="36" ec="89" bec="0" bev="0" fileid="1" />
                <SequencePoint vc="1" uspid="12" ordinal="3" offset="30" sl="38" sc="4" el="38" ec="93" bec="0" bev="0" fileid="1" />
                <SequencePoint vc="0" uspid="13" ordinal="4" offset="68" sl="39" sc="3" el="39" ec="4" bec="0" bev="0" fileid="1" />
              </SequencePoints>
              <BranchPoints />
              <MethodPoint xsi:type="SequencePoint" vc="1" uspid="9" ordinal="0" offset="0" sl="34" sc="22" el="34" ec="23" bec="0" bev="0" fileid="1" />
            </Method>
            <Method visited="true" cyclomaticComplexity="1" sequenceCoverage="0" branchCoverage="0" isConstructor="true" isStatic="false" isGetter="false" isSetter="false">
              <Summary numSequencePoints="0" visitedSequencePoints="0" numBranchPoints="0" visitedBranchPoints="0" sequenceCoverage="0" branchCoverage="0" maxCyclomaticComplexity="1" minCyclomaticComplexity="1" />
              <MetadataToken>100663301</MetadataToken>
              <Name>System.Void Test.ExtensionTest::.ctor()</Name>
              <SequencePoints />
              <BranchPoints />
              <MethodPoint vc="1" uspid="14" ordinal="0" offset="0" />
            </Method>
          </Methods>
        </Class>
        <Class>
          <Summary numSequencePoints="33" visitedSequencePoints="0" numBranchPoints="7" visitedBranchPoints="0" sequenceCoverage="0" branchCoverage="0" maxCyclomaticComplexity="2" minCyclomaticComplexity="1" />
          <FullName>Test.EnvVarsTest</FullName>
          <Methods>
            <Method visited="false" cyclomaticComplexity="1" sequenceCoverage="0" branchCoverage="0" isConstructor="false" isStatic="false" isGetter="false" isSetter="false">
              <Summary numSequencePoints="8" visitedSequencePoints="0" numBranchPoints="1" visitedBranchPoints="0" sequenceCoverage="0" branchCoverage="0" maxCyclomaticComplexity="1" minCyclomaticComplexity="1" />
              <MetadataToken>100663302</MetadataToken>
              <Name>System.Void Test.EnvVarsTest::test1()</Name>
              <FileRef uid="2" />
              <SequencePoints>
                <SequencePoint vc="0" uspid="15" ordinal="0" offset="0" sl="20" sc="23" el="20" ec="24" bec="0" bev="0" fileid="2" />
                <SequencePoint vc="0" uspid="16" ordinal="1" offset="1" sl="21" sc="4" el="25" ec="6" bec="0" bev="0" fileid="2" />
                <SequencePoint vc="0" uspid="17" ordinal="2" offset="45" sl="27" sc="4" el="27" ec="64" bec="0" bev="0" fileid="2" />
                <SequencePoint vc="0" uspid="18" ordinal="3" offset="56" sl="28" sc="4" el="28" ec="43" bec="0" bev="0" fileid="2" />
                <SequencePoint vc="0" uspid="19" ordinal="4" offset="73" sl="29" sc="4" el="29" ec="29" bec="0" bev="0" fileid="2" />
                <SequencePoint vc="0" uspid="20" ordinal="5" offset="85" sl="30" sc="4" el="37" ec="7" bec="0" bev="0" fileid="2" />
                <SequencePoint vc="0" uspid="21" ordinal="6" offset="104" sl="38" sc="4" el="38" ec="73" bec="0" bev="0" fileid="2" />
                <SequencePoint vc="0" uspid="22" ordinal="7" offset="121" sl="39" sc="3" el="39" ec="4" bec="0" bev="0" fileid="2" />
              </SequencePoints>
              <BranchPoints />
              <MethodPoint xsi:type="SequencePoint" vc="0" uspid="15" ordinal="0" offset="0" sl="20" sc="23" el="20" ec="24" bec="0" bev="0" fileid="2" />
            </Method>
            <Method visited="false" cyclomaticComplexity="1" sequenceCoverage="0" branchCoverage="0" isConstructor="false" isStatic="false" isGetter="false" isSetter="false">
              <Summary numSequencePoints="6" visitedSequencePoints="0" numBranchPoints="1" visitedBranchPoints="0" sequenceCoverage="0" branchCoverage="0" maxCyclomaticComplexity="1" minCyclomaticComplexity="1" />
              <MetadataToken>100663303</MetadataToken>
              <Name>System.Void Test.EnvVarsTest::test2()</Name>
              <FileRef uid="2" />
              <SequencePoints>
                <SequencePoint vc="0" uspid="23" ordinal="0" offset="0" sl="42" sc="23" el="42" ec="24" bec="0" bev="0" fileid="2" />
                <SequencePoint vc="0" uspid="24" ordinal="1" offset="1" sl="44" sc="4" el="44" ec="29" bec="0" bev="0" fileid="2" />
                <SequencePoint vc="0" uspid="25" ordinal="2" offset="12" sl="45" sc="4" el="45" ec="43" bec="0" bev="0" fileid="2" />
                <SequencePoint vc="0" uspid="26" ordinal="3" offset="29" sl="46" sc="4" el="46" ec="62" bec="0" bev="0" fileid="2" />
                <SequencePoint vc="0" uspid="27" ordinal="4" offset="51" sl="47" sc="4" el="47" ec="42" bec="0" bev="0" fileid="2" />
                <SequencePoint vc="0" uspid="28" ordinal="5" offset="68" sl="48" sc="3" el="48" ec="4" bec="0" bev="0" fileid="2" />
              </SequencePoints>
              <BranchPoints />
              <MethodPoint xsi:type="SequencePoint" vc="0" uspid="23" ordinal="0" offset="0" sl="42" sc="23" el="42" ec="24" bec="0" bev="0" fileid="2" />
            </Method>
            <Method visited="false" cyclomaticComplexity="1" sequenceCoverage="0" branchCoverage="0" isConstructor="false" isStatic="false" isGetter="false" isSetter="false">
              <Summary numSequencePoints="10" visitedSequencePoints="0" numBranchPoints="1" visitedBranchPoints="0" sequenceCoverage="0" branchCoverage="0" maxCyclomaticComplexity="1" minCyclomaticComplexity="1" />
              <MetadataToken>100663304</MetadataToken>
              <Name>System.Void Test.EnvVarsTest::test3()</Name>
              <FileRef uid="2" />
              <SequencePoints>
                <SequencePoint vc="0" uspid="29" ordinal="0" offset="0" sl="51" sc="23" el="51" ec="24" bec="0" bev="0" fileid="2" />
                <SequencePoint vc="0" uspid="30" ordinal="1" offset="1" sl="53" sc="4" el="53" ec="27" bec="0" bev="0" fileid="2" />
                <SequencePoint vc="0" uspid="31" ordinal="2" offset="7" sl="54" sc="4" el="54" ec="86" bec="0" bev="0" fileid="2" />
                <SequencePoint vc="0" uspid="32" ordinal="3" offset="20" sl="55" sc="4" el="55" ec="48" bec="0" bev="0" fileid="2" />
                <SequencePoint vc="0" uspid="33" ordinal="4" offset="37" sl="57" sc="4" el="57" ec="43" bec="0" bev="0" fileid="2" />
                <SequencePoint vc="0" uspid="34" ordinal="5" offset="54" sl="58" sc="4" el="58" ec="41" bec="0" bev="0" fileid="2" />
                <SequencePoint vc="0" uspid="35" ordinal="6" offset="76" sl="59" sc="4" el="59" ec="29" bec="0" bev="0" fileid="2" />
                <SequencePoint vc="0" uspid="36" ordinal="7" offset="88" sl="61" sc="4" el="61" ec="85" bec="0" bev="0" fileid="2" />
                <SequencePoint vc="0" uspid="37" ordinal="8" offset="101" sl="62" sc="4" el="62" ec="41" bec="0" bev="0" fileid="2" />
                <SequencePoint vc="0" uspid="38" ordinal="9" offset="119" sl="63" sc="3" el="63" ec="4" bec="0" bev="0" fileid="2" />
              </SequencePoints>
              <BranchPoints />
              <MethodPoint xsi:type="SequencePoint" vc="0" uspid="29" ordinal="0" offset="0" sl="51" sc="23" el="51" ec="24" bec="0" bev="0" fileid="2" />
            </Method>
            <Method visited="false" cyclomaticComplexity="1" sequenceCoverage="0" branchCoverage="0" isConstructor="true" isStatic="false" isGetter="false" isSetter="false">
              <Summary numSequencePoints="3" visitedSequencePoints="0" numBranchPoints="1" visitedBranchPoints="0" sequenceCoverage="0" branchCoverage="0" maxCyclomaticComplexity="1" minCyclomaticComplexity="1" />
              <MetadataToken>100663305</MetadataToken>
              <Name>System.Void Test.EnvVarsTest::.ctor()</Name>
              <FileRef uid="2" />
              <SequencePoints>
                <SequencePoint vc="0" uspid="39" ordinal="0" offset="0" sl="15" sc="3" el="15" ec="30" bec="0" bev="0" fileid="2" />
                <SequencePoint vc="0" uspid="40" ordinal="1" offset="7" sl="16" sc="3" el="16" ec="31" bec="0" bev="0" fileid="2" />
                <SequencePoint vc="0" uspid="41" ordinal="2" offset="14" sl="17" sc="3" el="17" ec="30" bec="0" bev="0" fileid="2" />
              </SequencePoints>
              <BranchPoints />
              <MethodPoint xsi:type="SequencePoint" vc="0" uspid="39" ordinal="0" offset="0" sl="15" sc="3" el="15" ec="30" bec="0" bev="0" fileid="2" />
            </Method>
            <Method visited="false" cyclomaticComplexity="2" sequenceCoverage="0" branchCoverage="0" isConstructor="false" isStatic="false" isGetter="false" isSetter="false">
              <Summary numSequencePoints="6" visitedSequencePoints="0" numBranchPoints="3" visitedBranchPoints="0" sequenceCoverage="0" branchCoverage="0" maxCyclomaticComplexity="2" minCyclomaticComplexity="2" />
              <MetadataToken>100663306</MetadataToken>
              <Name>System.Void Test.EnvVarsTest::&lt;test1&gt;b__1(System.String)</Name>
              <FileRef uid="2" />
              <SequencePoints>
                <SequencePoint vc="0" uspid="42" ordinal="0" offset="0" sl="30" sc="34" el="30" ec="35" bec="0" bev="0" fileid="2" />
                <SequencePoint vc="0" uspid="43" ordinal="1" offset="1" sl="32" sc="5" el="32" ec="86" bec="0" bev="0" fileid="2" />
                <SequencePoint vc="0" uspid="44" ordinal="2" offset="14" sl="33" sc="5" el="33" ec="23" bec="2" bev="0" fileid="2" />
                <SequencePoint vc="0" uspid="45" ordinal="3" offset="30" sl="34" sc="6" el="34" ec="90" bec="0" bev="0" fileid="2" />
                <SequencePoint vc="0" uspid="46" ordinal="4" offset="43" sl="35" sc="5" el="35" ec="74" bec="0" bev="0" fileid="2" />
                <SequencePoint vc="0" uspid="47" ordinal="5" offset="66" sl="36" sc="5" el="36" ec="42" bec="0" bev="0" fileid="2" />
              </SequencePoints>
              <BranchPoints>
                <BranchPoint vc="0" uspid="48" ordinal="0" offset="28" path="0" offsetchain="" offsetend="30" />
                <BranchPoint vc="0" uspid="49" ordinal="1" offset="28" path="1" offsetchain="" offsetend="43" />
              </BranchPoints>
              <MethodPoint xsi:type="SequencePoint" vc="0" uspid="42" ordinal="0" offset="0" sl="30" sc="34" el="30" ec="35" bec="0" bev="0" fileid="2" />
            </Method>
          </Methods>
        </Class>
      </Classes>
    </Module>
    <Module skippedDueTo="MissingPdb" hash="A2-D0-DB-C9-20-FB-37-90-D4-D6-25-E5-C4-7B-E0-42-CA-32-C0-51">
      <FullName>C:\Users\kouzm\AppData\Local\Temp\nunit20\ShadowCopyCache\26072_639224679123607263\Tests_213356046\assembly\dl3\90a3edd7\dc2fe03e_7c2ddd01\nunit.framework.dll</FullName>
      <ModuleName>nunit.framework</ModuleName>
      <Classes />
    </Module>
    <Module hash="4D-97-A0-2C-5D-3B-2F-67-D3-31-DE-16-C8-66-8A-B6-1D-36-0E-79">
      <Summary numSequencePoints="111" visitedSequencePoints="10" numBranchPoints="58" visitedBranchPoints="4" sequenceCoverage="9.01" branchCoverage="6.90" maxCyclomaticComplexity="7" minCyclomaticComplexity="1" />
      <FullName>C:\Users\kouzm\AppData\Local\Temp\nunit20\ShadowCopyCache\26072_639224679123607263\Tests_213356046\assembly\dl3\119f4967\9c42e093_7e2ddd01\Utils.dll</FullName>
      <ModuleName>Utils</ModuleName>
      <Files>
        <File uid="5" fullPath="c:\developer\sergueik\powershell_samples\external\csharp\basic-renamer\Utils\Configuration.cs" />
        <File uid="8" fullPath="c:\developer\sergueik\powershell_samples\external\csharp\basic-renamer\Utils\EnvVars.cs" />
        <File uid="9" fullPath="c:\developer\sergueik\powershell_samples\external\csharp\basic-renamer\Utils\Extensions.cs" />
      </Files>
      <Classes>
        <Class>
          <Summary numSequencePoints="0" visitedSequencePoints="0" numBranchPoints="0" visitedBranchPoints="0" sequenceCoverage="0" branchCoverage="0" maxCyclomaticComplexity="0" minCyclomaticComplexity="0" />
          <FullName>&lt;Module&gt;</FullName>
          <Methods />
        </Class>
        <Class>
          <Summary numSequencePoints="10" visitedSequencePoints="0" numBranchPoints="3" visitedBranchPoints="0" sequenceCoverage="0" branchCoverage="0" maxCyclomaticComplexity="1" minCyclomaticComplexity="1" />
          <FullName>Utils.CustomSettingElement</FullName>
          <Methods>
            <Method visited="false" cyclomaticComplexity="1" sequenceCoverage="0" branchCoverage="0" isConstructor="false" isStatic="false" isGetter="true" isSetter="false">
              <Summary numSequencePoints="3" visitedSequencePoints="0" numBranchPoints="1" visitedBranchPoints="0" sequenceCoverage="0" branchCoverage="0" maxCyclomaticComplexity="1" minCyclomaticComplexity="1" />
              <MetadataToken>100663297</MetadataToken>
              <Name>System.String Utils.CustomSettingElement::get_Name()</Name>
              <FileRef uid="5" />
              <SequencePoints>
                <SequencePoint vc="0" uspid="50" ordinal="0" offset="0" sl="9" sc="17" el="9" ec="18" bec="0" bev="0" fileid="5" />
                <SequencePoint vc="0" uspid="51" ordinal="1" offset="1" sl="9" sc="19" el="9" ec="47" bec="0" bev="0" fileid="5" />
                <SequencePoint vc="0" uspid="52" ordinal="2" offset="20" sl="9" sc="48" el="9" ec="49" bec="0" bev="0" fileid="5" />
              </SequencePoints>
              <BranchPoints />
              <MethodPoint xsi:type="SequencePoint" vc="0" uspid="50" ordinal="0" offset="0" sl="9" sc="17" el="9" ec="18" bec="0" bev="0" fileid="5" />
            </Method>
            <Method visited="false" cyclomaticComplexity="1" sequenceCoverage="0" branchCoverage="0" isConstructor="false" isStatic="false" isGetter="false" isSetter="true">
              <Summary numSequencePoints="3" visitedSequencePoints="0" numBranchPoints="1" visitedBranchPoints="0" sequenceCoverage="0" branchCoverage="0" maxCyclomaticComplexity="1" minCyclomaticComplexity="1" />
              <MetadataToken>100663298</MetadataToken>
              <Name>System.Void Utils.CustomSettingElement::set_Name(System.String)</Name>
              <FileRef uid="5" />
              <SequencePoints>
                <SequencePoint vc="0" uspid="53" ordinal="0" offset="0" sl="10" sc="17" el="10" ec="18" bec="0" bev="0" fileid="5" />
                <SequencePoint vc="0" uspid="54" ordinal="1" offset="1" sl="10" sc="19" el="10" ec="40" bec="0" bev="0" fileid="5" />
                <SequencePoint vc="0" uspid="55" ordinal="2" offset="14" sl="10" sc="41" el="10" ec="42" bec="0" bev="0" fileid="5" />
              </SequencePoints>
              <BranchPoints />
              <MethodPoint xsi:type="SequencePoint" vc="0" uspid="53" ordinal="0" offset="0" sl="10" sc="17" el="10" ec="18" bec="0" bev="0" fileid="5" />
            </Method>
            <Method visited="false" cyclomaticComplexity="1" sequenceCoverage="0" branchCoverage="0" isConstructor="false" isStatic="false" isGetter="true" isSetter="false">
              <Summary numSequencePoints="0" visitedSequencePoints="0" numBranchPoints="0" visitedBranchPoints="0" sequenceCoverage="0" branchCoverage="0" maxCyclomaticComplexity="1" minCyclomaticComplexity="1" />
              <MetadataToken>100663299</MetadataToken>
              <Name>System.String Utils.CustomSettingElement::get_Text()</Name>
              <SequencePoints />
              <BranchPoints />
              <MethodPoint vc="0" uspid="56" ordinal="0" offset="0" />
            </Method>
            <Method visited="false" cyclomaticComplexity="1" sequenceCoverage="0" branchCoverage="0" isConstructor="false" isStatic="false" isGetter="false" isSetter="true">
              <Summary numSequencePoints="0" visitedSequencePoints="0" numBranchPoints="0" visitedBranchPoints="0" sequenceCoverage="0" branchCoverage="0" maxCyclomaticComplexity="1" minCyclomaticComplexity="1" />
              <MetadataToken>100663300</MetadataToken>
              <Name>System.Void Utils.CustomSettingElement::set_Text(System.String)</Name>
              <SequencePoints />
              <BranchPoints />
              <MethodPoint vc="0" uspid="57" ordinal="0" offset="0" />
            </Method>
            <Method visited="false" cyclomaticComplexity="1" sequenceCoverage="0" branchCoverage="0" isConstructor="false" isStatic="false" isGetter="false" isSetter="false">
              <Summary numSequencePoints="4" visitedSequencePoints="0" numBranchPoints="1" visitedBranchPoints="0" sequenceCoverage="0" branchCoverage="0" maxCyclomaticComplexity="1" minCyclomaticComplexity="1" />
              <MetadataToken>100663301</MetadataToken>
              <Name>System.Void Utils.CustomSettingElement::DeserializeElement(System.Xml.XmlReader,System.Boolean)</Name>
              <FileRef uid="5" />
              <SequencePoints>
                <SequencePoint vc="0" uspid="58" ordinal="0" offset="0" sl="15" sc="99" el="15" ec="100" bec="0" bev="0" fileid="5" />
                <SequencePoint vc="0" uspid="59" ordinal="1" offset="1" sl="16" sc="13" el="16" ec="35" bec="0" bev="0" fileid="5" />
                <SequencePoint vc="0" uspid="60" ordinal="2" offset="19" sl="17" sc="13" el="17" ec="56" bec="0" bev="0" fileid="5" />
                <SequencePoint vc="0" uspid="61" ordinal="3" offset="32" sl="18" sc="9" el="18" ec="10" bec="0" bev="0" fileid="5" />
              </SequencePoints>
              <BranchPoints />
              <MethodPoint xsi:type="SequencePoint" vc="0" uspid="58" ordinal="0" offset="0" sl="15" sc="99" el="15" ec="100" bec="0" bev="0" fileid="5" />
            </Method>
            <Method visited="false" cyclomaticComplexity="1" sequenceCoverage="0" branchCoverage="0" isConstructor="true" isStatic="false" isGetter="false" isSetter="false">
              <Summary numSequencePoints="0" visitedSequencePoints="0" numBranchPoints="0" visitedBranchPoints="0" sequenceCoverage="0" branchCoverage="0" maxCyclomaticComplexity="1" minCyclomaticComplexity="1" />
              <MetadataToken>100663302</MetadataToken>
              <Name>System.Void Utils.CustomSettingElement::.ctor()</Name>
              <SequencePoints />
              <BranchPoints />
              <MethodPoint vc="0" uspid="62" ordinal="0" offset="0" />
            </Method>
          </Methods>
        </Class>
        <Class>
          <Summary numSequencePoints="9" visitedSequencePoints="0" numBranchPoints="3" visitedBranchPoints="0" sequenceCoverage="0" branchCoverage="0" maxCyclomaticComplexity="1" minCyclomaticComplexity="1" />
          <FullName>Utils.CustomSettingCollection</FullName>
          <Methods>
            <Method visited="false" cyclomaticComplexity="1" sequenceCoverage="0" branchCoverage="0" isConstructor="false" isStatic="false" isGetter="true" isSetter="false">
              <Summary numSequencePoints="3" visitedSequencePoints="0" numBranchPoints="1" visitedBranchPoints="0" sequenceCoverage="0" branchCoverage="0" maxCyclomaticComplexity="1" minCyclomaticComplexity="1" />
              <MetadataToken>100663305</MetadataToken>
              <Name>Utils.CustomSettingElement Utils.CustomSettingCollection::get_Item(System.Int32)</Name>
              <FileRef uid="5" />
              <SequencePoints>
                <SequencePoint vc="0" uspid="63" ordinal="0" offset="0" sl="32" sc="11" el="32" ec="12" bec="0" bev="0" fileid="5" />
                <SequencePoint vc="0" uspid="64" ordinal="1" offset="1" sl="32" sc="13" el="32" ec="58" bec="0" bev="0" fileid="5" />
                <SequencePoint vc="0" uspid="65" ordinal="2" offset="16" sl="32" sc="58" el="32" ec="59" bec="0" bev="0" fileid="5" />
              </SequencePoints>
              <BranchPoints />
              <MethodPoint xsi:type="SequencePoint" vc="0" uspid="63" ordinal="0" offset="0" sl="32" sc="11" el="32" ec="12" bec="0" bev="0" fileid="5" />
            </Method>
            <Method visited="false" cyclomaticComplexity="1" sequenceCoverage="0" branchCoverage="0" isConstructor="false" isStatic="false" isGetter="false" isSetter="false">
              <Summary numSequencePoints="3" visitedSequencePoints="0" numBranchPoints="1" visitedBranchPoints="0" sequenceCoverage="0" branchCoverage="0" maxCyclomaticComplexity="1" minCyclomaticComplexity="1" />
              <MetadataToken>100663303</MetadataToken>
              <Name>System.Configuration.ConfigurationElement Utils.CustomSettingCollection::CreateNewElement()</Name>
              <FileRef uid="5" />
              <SequencePoints>
                <SequencePoint vc="0" uspid="66" ordinal="0" offset="0" sl="23" sc="68" el="23" ec="69" bec="0" bev="0" fileid="5" />
                <SequencePoint vc="0" uspid="67" ordinal="1" offset="1" sl="24" sc="13" el="24" ec="47" bec="0" bev="0" fileid="5" />
                <SequencePoint vc="0" uspid="68" ordinal="2" offset="9" sl="25" sc="9" el="25" ec="10" bec="0" bev="0" fileid="5" />
              </SequencePoints>
              <BranchPoints />
              <MethodPoint xsi:type="SequencePoint" vc="0" uspid="66" ordinal="0" offset="0" sl="23" sc="68" el="23" ec="69" bec="0" bev="0" fileid="5" />
            </Method>
            <Method visited="false" cyclomaticComplexity="1" sequenceCoverage="0" branchCoverage="0" isConstructor="false" isStatic="false" isGetter="false" isSetter="false">
              <Summary numSequencePoints="3" visitedSequencePoints="0" numBranchPoints="1" visitedBranchPoints="0" sequenceCoverage="0" branchCoverage="0" maxCyclomaticComplexity="1" minCyclomaticComplexity="1" />
              <MetadataToken>100663304</MetadataToken>
              <Name>System.Object Utils.CustomSettingCollection::GetElementKey(System.Configuration.ConfigurationElement)</Name>
              <FileRef uid="5" />
              <SequencePoints>
                <SequencePoint vc="0" uspid="69" ordinal="0" offset="0" sl="27" sc="79" el="27" ec="80" bec="0" bev="0" fileid="5" />
                <SequencePoint vc="0" uspid="70" ordinal="1" offset="1" sl="28" sc="13" el="28" ec="57" bec="0" bev="0" fileid="5" />
                <SequencePoint vc="0" uspid="71" ordinal="2" offset="15" sl="29" sc="9" el="29" ec="10" bec="0" bev="0" fileid="5" />
              </SequencePoints>
              <BranchPoints />
              <MethodPoint xsi:type="SequencePoint" vc="0" uspid="69" ordinal="0" offset="0" sl="27" sc="79" el="27" ec="80" bec="0" bev="0" fileid="5" />
            </Method>
            <Method visited="false" cyclomaticComplexity="1" sequenceCoverage="0" branchCoverage="0" isConstructor="true" isStatic="false" isGetter="false" isSetter="false">
              <Summary numSequencePoints="0" visitedSequencePoints="0" numBranchPoints="0" visitedBranchPoints="0" sequenceCoverage="0" branchCoverage="0" maxCyclomaticComplexity="1" minCyclomaticComplexity="1" />
              <MetadataToken>100663306</MetadataToken>
              <Name>System.Void Utils.CustomSettingCollection::.ctor()</Name>
              <SequencePoints />
              <BranchPoints />
              <MethodPoint vc="0" uspid="72" ordinal="0" offset="0" />
            </Method>
          </Methods>
        </Class>
        <Class>
          <Summary numSequencePoints="3" visitedSequencePoints="0" numBranchPoints="1" visitedBranchPoints="0" sequenceCoverage="0" branchCoverage="0" maxCyclomaticComplexity="1" minCyclomaticComplexity="1" />
          <FullName>Utils.CustomSettingsSection</FullName>
          <Methods>
            <Method visited="false" cyclomaticComplexity="1" sequenceCoverage="0" branchCoverage="0" isConstructor="false" isStatic="false" isGetter="true" isSetter="false">
              <Summary numSequencePoints="3" visitedSequencePoints="0" numBranchPoints="1" visitedBranchPoints="0" sequenceCoverage="0" branchCoverage="0" maxCyclomaticComplexity="1" minCyclomaticComplexity="1" />
              <MetadataToken>100663307</MetadataToken>
              <Name>Utils.CustomSettingCollection Utils.CustomSettingsSection::get_Settings()</Name>
              <FileRef uid="5" />
              <SequencePoints>
                <SequencePoint vc="0" uspid="73" ordinal="0" offset="0" sl="38" sc="17" el="38" ec="18" bec="0" bev="0" fileid="5" />
                <SequencePoint vc="0" uspid="74" ordinal="1" offset="1" sl="38" sc="19" el="38" ec="60" bec="0" bev="0" fileid="5" />
                <SequencePoint vc="0" uspid="75" ordinal="2" offset="20" sl="38" sc="61" el="38" ec="62" bec="0" bev="0" fileid="5" />
              </SequencePoints>
              <BranchPoints />
              <MethodPoint xsi:type="SequencePoint" vc="0" uspid="73" ordinal="0" offset="0" sl="38" sc="17" el="38" ec="18" bec="0" bev="0" fileid="5" />
            </Method>
            <Method visited="false" cyclomaticComplexity="1" sequenceCoverage="0" branchCoverage="0" isConstructor="true" isStatic="false" isGetter="false" isSetter="false">
              <Summary numSequencePoints="0" visitedSequencePoints="0" numBranchPoints="0" visitedBranchPoints="0" sequenceCoverage="0" branchCoverage="0" maxCyclomaticComplexity="1" minCyclomaticComplexity="1" />
              <MetadataToken>100663308</MetadataToken>
              <Name>System.Void Utils.CustomSettingsSection::.ctor()</Name>
              <SequencePoints />
              <BranchPoints />
              <MethodPoint vc="0" uspid="76" ordinal="0" offset="0" />
            </Method>
          </Methods>
        </Class>
        <Class>
          <Summary numSequencePoints="12" visitedSequencePoints="0" numBranchPoints="13" visitedBranchPoints="0" sequenceCoverage="0" branchCoverage="0" maxCyclomaticComplexity="5" minCyclomaticComplexity="1" />
          <FullName>Utils.EnvVars</FullName>
          <Methods>
            <Method visited="false" cyclomaticComplexity="3" sequenceCoverage="0" branchCoverage="0" isConstructor="false" isStatic="true" isGetter="false" isSetter="false">
              <Summary numSequencePoints="5" visitedSequencePoints="0" numBranchPoints="5" visitedBranchPoints="0" sequenceCoverage="0" branchCoverage="0" maxCyclomaticComplexity="3" minCyclomaticComplexity="3" />
              <MetadataToken>100663309</MetadataToken>
              <Name>System.String Utils.EnvVars::ResolveEnvVars(System.String)</Name>
              <FileRef uid="8" />
              <SequencePoints>
                <SequencePoint vc="0" uspid="77" ordinal="0" offset="0" sl="15" sc="53" el="15" ec="54" bec="0" bev="0" fileid="8" />
                <SequencePoint vc="0" uspid="78" ordinal="1" offset="1" sl="16" sc="4" el="16" ec="22" bec="2" bev="0" fileid="8" />
                <SequencePoint vc="0" uspid="79" ordinal="2" offset="12" sl="17" sc="5" el="17" ec="17" bec="0" bev="0" fileid="8" />
                <SequencePoint vc="0" uspid="80" ordinal="3" offset="16" sl="19" sc="4" el="28" ec="7" bec="2" bev="0" fileid="8" />
                <SequencePoint vc="0" uspid="81" ordinal="4" offset="61" sl="29" sc="3" el="29" ec="4" bec="0" bev="0" fileid="8" />
              </SequencePoints>
              <BranchPoints>
                <BranchPoint vc="0" uspid="82" ordinal="0" offset="10" path="0" offsetchain="" offsetend="12" />
                <BranchPoint vc="0" uspid="83" ordinal="1" offset="10" path="1" offsetchain="" offsetend="16" />
                <BranchPoint vc="0" uspid="84" ordinal="2" offset="27" path="0" offsetchain="" offsetend="29" />
                <BranchPoint vc="0" uspid="85" ordinal="3" offset="27" path="1" offsetchain="" offsetend="48" />
              </BranchPoints>
              <MethodPoint xsi:type="SequencePoint" vc="0" uspid="77" ordinal="0" offset="0" sl="15" sc="53" el="15" ec="54" bec="0" bev="0" fileid="8" />
            </Method>
            <Method visited="false" cyclomaticComplexity="1" sequenceCoverage="0" branchCoverage="0" isConstructor="true" isStatic="false" isGetter="false" isSetter="false">
              <Summary numSequencePoints="0" visitedSequencePoints="0" numBranchPoints="0" visitedBranchPoints="0" sequenceCoverage="0" branchCoverage="0" maxCyclomaticComplexity="1" minCyclomaticComplexity="1" />
              <MetadataToken>100663310</MetadataToken>
              <Name>System.Void Utils.EnvVars::.ctor()</Name>
              <SequencePoints />
              <BranchPoints />
              <MethodPoint vc="0" uspid="86" ordinal="0" offset="0" />
            </Method>
            <Method visited="false" cyclomaticComplexity="5" sequenceCoverage="0" branchCoverage="0" isConstructor="false" isStatic="true" isGetter="false" isSetter="false">
              <Summary numSequencePoints="6" visitedSequencePoints="0" numBranchPoints="7" visitedBranchPoints="0" sequenceCoverage="0" branchCoverage="0" maxCyclomaticComplexity="5" minCyclomaticComplexity="5" />
              <MetadataToken>100663311</MetadataToken>
              <Name>System.String Utils.EnvVars::&lt;ResolveEnvVars&gt;b__0(System.Text.RegularExpressions.Match)</Name>
              <FileRef uid="8" />
              <SequencePoints>
                <SequencePoint vc="0" uspid="87" ordinal="0" offset="0" sl="19" sc="49" el="19" ec="50" bec="0" bev="0" fileid="8" />
                <SequencePoint vc="0" uspid="88" ordinal="1" offset="1" sl="20" sc="5" el="22" ec="45" bec="2" bev="0" fileid="8" />
                <SequencePoint vc="0" uspid="89" ordinal="2" offset="58" sl="24" sc="5" el="24" ec="98" bec="0" bev="0" fileid="8" />
                <SequencePoint vc="0" uspid="90" ordinal="3" offset="66" sl="25" sc="5" el="25" ec="23" bec="2" bev="0" fileid="8" />
                <SequencePoint vc="0" uspid="91" ordinal="4" offset="77" sl="26" sc="6" el="26" ec="96" bec="0" bev="0" fileid="8" />
                <SequencePoint vc="0" uspid="92" ordinal="5" offset="85" sl="27" sc="5" el="27" ec="49" bec="2" bev="0" fileid="8" />
              </SequencePoints>
              <BranchPoints>
                <BranchPoint vc="0" uspid="93" ordinal="0" offset="18" path="0" offsetchain="" offsetend="20" />
                <BranchPoint vc="0" uspid="94" ordinal="1" offset="18" path="1" offsetchain="" offsetend="39" />
                <BranchPoint vc="0" uspid="95" ordinal="2" offset="75" path="0" offsetchain="" offsetend="77" />
                <BranchPoint vc="0" uspid="96" ordinal="3" offset="75" path="1" offsetchain="" offsetend="85" />
                <BranchPoint vc="0" uspid="97" ordinal="4" offset="86" path="0" offsetchain="" offsetend="88" />
                <BranchPoint vc="0" uspid="98" ordinal="5" offset="86" path="1" offsetchain="" offsetend="91" />
              </BranchPoints>
              <MethodPoint xsi:type="SequencePoint" vc="0" uspid="87" ordinal="0" offset="0" sl="19" sc="49" el="19" ec="50" bec="0" bev="0" fileid="8" />
            </Method>
            <Method visited="false" cyclomaticComplexity="1" sequenceCoverage="0" branchCoverage="0" isConstructor="true" isStatic="true" isGetter="false" isSetter="false">
              <Summary numSequencePoints="1" visitedSequencePoints="0" numBranchPoints="1" visitedBranchPoints="0" sequenceCoverage="0" branchCoverage="0" maxCyclomaticComplexity="1" minCyclomaticComplexity="1" />
              <MetadataToken>100663312</MetadataToken>
              <Name>System.Void Utils.EnvVars::.cctor()</Name>
              <FileRef uid="8" />
              <SequencePoints>
                <SequencePoint vc="0" uspid="99" ordinal="0" offset="0" sl="11" sc="3" el="13" ec="66" bec="0" bev="0" fileid="8" />
              </SequencePoints>
              <BranchPoints />
              <MethodPoint xsi:type="SequencePoint" vc="0" uspid="99" ordinal="0" offset="0" sl="11" sc="3" el="13" ec="66" bec="0" bev="0" fileid="8" />
            </Method>
          </Methods>
        </Class>
        <Class>
          <Summary numSequencePoints="77" visitedSequencePoints="10" numBranchPoints="38" visitedBranchPoints="4" sequenceCoverage="12.99" branchCoverage="10.53" maxCyclomaticComplexity="7" minCyclomaticComplexity="1" />
          <FullName>Utils.Extensions</FullName>
          <Methods>
            <Method visited="false" cyclomaticComplexity="7" sequenceCoverage="0" branchCoverage="0" isConstructor="false" isStatic="true" isGetter="false" isSetter="false">
              <Summary numSequencePoints="25" visitedSequencePoints="0" numBranchPoints="13" visitedBranchPoints="0" sequenceCoverage="0" branchCoverage="0" maxCyclomaticComplexity="7" minCyclomaticComplexity="7" />
              <MetadataToken>100663313</MetadataToken>
              <Name>System.String Utils.Extensions::FindMatch(System.String,System.String,System.String)</Name>
              <FileRef uid="9" />
              <SequencePoints>
                <SequencePoint vc="0" uspid="100" ordinal="0" offset="0" sl="18" sc="3" el="18" ec="4" bec="0" bev="0" fileid="9" />
                <SequencePoint vc="0" uspid="101" ordinal="1" offset="1" sl="19" sc="4" el="19" ec="18" bec="0" bev="0" fileid="9" />
                <SequencePoint vc="0" uspid="102" ordinal="2" offset="7" sl="20" sc="4" el="20" ec="85" bec="0" bev="0" fileid="9" />
                <SequencePoint vc="0" uspid="103" ordinal="3" offset="20" sl="21" sc="4" el="21" ec="34" bec="0" bev="0" fileid="9" />
                <SequencePoint vc="0" uspid="104" ordinal="4" offset="36" sl="22" sc="4" el="22" ec="11" bec="0" bev="0" fileid="9" />
                <SequencePoint vc="0" uspid="105" ordinal="5" offset="37" sl="22" sc="28" el="22" ec="35" bec="0" bev="0" fileid="9" />
                <SequencePoint vc="0" uspid="106" ordinal="6" offset="53" sl="22" sc="13" el="22" ec="24" bec="0" bev="0" fileid="9" />
                <SequencePoint vc="0" uspid="107" ordinal="7" offset="65" sl="22" sc="37" el="22" ec="38" bec="0" bev="0" fileid="9" />
                <SequencePoint vc="0" uspid="108" ordinal="8" offset="66" sl="23" sc="5" el="23" ec="27" bec="2" bev="0" fileid="9" />
                <SequencePoint vc="0" uspid="109" ordinal="9" offset="81" sl="23" sc="28" el="23" ec="29" bec="0" bev="0" fileid="9" />
                <SequencePoint vc="0" uspid="110" ordinal="10" offset="82" sl="24" sc="6" el="24" ec="13" bec="0" bev="0" fileid="9" />
                <SequencePoint vc="0" uspid="111" ordinal="11" offset="83" sl="24" sc="34" el="24" ec="65" bec="0" bev="0" fileid="9" />
                <SequencePoint vc="0" uspid="112" ordinal="12" offset="109" sl="24" sc="15" el="24" ec="30" bec="0" bev="0" fileid="9" />
                <SequencePoint vc="0" uspid="113" ordinal="13" offset="122" sl="24" sc="67" el="24" ec="68" bec="0" bev="0" fileid="9" />
                <SequencePoint vc="0" uspid="114" ordinal="14" offset="123" sl="25" sc="7" el="25" ec="26" bec="2" bev="0" fileid="9" />
                <SequencePoint vc="0" uspid="115" ordinal="15" offset="140" sl="25" sc="27" el="25" ec="28" bec="0" bev="0" fileid="9" />
                <SequencePoint vc="0" uspid="116" ordinal="16" offset="141" sl="26" sc="8" el="26" ec="36" bec="0" bev="0" fileid="9" />
                <SequencePoint vc="0" uspid="117" ordinal="17" offset="152" sl="27" sc="7" el="27" ec="8" bec="0" bev="0" fileid="9" />
                <SequencePoint vc="0" uspid="118" ordinal="18" offset="153" sl="28" sc="6" el="28" ec="7" bec="0" bev="0" fileid="9" />
                <SequencePoint vc="0" uspid="119" ordinal="19" offset="154" sl="24" sc="31" el="24" ec="33" bec="4" bev="0" fileid="9" />
                <SequencePoint vc="0" uspid="120" ordinal="20" offset="199" sl="29" sc="5" el="29" ec="6" bec="0" bev="0" fileid="9" />
                <SequencePoint vc="0" uspid="121" ordinal="21" offset="200" sl="30" sc="4" el="30" ec="5" bec="0" bev="0" fileid="9" />
                <SequencePoint vc="0" uspid="122" ordinal="22" offset="201" sl="22" sc="25" el="22" ec="27" bec="4" bev="0" fileid="9" />
                <SequencePoint vc="0" uspid="123" ordinal="23" offset="247" sl="31" sc="4" el="31" ec="18" bec="0" bev="0" fileid="9" />
                <SequencePoint vc="0" uspid="124" ordinal="24" offset="255" sl="32" sc="3" el="32" ec="4" bec="0" bev="0" fileid="9" />
              </SequencePoints>
              <BranchPoints>
                <BranchPoint vc="0" uspid="125" ordinal="0" offset="79" path="0" offsetchain="" offsetend="81" />
                <BranchPoint vc="0" uspid="126" ordinal="1" offset="79" path="1" offsetchain="" offsetend="200" />
                <BranchPoint vc="0" uspid="127" ordinal="2" offset="138" path="0" offsetchain="" offsetend="140" />
                <BranchPoint vc="0" uspid="128" ordinal="3" offset="138" path="1" offsetchain="" offsetend="153" />
                <BranchPoint vc="0" uspid="129" ordinal="4" offset="165" path="0" offsetchain="" offsetend="167" />
                <BranchPoint vc="0" uspid="130" ordinal="5" offset="165" path="1" offsetchain="" offsetend="109" />
                <BranchPoint vc="0" uspid="131" ordinal="6" offset="187" path="0" offsetchain="" offsetend="189" />
                <BranchPoint vc="0" uspid="132" ordinal="7" offset="187" path="1" offsetchain="" offsetend="197" />
                <BranchPoint vc="0" uspid="133" ordinal="8" offset="211" path="0" offsetchain="" offsetend="216" />
                <BranchPoint vc="0" uspid="134" ordinal="9" offset="211" path="1" offsetchain="" offsetend="53" />
                <BranchPoint vc="0" uspid="135" ordinal="10" offset="235" path="0" offsetchain="" offsetend="237" />
                <BranchPoint vc="0" uspid="136" ordinal="11" offset="235" path="1" offsetchain="" offsetend="245" />
              </BranchPoints>
              <MethodPoint xsi:type="SequencePoint" vc="0" uspid="100" ordinal="0" offset="0" sl="18" sc="3" el="18" ec="4" bec="0" bev="0" fileid="9" />
            </Method>
            <Method visited="false" cyclomaticComplexity="7" sequenceCoverage="0" branchCoverage="0" isConstructor="false" isStatic="true" isGetter="false" isSetter="false">
              <Summary numSequencePoints="26" visitedSequencePoints="0" numBranchPoints="13" visitedBranchPoints="0" sequenceCoverage="0" branchCoverage="0" maxCyclomaticComplexity="7" minCyclomaticComplexity="7" />
              <MetadataToken>100663314</MetadataToken>
              <Name>System.String Utils.Extensions::FindMatch(System.String,System.String)</Name>
              <FileRef uid="9" />
              <SequencePoints>
                <SequencePoint vc="0" uspid="137" ordinal="0" offset="0" sl="35" sc="3" el="35" ec="4" bec="0" bev="0" fileid="9" />
                <SequencePoint vc="0" uspid="138" ordinal="1" offset="1" sl="36" sc="4" el="36" ec="86" bec="0" bev="0" fileid="9" />
                <SequencePoint vc="0" uspid="139" ordinal="2" offset="18" sl="37" sc="4" el="37" ec="18" bec="0" bev="0" fileid="9" />
                <SequencePoint vc="0" uspid="140" ordinal="3" offset="24" sl="38" sc="4" el="40" ec="6" bec="0" bev="0" fileid="9" />
                <SequencePoint vc="0" uspid="141" ordinal="4" offset="37" sl="41" sc="4" el="41" ec="34" bec="0" bev="0" fileid="9" />
                <SequencePoint vc="0" uspid="142" ordinal="5" offset="53" sl="42" sc="4" el="42" ec="11" bec="0" bev="0" fileid="9" />
                <SequencePoint vc="0" uspid="143" ordinal="6" offset="54" sl="42" sc="28" el="42" ec="35" bec="0" bev="0" fileid="9" />
                <SequencePoint vc="0" uspid="144" ordinal="7" offset="71" sl="42" sc="13" el="42" ec="24" bec="0" bev="0" fileid="9" />
                <SequencePoint vc="0" uspid="145" ordinal="8" offset="84" sl="42" sc="37" el="42" ec="38" bec="0" bev="0" fileid="9" />
                <SequencePoint vc="0" uspid="146" ordinal="9" offset="85" sl="43" sc="5" el="43" ec="27" bec="2" bev="0" fileid="9" />
                <SequencePoint vc="0" uspid="147" ordinal="10" offset="100" sl="43" sc="28" el="43" ec="29" bec="0" bev="0" fileid="9" />
                <SequencePoint vc="0" uspid="148" ordinal="11" offset="101" sl="44" sc="6" el="44" ec="13" bec="0" bev="0" fileid="9" />
                <SequencePoint vc="0" uspid="149" ordinal="12" offset="102" sl="44" sc="34" el="44" ec="70" bec="0" bev="0" fileid="9" />
                <SequencePoint vc="0" uspid="150" ordinal="13" offset="128" sl="44" sc="15" el="44" ec="30" bec="0" bev="0" fileid="9" />
                <SequencePoint vc="0" uspid="151" ordinal="14" offset="141" sl="44" sc="72" el="44" ec="73" bec="0" bev="0" fileid="9" />
                <SequencePoint vc="0" uspid="152" ordinal="15" offset="142" sl="45" sc="7" el="45" ec="26" bec="2" bev="0" fileid="9" />
                <SequencePoint vc="0" uspid="153" ordinal="16" offset="159" sl="45" sc="27" el="45" ec="28" bec="0" bev="0" fileid="9" />
                <SequencePoint vc="0" uspid="154" ordinal="17" offset="160" sl="46" sc="8" el="46" ec="36" bec="0" bev="0" fileid="9" />
                <SequencePoint vc="0" uspid="155" ordinal="18" offset="171" sl="47" sc="7" el="47" ec="8" bec="0" bev="0" fileid="9" />
                <SequencePoint vc="0" uspid="156" ordinal="19" offset="172" sl="48" sc="6" el="48" ec="7" bec="0" bev="0" fileid="9" />
                <SequencePoint vc="0" uspid="157" ordinal="20" offset="173" sl="44" sc="31" el="44" ec="33" bec="4" bev="0" fileid="9" />
                <SequencePoint vc="0" uspid="158" ordinal="21" offset="218" sl="49" sc="5" el="49" ec="6" bec="0" bev="0" fileid="9" />
                <SequencePoint vc="0" uspid="159" ordinal="22" offset="219" sl="50" sc="4" el="50" ec="5" bec="0" bev="0" fileid="9" />
                <SequencePoint vc="0" uspid="160" ordinal="23" offset="220" sl="42" sc="25" el="42" ec="27" bec="4" bev="0" fileid="9" />
                <SequencePoint vc="0" uspid="161" ordinal="24" offset="268" sl="51" sc="4" el="51" ec="18" bec="0" bev="0" fileid="9" />
                <SequencePoint vc="0" uspid="162" ordinal="25" offset="276" sl="52" sc="3" el="52" ec="4" bec="0" bev="0" fileid="9" />
              </SequencePoints>
              <BranchPoints>
                <BranchPoint vc="0" uspid="163" ordinal="0" offset="98" path="0" offsetchain="" offsetend="100" />
                <BranchPoint vc="0" uspid="164" ordinal="1" offset="98" path="1" offsetchain="" offsetend="219" />
                <BranchPoint vc="0" uspid="165" ordinal="2" offset="157" path="0" offsetchain="" offsetend="159" />
                <BranchPoint vc="0" uspid="166" ordinal="3" offset="157" path="1" offsetchain="" offsetend="172" />
                <BranchPoint vc="0" uspid="167" ordinal="4" offset="184" path="0" offsetchain="" offsetend="186" />
                <BranchPoint vc="0" uspid="168" ordinal="5" offset="184" path="1" offsetchain="" offsetend="128" />
                <BranchPoint vc="0" uspid="169" ordinal="6" offset="206" path="0" offsetchain="" offsetend="208" />
                <BranchPoint vc="0" uspid="170" ordinal="7" offset="206" path="1" offsetchain="" offsetend="216" />
                <BranchPoint vc="0" uspid="171" ordinal="8" offset="231" path="0" offsetchain="" offsetend="236" />
                <BranchPoint vc="0" uspid="172" ordinal="9" offset="231" path="1" offsetchain="" offsetend="71" />
                <BranchPoint vc="0" uspid="173" ordinal="10" offset="256" path="0" offsetchain="" offsetend="258" />
                <BranchPoint vc="0" uspid="174" ordinal="11" offset="256" path="1" offsetchain="" offsetend="266" />
              </BranchPoints>
              <MethodPoint xsi:type="SequencePoint" vc="0" uspid="137" ordinal="0" offset="0" sl="35" sc="3" el="35" ec="4" bec="0" bev="0" fileid="9" />
            </Method>
            <Method visited="true" cyclomaticComplexity="6" sequenceCoverage="36" branchCoverage="27.27" isConstructor="false" isStatic="true" isGetter="false" isSetter="false">
              <Summary numSequencePoints="25" visitedSequencePoints="9" numBranchPoints="11" visitedBranchPoints="3" sequenceCoverage="36" branchCoverage="27.27" maxCyclomaticComplexity="6" minCyclomaticComplexity="6" />
              <MetadataToken>100663315</MetadataToken>
              <Name>System.Collections.Generic.Dictionary`2&lt;System.String,System.String&gt; Utils.Extensions::FindMatches(System.String,System.String)</Name>
              <FileRef uid="9" />
              <SequencePoints>
                <SequencePoint vc="1" uspid="175" ordinal="0" offset="0" sl="54" sc="96" el="54" ec="97" bec="0" bev="0" fileid="9" />
                <SequencePoint vc="1" uspid="176" ordinal="1" offset="1" sl="55" sc="4" el="55" ec="54" bec="0" bev="0" fileid="9" />
                <SequencePoint vc="1" uspid="177" ordinal="2" offset="7" sl="57" sc="4" el="57" ec="86" bec="0" bev="0" fileid="9" />
                <SequencePoint vc="1" uspid="178" ordinal="3" offset="20" sl="59" sc="4" el="59" ec="34" bec="0" bev="0" fileid="9" />
                <SequencePoint vc="1" uspid="179" ordinal="4" offset="36" sl="61" sc="4" el="61" ec="11" bec="0" bev="0" fileid="9" />
                <SequencePoint vc="1" uspid="180" ordinal="5" offset="37" sl="61" sc="28" el="61" ec="35" bec="0" bev="0" fileid="9" />
                <SequencePoint vc="0" uspid="181" ordinal="6" offset="51" sl="61" sc="13" el="61" ec="24" bec="0" bev="0" fileid="9" />
                <SequencePoint vc="0" uspid="182" ordinal="7" offset="64" sl="61" sc="37" el="61" ec="38" bec="0" bev="0" fileid="9" />
                <SequencePoint vc="0" uspid="183" ordinal="8" offset="65" sl="62" sc="5" el="62" ec="27" bec="2" bev="0" fileid="9" />
                <SequencePoint vc="0" uspid="184" ordinal="9" offset="80" sl="62" sc="28" el="62" ec="29" bec="0" bev="0" fileid="9" />
                <SequencePoint vc="0" uspid="185" ordinal="10" offset="81" sl="63" sc="6" el="63" ec="13" bec="0" bev="0" fileid="9" />
                <SequencePoint vc="0" uspid="186" ordinal="11" offset="82" sl="63" sc="30" el="63" ec="51" bec="0" bev="0" fileid="9" />
                <SequencePoint vc="0" uspid="187" ordinal="12" offset="99" sl="63" sc="15" el="63" ec="26" bec="0" bev="0" fileid="9" />
                <SequencePoint vc="0" uspid="188" ordinal="13" offset="105" sl="63" sc="53" el="63" ec="54" bec="0" bev="0" fileid="9" />
                <SequencePoint vc="0" uspid="189" ordinal="14" offset="106" sl="64" sc="7" el="64" ec="23" bec="2" bev="0" fileid="9" />
                <SequencePoint vc="0" uspid="190" ordinal="15" offset="126" sl="64" sc="24" el="64" ec="25" bec="0" bev="0" fileid="9" />
                <SequencePoint vc="0" uspid="191" ordinal="16" offset="127" sl="65" sc="8" el="65" ec="52" bec="0" bev="0" fileid="9" />
                <SequencePoint vc="0" uspid="192" ordinal="17" offset="152" sl="66" sc="7" el="66" ec="8" bec="0" bev="0" fileid="9" />
                <SequencePoint vc="0" uspid="193" ordinal="18" offset="153" sl="67" sc="6" el="67" ec="7" bec="0" bev="0" fileid="9" />
                <SequencePoint vc="0" uspid="194" ordinal="19" offset="160" sl="63" sc="27" el="63" ec="29" bec="2" bev="0" fileid="9" />
                <SequencePoint vc="0" uspid="195" ordinal="20" offset="174" sl="68" sc="6" el="68" ec="12" bec="0" bev="0" fileid="9" />
                <SequencePoint vc="0" uspid="196" ordinal="21" offset="176" sl="70" sc="4" el="70" ec="5" bec="0" bev="0" fileid="9" />
                <SequencePoint vc="1" uspid="197" ordinal="22" offset="177" sl="61" sc="25" el="61" ec="27" bec="4" bev="2" fileid="9" />
                <SequencePoint vc="1" uspid="198" ordinal="23" offset="225" sl="72" sc="4" el="72" ec="22" bec="0" bev="0" fileid="9" />
                <SequencePoint vc="1" uspid="199" ordinal="24" offset="229" sl="73" sc="3" el="73" ec="4" bec="0" bev="0" fileid="9" />
              </SequencePoints>
              <BranchPoints>
                <BranchPoint vc="0" uspid="200" ordinal="0" offset="78" path="0" offsetchain="" offsetend="80" />
                <BranchPoint vc="0" uspid="201" ordinal="1" offset="78" path="1" offsetchain="" offsetend="176" />
                <BranchPoint vc="0" uspid="202" ordinal="2" offset="124" path="0" offsetchain="" offsetend="126" />
                <BranchPoint vc="0" uspid="203" ordinal="3" offset="124" path="1" offsetchain="" offsetend="153" />
                <BranchPoint vc="0" uspid="204" ordinal="4" offset="172" path="0" offsetchain="174" offsetend="193" />
                <BranchPoint vc="0" uspid="205" ordinal="5" offset="172" path="1" offsetchain="" offsetend="99" />
                <BranchPoint vc="1" uspid="206" ordinal="6" offset="188" path="0" offsetchain="" offsetend="193" />
                <BranchPoint vc="0" uspid="207" ordinal="7" offset="188" path="1" offsetchain="" offsetend="51" />
                <BranchPoint vc="0" uspid="208" ordinal="8" offset="213" path="0" offsetchain="" offsetend="215" />
                <BranchPoint vc="1" uspid="209" ordinal="9" offset="213" path="1" offsetchain="" offsetend="223" />
              </BranchPoints>
              <MethodPoint xsi:type="SequencePoint" vc="1" uspid="175" ordinal="0" offset="0" sl="54" sc="96" el="54" ec="97" bec="0" bev="0" fileid="9" />
            </Method>
            <Method visited="true" cyclomaticComplexity="1" sequenceCoverage="100" branchCoverage="100" isConstructor="true" isStatic="true" isGetter="false" isSetter="false">
              <Summary numSequencePoints="1" visitedSequencePoints="1" numBranchPoints="1" visitedBranchPoints="1" sequenceCoverage="100" branchCoverage="100" maxCyclomaticComplexity="1" minCyclomaticComplexity="1" />
              <MetadataToken>100663316</MetadataToken>
              <Name>System.Void Utils.Extensions::.cctor()</Name>
              <FileRef uid="9" />
              <SequencePoints>
                <SequencePoint vc="1" uspid="210" ordinal="0" offset="0" sl="13" sc="3" el="13" ec="39" bec="0" bev="0" fileid="9" />
              </SequencePoints>
              <BranchPoints />
              <MethodPoint xsi:type="SequencePoint" vc="1" uspid="210" ordinal="0" offset="0" sl="13" sc="3" el="13" ec="39" bec="0" bev="0" fileid="9" />
            </Method>
          </Methods>
        </Class>
      </Classes>
    </Module>
  </Modules>
</CoverageSession>