<?xml version="1.0" encoding="utf-8"?>
<CoverageSession xmlns:xsd="http://www.w3.org/2001/XMLSchema" xmlns:xsi="http://www.w3.org/2001/XMLSchema-instance">
  <Summary numSequencePoints="774" visitedSequencePoints="72" numBranchPoints="263" visitedBranchPoints="28" sequenceCoverage="9.30" branchCoverage="10.65" maxCyclomaticComplexity="4" minCyclomaticComplexity="1" />
  <Modules>
    <Module skippedDueTo="Filter" hash="44-C4-42-31-5E-F2-01-C8-34-2E-F8-A2-C8-A0-4B-1C-19-F9-B7-B6">
      <FullName>C:\windows\Microsoft.Net\assembly\GAC_32\mscorlib\v4.0_4.0.0.0__b77a5c561934e089\mscorlib.dll</FullName>
      <ModuleName>mscorlib</ModuleName>
      <Classes />
    </Module>
    <Module skippedDueTo="MissingPdb" hash="37-80-BE-DC-A8-79-2C-78-4A-75-9F-D4-19-B1-3A-5A-48-3E-CA-03">
      <FullName>C:\Program Files (x86)\SharpDevelop\5.1\bin\Tools\NUnit\nunit-console-x86.exe</FullName>
      <ModuleName>nunit-console</ModuleName>
      <Classes />
    </Module>
    <Module skippedDueTo="MissingPdb" hash="33-E1-CA-24-52-5A-B7-C7-C4-AF-91-2C-A9-4A-C0-37-67-0D-5B-FE">
      <FullName>C:\Program Files (x86)\SharpDevelop\5.1\bin\Tools\NUnit\lib\nunit.core.dll</FullName>
      <ModuleName>nunit.core</ModuleName>
      <Classes />
    </Module>
    <Module skippedDueTo="MissingPdb" hash="2A-C4-E5-DE-F3-EE-AD-84-E1-65-84-CC-15-90-76-96-E7-01-44-4E">
      <FullName>C:\Program Files (x86)\SharpDevelop\5.1\bin\Tools\NUnit\lib\nunit-console-runner.dll</FullName>
      <ModuleName>nunit-console-runner</ModuleName>
      <Classes />
    </Module>
    <Module skippedDueTo="MissingPdb" hash="74-74-F6-87-59-E1-5F-4F-5F-5E-6E-82-50-E8-E2-46-D4-86-15-76">
      <FullName>C:\Program Files (x86)\SharpDevelop\5.1\bin\Tools\NUnit\lib\nunit.util.dll</FullName>
      <ModuleName>nunit.util</ModuleName>
      <Classes />
    </Module>
    <Module skippedDueTo="MissingPdb" hash="D3-A4-4D-85-55-F7-CE-EF-A5-90-AA-EF-58-E0-9F-B6-CC-27-99-53">
      <FullName>C:\Program Files (x86)\SharpDevelop\5.1\bin\Tools\NUnit\lib\nunit.core.interfaces.dll</FullName>
      <ModuleName>nunit.core.interfaces</ModuleName>
      <Classes />
    </Module>
    <Module skippedDueTo="Filter" hash="D4-B4-A2-D9-71-68-7B-D6-2F-2D-E7-AE-EC-73-0E-55-C5-DC-CE-80">
      <FullName>C:\windows\Microsoft.Net\assembly\GAC_MSIL\System.Configuration\v4.0_4.0.0.0__b03f5f7f11d50a3a\System.Configuration.dll</FullName>
      <ModuleName>System.Configuration</ModuleName>
      <Classes />
    </Module>
    <Module skippedDueTo="Filter" hash="40-22-8B-B2-B6-58-6F-40-EB-42-E5-3E-B1-D0-DA-74-25-F8-22-F1">
      <FullName>C:\windows\Microsoft.Net\assembly\GAC_MSIL\System\v4.0_4.0.0.0__b77a5c561934e089\System.dll</FullName>
      <ModuleName>System</ModuleName>
      <Classes />
    </Module>
    <Module skippedDueTo="Filter" hash="99-42-83-3E-7B-DA-9F-B9-25-BB-48-8E-10-78-F7-97-0D-F1-2C-03">
      <FullName>C:\windows\Microsoft.Net\assembly\GAC_MSIL\System.Xml\v4.0_4.0.0.0__b77a5c561934e089\System.Xml.dll</FullName>
      <ModuleName>System.Xml</ModuleName>
      <Classes />
    </Module>
    <Module skippedDueTo="Filter" hash="FA-F9-16-2C-E2-D0-C1-E9-E3-3F-7B-CA-76-2A-9C-2E-C6-05-60-CA">
      <FullName>C:\windows\Microsoft.Net\assembly\GAC_MSIL\System.Runtime.Remoting\v4.0_4.0.0.0__b77a5c561934e089\System.Runtime.Remoting.dll</FullName>
      <ModuleName>System.Runtime.Remoting</ModuleName>
      <Classes />
    </Module>
    <Module skippedDueTo="Filter" hash="57-4A-88-52-9B-7B-D1-E9-73-F2-92-1E-FD-8F-DC-F9-49-22-3F-A9">
      <FullName>C:\windows\Microsoft.Net\assembly\GAC_MSIL\System.Core\v4.0_4.0.0.0__b77a5c561934e089\System.Core.dll</FullName>
      <ModuleName>System.Core</ModuleName>
      <Classes />
    </Module>
    <Module hash="F1-35-CA-D0-21-AA-3E-CC-56-AE-AC-00-27-A8-23-06-8D-F1-63-3F">
      <Summary numSequencePoints="169" visitedSequencePoints="3" numBranchPoints="53" visitedBranchPoints="1" sequenceCoverage="1.78" branchCoverage="1.89" maxCyclomaticComplexity="4" minCyclomaticComplexity="1" />
      <FullName>C:\Users\Serguei\AppData\Local\Temp\nunit20\ShadowCopyCache\2340_638211275052396728\Tests_13200031\assembly\dl3\41f7cb4c\287b3206_d093d901\OpenHtmlToPdf.Tests.dll</FullName>
      <ModuleName>OpenHtmlToPdf.Tests</ModuleName>
      <Files>
        <File uid="1" fullPath="c:\developer\sergueik\powershell_ui_samples\external\csharp\openhtml_pdf\OpenHtmlToPdf.Tests\Helpers\TextAssert.cs" />
        <File uid="2" fullPath="c:\developer\sergueik\powershell_ui_samples\external\csharp\openhtml_pdf\OpenHtmlToPdf.Tests\HtmlToPdfConversion.cs" />
        <File uid="5" fullPath="c:\developer\sergueik\powershell_ui_samples\external\csharp\openhtml_pdf\OpenHtmlToPdf.Tests\Helpers\PdfDocument.cs" />
      </Files>
      <Classes>
        <Class>
          <Summary numSequencePoints="0" visitedSequencePoints="0" numBranchPoints="0" visitedBranchPoints="0" sequenceCoverage="0" branchCoverage="0" maxCyclomaticComplexity="0" minCyclomaticComplexity="0" />
          <FullName>&lt;Module&gt;</FullName>
          <Methods />
        </Class>
        <Class>
          <Summary numSequencePoints="19" visitedSequencePoints="0" numBranchPoints="7" visitedBranchPoints="0" sequenceCoverage="0" branchCoverage="0" maxCyclomaticComplexity="1" minCyclomaticComplexity="1" />
          <FullName>OpenHtmlToPdf.Tests.Helpers.TextAssert</FullName>
          <Methods>
            <Method visited="false" cyclomaticComplexity="1" sequenceCoverage="0" branchCoverage="0" isConstructor="false" isStatic="true" isGetter="false" isSetter="false">
              <Summary numSequencePoints="3" visitedSequencePoints="0" numBranchPoints="1" visitedBranchPoints="0" sequenceCoverage="0" branchCoverage="0" maxCyclomaticComplexity="1" minCyclomaticComplexity="1" />
              <MetadataToken>100663297</MetadataToken>
              <Name>System.Void OpenHtmlToPdf.Tests.Helpers.TextAssert::Contains(System.String,System.String)</Name>
              <FileRef uid="1" />
              <SequencePoints>
                <SequencePoint vc="0" uspid="1" ordinal="0" offset="0" sl="12" sc="9" el="12" ec="10" bec="0" bev="0" fileid="1" />
                <SequencePoint vc="0" uspid="2" ordinal="1" offset="1" sl="13" sc="13" el="13" ec="93" bec="0" bev="0" fileid="1" />
                <SequencePoint vc="0" uspid="3" ordinal="2" offset="19" sl="14" sc="9" el="14" ec="10" bec="0" bev="0" fileid="1" />
              </SequencePoints>
              <BranchPoints />
              <MethodPoint xsi:type="SequencePoint" vc="0" uspid="1" ordinal="0" offset="0" sl="12" sc="9" el="12" ec="10" bec="0" bev="0" fileid="1" />
            </Method>
            <Method visited="false" cyclomaticComplexity="1" sequenceCoverage="0" branchCoverage="0" isConstructor="false" isStatic="true" isGetter="false" isSetter="false">
              <Summary numSequencePoints="3" visitedSequencePoints="0" numBranchPoints="1" visitedBranchPoints="0" sequenceCoverage="0" branchCoverage="0" maxCyclomaticComplexity="1" minCyclomaticComplexity="1" />
              <MetadataToken>100663298</MetadataToken>
              <Name>System.Void OpenHtmlToPdf.Tests.Helpers.TextAssert::AreEqual(System.String,System.String)</Name>
              <FileRef uid="1" />
              <SequencePoints>
                <SequencePoint vc="0" uspid="4" ordinal="0" offset="0" sl="17" sc="9" el="17" ec="10" bec="0" bev="0" fileid="1" />
                <SequencePoint vc="0" uspid="5" ordinal="1" offset="1" sl="18" sc="13" el="18" ec="93" bec="0" bev="0" fileid="1" />
                <SequencePoint vc="0" uspid="6" ordinal="2" offset="19" sl="19" sc="9" el="19" ec="10" bec="0" bev="0" fileid="1" />
              </SequencePoints>
              <BranchPoints />
              <MethodPoint xsi:type="SequencePoint" vc="0" uspid="4" ordinal="0" offset="0" sl="17" sc="9" el="17" ec="10" bec="0" bev="0" fileid="1" />
            </Method>
            <Method visited="false" cyclomaticComplexity="1" sequenceCoverage="0" branchCoverage="0" isConstructor="false" isStatic="true" isGetter="false" isSetter="false">
              <Summary numSequencePoints="3" visitedSequencePoints="0" numBranchPoints="1" visitedBranchPoints="0" sequenceCoverage="0" branchCoverage="0" maxCyclomaticComplexity="1" minCyclomaticComplexity="1" />
              <MetadataToken>100663299</MetadataToken>
              <Name>System.Void OpenHtmlToPdf.Tests.Helpers.TextAssert::AreEqualExact(System.String,System.String)</Name>
              <FileRef uid="1" />
              <SequencePoints>
                <SequencePoint vc="0" uspid="7" ordinal="0" offset="0" sl="22" sc="9" el="22" ec="10" bec="0" bev="0" fileid="1" />
                <SequencePoint vc="0" uspid="8" ordinal="1" offset="1" sl="23" sc="13" el="23" ec="47" bec="0" bev="0" fileid="1" />
                <SequencePoint vc="0" uspid="9" ordinal="2" offset="9" sl="24" sc="9" el="24" ec="10" bec="0" bev="0" fileid="1" />
              </SequencePoints>
              <BranchPoints />
              <MethodPoint xsi:type="SequencePoint" vc="0" uspid="7" ordinal="0" offset="0" sl="22" sc="9" el="22" ec="10" bec="0" bev="0" fileid="1" />
            </Method>
            <Method visited="false" cyclomaticComplexity="1" sequenceCoverage="0" branchCoverage="0" isConstructor="false" isStatic="true" isGetter="false" isSetter="false">
              <Summary numSequencePoints="3" visitedSequencePoints="0" numBranchPoints="1" visitedBranchPoints="0" sequenceCoverage="0" branchCoverage="0" maxCyclomaticComplexity="1" minCyclomaticComplexity="1" />
              <MetadataToken>100663300</MetadataToken>
              <Name>System.Void OpenHtmlToPdf.Tests.Helpers.TextAssert::ContainsExact(System.String,System.String)</Name>
              <FileRef uid="1" />
              <SequencePoints>
                <SequencePoint vc="0" uspid="10" ordinal="0" offset="0" sl="27" sc="9" el="27" ec="10" bec="0" bev="0" fileid="1" />
                <SequencePoint vc="0" uspid="11" ordinal="1" offset="1" sl="28" sc="13" el="28" ec="53" bec="0" bev="0" fileid="1" />
                <SequencePoint vc="0" uspid="12" ordinal="2" offset="9" sl="29" sc="9" el="29" ec="10" bec="0" bev="0" fileid="1" />
              </SequencePoints>
              <BranchPoints />
              <MethodPoint xsi:type="SequencePoint" vc="0" uspid="10" ordinal="0" offset="0" sl="27" sc="9" el="27" ec="10" bec="0" bev="0" fileid="1" />
            </Method>
            <Method visited="false" cyclomaticComplexity="1" sequenceCoverage="0" branchCoverage="0" isConstructor="false" isStatic="true" isGetter="false" isSetter="false">
              <Summary numSequencePoints="3" visitedSequencePoints="0" numBranchPoints="1" visitedBranchPoints="0" sequenceCoverage="0" branchCoverage="0" maxCyclomaticComplexity="1" minCyclomaticComplexity="1" />
              <MetadataToken>100663301</MetadataToken>
              <Name>System.String OpenHtmlToPdf.Tests.Helpers.TextAssert::ToLowerCaseSingleLine(System.String)</Name>
              <FileRef uid="1" />
              <SequencePoints>
                <SequencePoint vc="0" uspid="13" ordinal="0" offset="0" sl="32" sc="9" el="32" ec="10" bec="0" bev="0" fileid="1" />
                <SequencePoint vc="0" uspid="14" ordinal="1" offset="1" sl="33" sc="13" el="35" ec="28" bec="0" bev="0" fileid="1" />
                <SequencePoint vc="0" uspid="15" ordinal="2" offset="15" sl="36" sc="9" el="36" ec="10" bec="0" bev="0" fileid="1" />
              </SequencePoints>
              <BranchPoints />
              <MethodPoint xsi:type="SequencePoint" vc="0" uspid="13" ordinal="0" offset="0" sl="32" sc="9" el="32" ec="10" bec="0" bev="0" fileid="1" />
            </Method>
            <Method visited="false" cyclomaticComplexity="1" sequenceCoverage="0" branchCoverage="0" isConstructor="false" isStatic="true" isGetter="false" isSetter="false">
              <Summary numSequencePoints="3" visitedSequencePoints="0" numBranchPoints="1" visitedBranchPoints="0" sequenceCoverage="0" branchCoverage="0" maxCyclomaticComplexity="1" minCyclomaticComplexity="1" />
              <MetadataToken>100663302</MetadataToken>
              <Name>System.String OpenHtmlToPdf.Tests.Helpers.TextAssert::ToSingleLine(System.String)</Name>
              <FileRef uid="1" />
              <SequencePoints>
                <SequencePoint vc="0" uspid="16" ordinal="0" offset="0" sl="39" sc="9" el="39" ec="10" bec="0" bev="0" fileid="1" />
                <SequencePoint vc="0" uspid="17" ordinal="1" offset="1" sl="40" sc="13" el="40" ec="64" bec="0" bev="0" fileid="1" />
                <SequencePoint vc="0" uspid="18" ordinal="2" offset="20" sl="41" sc="9" el="41" ec="10" bec="0" bev="0" fileid="1" />
              </SequencePoints>
              <BranchPoints />
              <MethodPoint xsi:type="SequencePoint" vc="0" uspid="16" ordinal="0" offset="0" sl="39" sc="9" el="39" ec="10" bec="0" bev="0" fileid="1" />
            </Method>
            <Method visited="false" cyclomaticComplexity="1" sequenceCoverage="0" branchCoverage="0" isConstructor="true" isStatic="true" isGetter="false" isSetter="false">
              <Summary numSequencePoints="1" visitedSequencePoints="0" numBranchPoints="1" visitedBranchPoints="0" sequenceCoverage="0" branchCoverage="0" maxCyclomaticComplexity="1" minCyclomaticComplexity="1" />
              <MetadataToken>100663303</MetadataToken>
              <Name>System.Void OpenHtmlToPdf.Tests.Helpers.TextAssert::.cctor()</Name>
              <FileRef uid="1" />
              <SequencePoints>
                <SequencePoint vc="0" uspid="19" ordinal="0" offset="0" sl="9" sc="9" el="9" ec="90" bec="0" bev="0" fileid="1" />
              </SequencePoints>
              <BranchPoints />
              <MethodPoint xsi:type="SequencePoint" vc="0" uspid="19" ordinal="0" offset="0" sl="9" sc="9" el="9" ec="90" bec="0" bev="0" fileid="1" />
            </Method>
          </Methods>
        </Class>
        <Class>
          <Summary numSequencePoints="123" visitedSequencePoints="3" numBranchPoints="30" visitedBranchPoints="1" sequenceCoverage="2.44" branchCoverage="3.33" maxCyclomaticComplexity="4" minCyclomaticComplexity="1" />
          <FullName>OpenHtmlToPdf.Tests.HtmlToPdfConversion</FullName>
          <Methods>
            <Method visited="false" cyclomaticComplexity="1" sequenceCoverage="0" branchCoverage="0" isConstructor="false" isStatic="false" isGetter="false" isSetter="false">
              <Summary numSequencePoints="5" visitedSequencePoints="0" numBranchPoints="1" visitedBranchPoints="0" sequenceCoverage="0" branchCoverage="0" maxCyclomaticComplexity="1" minCyclomaticComplexity="1" />
              <MetadataToken>100663304</MetadataToken>
              <Name>System.Void OpenHtmlToPdf.Tests.HtmlToPdfConversion::Pdf_document_content()</Name>
              <FileRef uid="2" />
              <SequencePoints>
                <SequencePoint vc="0" uspid="20" ordinal="0" offset="0" sl="20" sc="9" el="20" ec="10" bec="0" bev="0" fileid="2" />
                <SequencePoint vc="0" uspid="21" ordinal="1" offset="1" sl="22" sc="13" el="22" ec="83" bec="0" bev="0" fileid="2" />
                <SequencePoint vc="0" uspid="22" ordinal="2" offset="17" sl="24" sc="13" el="24" ec="51" bec="0" bev="0" fileid="2" />
                <SequencePoint vc="0" uspid="23" ordinal="3" offset="29" sl="26" sc="13" el="26" ec="92" bec="0" bev="0" fileid="2" />
                <SequencePoint vc="0" uspid="24" ordinal="4" offset="46" sl="27" sc="9" el="27" ec="10" bec="0" bev="0" fileid="2" />
              </SequencePoints>
              <BranchPoints />
              <MethodPoint xsi:type="SequencePoint" vc="0" uspid="20" ordinal="0" offset="0" sl="20" sc="9" el="20" ec="10" bec="0" bev="0" fileid="2" />
            </Method>
            <Method visited="true" cyclomaticComplexity="1" sequenceCoverage="60" branchCoverage="100" isConstructor="false" isStatic="false" isGetter="false" isSetter="false">
              <Summary numSequencePoints="5" visitedSequencePoints="3" numBranchPoints="1" visitedBranchPoints="1" sequenceCoverage="60" branchCoverage="100" maxCyclomaticComplexity="1" minCyclomaticComplexity="1" />
              <MetadataToken>100663305</MetadataToken>
              <Name>System.Void OpenHtmlToPdf.Tests.HtmlToPdfConversion::Text_encoding()</Name>
              <FileRef uid="2" />
              <SequencePoints>
                <SequencePoint vc="1" uspid="25" ordinal="0" offset="0" sl="31" sc="9" el="31" ec="10" bec="0" bev="0" fileid="2" />
                <SequencePoint vc="1" uspid="26" ordinal="1" offset="1" sl="33" sc="13" el="33" ec="83" bec="0" bev="0" fileid="2" />
                <SequencePoint vc="1" uspid="27" ordinal="2" offset="17" sl="35" sc="13" el="35" ec="72" bec="0" bev="0" fileid="2" />
                <SequencePoint vc="0" uspid="28" ordinal="3" offset="39" sl="37" sc="13" el="38" ec="92" bec="0" bev="0" fileid="2" />
                <SequencePoint vc="0" uspid="29" ordinal="4" offset="61" sl="39" sc="9" el="39" ec="10" bec="0" bev="0" fileid="2" />
              </SequencePoints>
              <BranchPoints />
              <MethodPoint xsi:type="SequencePoint" vc="1" uspid="25" ordinal="0" offset="0" sl="31" sc="9" el="31" ec="10" bec="0" bev="0" fileid="2" />
            </Method>
            <Method visited="false" cyclomaticComplexity="1" sequenceCoverage="0" branchCoverage="0" isConstructor="false" isStatic="false" isGetter="false" isSetter="false">
              <Summary numSequencePoints="6" visitedSequencePoints="0" numBranchPoints="1" visitedBranchPoints="0" sequenceCoverage="0" branchCoverage="0" maxCyclomaticComplexity="1" minCyclomaticComplexity="1" />
              <MetadataToken>100663306</MetadataToken>
              <Name>System.Void OpenHtmlToPdf.Tests.HtmlToPdfConversion::style()</Name>
              <FileRef uid="2" />
              <SequencePoints>
                <SequencePoint vc="0" uspid="30" ordinal="0" offset="0" sl="43" sc="9" el="43" ec="10" bec="0" bev="0" fileid="2" />
                <SequencePoint vc="0" uspid="31" ordinal="1" offset="1" sl="46" sc="13" el="49" ec="18" bec="0" bev="0" fileid="2" />
                <SequencePoint vc="0" uspid="32" ordinal="2" offset="22" sl="51" sc="13" el="51" ec="83" bec="0" bev="0" fileid="2" />
                <SequencePoint vc="0" uspid="33" ordinal="3" offset="34" sl="53" sc="13" el="53" ec="72" bec="0" bev="0" fileid="2" />
                <SequencePoint vc="0" uspid="34" ordinal="4" offset="56" sl="55" sc="13" el="56" ec="63" bec="0" bev="0" fileid="2" />
                <SequencePoint vc="0" uspid="35" ordinal="5" offset="73" sl="57" sc="9" el="57" ec="10" bec="0" bev="0" fileid="2" />
              </SequencePoints>
              <BranchPoints />
              <MethodPoint xsi:type="SequencePoint" vc="0" uspid="30" ordinal="0" offset="0" sl="43" sc="9" el="43" ec="10" bec="0" bev="0" fileid="2" />
            </Method>
            <Method visited="false" cyclomaticComplexity="1" sequenceCoverage="0" branchCoverage="0" isConstructor="false" isStatic="false" isGetter="false" isSetter="false">
              <Summary numSequencePoints="6" visitedSequencePoints="0" numBranchPoints="1" visitedBranchPoints="0" sequenceCoverage="0" branchCoverage="0" maxCyclomaticComplexity="1" minCyclomaticComplexity="1" />
              <MetadataToken>100663307</MetadataToken>
              <Name>System.Void OpenHtmlToPdf.Tests.HtmlToPdfConversion::Table_With_Style()</Name>
              <FileRef uid="2" />
              <SequencePoints>
                <SequencePoint vc="0" uspid="36" ordinal="0" offset="0" sl="61" sc="9" el="61" ec="10" bec="0" bev="0" fileid="2" />
                <SequencePoint vc="0" uspid="37" ordinal="1" offset="1" sl="62" sc="10" el="62" ec="42" bec="0" bev="0" fileid="2" />
                <SequencePoint vc="0" uspid="38" ordinal="2" offset="7" sl="63" sc="10" el="181" ec="3" bec="0" bev="0" fileid="2" />
                <SequencePoint vc="0" uspid="39" ordinal="3" offset="13" sl="182" sc="23" el="182" ec="82" bec="0" bev="0" fileid="2" />
                <SequencePoint vc="0" uspid="40" ordinal="4" offset="35" sl="184" sc="13" el="184" ec="73" bec="0" bev="0" fileid="2" />
                <SequencePoint vc="0" uspid="41" ordinal="5" offset="48" sl="187" sc="9" el="187" ec="10" bec="0" bev="0" fileid="2" />
              </SequencePoints>
              <BranchPoints />
              <MethodPoint xsi:type="SequencePoint" vc="0" uspid="36" ordinal="0" offset="0" sl="61" sc="9" el="61" ec="10" bec="0" bev="0" fileid="2" />
            </Method>
            <Method visited="false" cyclomaticComplexity="1" sequenceCoverage="0" branchCoverage="0" isConstructor="false" isStatic="false" isGetter="false" isSetter="false">
              <Summary numSequencePoints="6" visitedSequencePoints="0" numBranchPoints="1" visitedBranchPoints="0" sequenceCoverage="0" branchCoverage="0" maxCyclomaticComplexity="1" minCyclomaticComplexity="1" />
              <MetadataToken>100663308</MetadataToken>
              <Name>System.Void OpenHtmlToPdf.Tests.HtmlToPdfConversion::HabraFont()</Name>
              <FileRef uid="2" />
              <SequencePoints>
                <SequencePoint vc="0" uspid="42" ordinal="0" offset="0" sl="190" sc="9" el="190" ec="10" bec="0" bev="0" fileid="2" />
                <SequencePoint vc="0" uspid="43" ordinal="1" offset="1" sl="191" sc="10" el="191" ec="33" bec="0" bev="0" fileid="2" />
                <SequencePoint vc="0" uspid="44" ordinal="2" offset="7" sl="192" sc="10" el="232" ec="12" bec="0" bev="0" fileid="2" />
                <SequencePoint vc="0" uspid="45" ordinal="3" offset="13" sl="233" sc="14" el="233" ec="73" bec="0" bev="0" fileid="2" />
                <SequencePoint vc="0" uspid="46" ordinal="4" offset="35" sl="235" sc="13" el="235" ec="73" bec="0" bev="0" fileid="2" />
                <SequencePoint vc="0" uspid="47" ordinal="5" offset="48" sl="237" sc="9" el="237" ec="10" bec="0" bev="0" fileid="2" />
              </SequencePoints>
              <BranchPoints />
              <MethodPoint xsi:type="SequencePoint" vc="0" uspid="42" ordinal="0" offset="0" sl="190" sc="9" el="190" ec="10" bec="0" bev="0" fileid="2" />
            </Method>
            <Method visited="false" cyclomaticComplexity="1" sequenceCoverage="0" branchCoverage="0" isConstructor="false" isStatic="false" isGetter="false" isSetter="false">
              <Summary numSequencePoints="6" visitedSequencePoints="0" numBranchPoints="1" visitedBranchPoints="0" sequenceCoverage="0" branchCoverage="0" maxCyclomaticComplexity="1" minCyclomaticComplexity="1" />
              <MetadataToken>100663309</MetadataToken>
              <Name>System.Void OpenHtmlToPdf.Tests.HtmlToPdfConversion::Document_title()</Name>
              <FileRef uid="2" />
              <SequencePoints>
                <SequencePoint vc="0" uspid="48" ordinal="0" offset="0" sl="242" sc="9" el="242" ec="10" bec="0" bev="0" fileid="2" />
                <SequencePoint vc="0" uspid="49" ordinal="1" offset="1" sl="245" sc="13" el="245" ec="83" bec="0" bev="0" fileid="2" />
                <SequencePoint vc="0" uspid="50" ordinal="2" offset="17" sl="247" sc="13" el="247" ec="76" bec="0" bev="0" fileid="2" />
                <SequencePoint vc="0" uspid="51" ordinal="3" offset="39" sl="249" sc="13" el="249" ec="77" bec="0" bev="0" fileid="2" />
                <SequencePoint vc="0" uspid="52" ordinal="4" offset="56" sl="250" sc="13" el="250" ec="92" bec="0" bev="0" fileid="2" />
                <SequencePoint vc="0" uspid="53" ordinal="5" offset="73" sl="251" sc="9" el="251" ec="10" bec="0" bev="0" fileid="2" />
              </SequencePoints>
              <BranchPoints />
              <MethodPoint xsi:type="SequencePoint" vc="0" uspid="48" ordinal="0" offset="0" sl="242" sc="9" el="242" ec="10" bec="0" bev="0" fileid="2" />
            </Method>
            <Method visited="false" cyclomaticComplexity="1" sequenceCoverage="0" branchCoverage="0" isConstructor="false" isStatic="false" isGetter="false" isSetter="false">
              <Summary numSequencePoints="7" visitedSequencePoints="0" numBranchPoints="1" visitedBranchPoints="0" sequenceCoverage="0" branchCoverage="0" maxCyclomaticComplexity="1" minCyclomaticComplexity="1" />
              <MetadataToken>100663310</MetadataToken>
              <Name>System.Void OpenHtmlToPdf.Tests.HtmlToPdfConversion::Page_size()</Name>
              <FileRef uid="2" />
              <SequencePoints>
                <SequencePoint vc="0" uspid="54" ordinal="0" offset="0" sl="255" sc="9" el="255" ec="10" bec="0" bev="0" fileid="2" />
                <SequencePoint vc="0" uspid="55" ordinal="1" offset="1" sl="257" sc="13" el="257" ec="83" bec="0" bev="0" fileid="2" />
                <SequencePoint vc="0" uspid="56" ordinal="2" offset="17" sl="259" sc="13" el="259" ec="72" bec="0" bev="0" fileid="2" />
                <SequencePoint vc="0" uspid="57" ordinal="3" offset="39" sl="261" sc="13" el="261" ec="92" bec="0" bev="0" fileid="2" />
                <SequencePoint vc="0" uspid="58" ordinal="4" offset="56" sl="262" sc="13" el="262" ec="99" bec="0" bev="0" fileid="2" />
                <SequencePoint vc="0" uspid="59" ordinal="5" offset="83" sl="263" sc="13" el="263" ec="100" bec="0" bev="0" fileid="2" />
                <SequencePoint vc="0" uspid="60" ordinal="6" offset="110" sl="264" sc="9" el="264" ec="10" bec="0" bev="0" fileid="2" />
              </SequencePoints>
              <BranchPoints />
              <MethodPoint xsi:type="SequencePoint" vc="0" uspid="54" ordinal="0" offset="0" sl="255" sc="9" el="255" ec="10" bec="0" bev="0" fileid="2" />
            </Method>
            <Method visited="false" cyclomaticComplexity="1" sequenceCoverage="0" branchCoverage="0" isConstructor="false" isStatic="false" isGetter="false" isSetter="false">
              <Summary numSequencePoints="7" visitedSequencePoints="0" numBranchPoints="1" visitedBranchPoints="0" sequenceCoverage="0" branchCoverage="0" maxCyclomaticComplexity="1" minCyclomaticComplexity="1" />
              <MetadataToken>100663311</MetadataToken>
              <Name>System.Void OpenHtmlToPdf.Tests.HtmlToPdfConversion::Portrait()</Name>
              <FileRef uid="2" />
              <SequencePoints>
                <SequencePoint vc="0" uspid="61" ordinal="0" offset="0" sl="268" sc="9" el="268" ec="10" bec="0" bev="0" fileid="2" />
                <SequencePoint vc="0" uspid="62" ordinal="1" offset="1" sl="271" sc="13" el="271" ec="83" bec="0" bev="0" fileid="2" />
                <SequencePoint vc="0" uspid="63" ordinal="2" offset="17" sl="273" sc="13" el="273" ec="62" bec="0" bev="0" fileid="2" />
                <SequencePoint vc="0" uspid="64" ordinal="3" offset="34" sl="275" sc="13" el="275" ec="92" bec="0" bev="0" fileid="2" />
                <SequencePoint vc="0" uspid="65" ordinal="4" offset="51" sl="276" sc="13" el="276" ec="99" bec="0" bev="0" fileid="2" />
                <SequencePoint vc="0" uspid="66" ordinal="5" offset="78" sl="277" sc="13" el="277" ec="100" bec="0" bev="0" fileid="2" />
                <SequencePoint vc="0" uspid="67" ordinal="6" offset="105" sl="278" sc="9" el="278" ec="10" bec="0" bev="0" fileid="2" />
              </SequencePoints>
              <BranchPoints />
              <MethodPoint xsi:type="SequencePoint" vc="0" uspid="61" ordinal="0" offset="0" sl="268" sc="9" el="268" ec="10" bec="0" bev="0" fileid="2" />
            </Method>
            <Method visited="false" cyclomaticComplexity="1" sequenceCoverage="0" branchCoverage="0" isConstructor="false" isStatic="false" isGetter="false" isSetter="false">
              <Summary numSequencePoints="7" visitedSequencePoints="0" numBranchPoints="1" visitedBranchPoints="0" sequenceCoverage="0" branchCoverage="0" maxCyclomaticComplexity="1" minCyclomaticComplexity="1" />
              <MetadataToken>100663312</MetadataToken>
              <Name>System.Void OpenHtmlToPdf.Tests.HtmlToPdfConversion::Landscape()</Name>
              <FileRef uid="2" />
              <SequencePoints>
                <SequencePoint vc="0" uspid="68" ordinal="0" offset="0" sl="282" sc="9" el="282" ec="10" bec="0" bev="0" fileid="2" />
                <SequencePoint vc="0" uspid="69" ordinal="1" offset="1" sl="285" sc="13" el="285" ec="83" bec="0" bev="0" fileid="2" />
                <SequencePoint vc="0" uspid="70" ordinal="2" offset="17" sl="287" sc="13" el="287" ec="63" bec="0" bev="0" fileid="2" />
                <SequencePoint vc="0" uspid="71" ordinal="3" offset="34" sl="289" sc="13" el="289" ec="92" bec="0" bev="0" fileid="2" />
                <SequencePoint vc="0" uspid="72" ordinal="4" offset="51" sl="290" sc="13" el="290" ec="99" bec="0" bev="0" fileid="2" />
                <SequencePoint vc="0" uspid="73" ordinal="5" offset="78" sl="291" sc="13" el="291" ec="100" bec="0" bev="0" fileid="2" />
                <SequencePoint vc="0" uspid="74" ordinal="6" offset="105" sl="292" sc="9" el="292" ec="10" bec="0" bev="0" fileid="2" />
              </SequencePoints>
              <BranchPoints />
              <MethodPoint xsi:type="SequencePoint" vc="0" uspid="68" ordinal="0" offset="0" sl="282" sc="9" el="282" ec="10" bec="0" bev="0" fileid="2" />
            </Method>
            <Method visited="false" cyclomaticComplexity="1" sequenceCoverage="0" branchCoverage="0" isConstructor="false" isStatic="false" isGetter="false" isSetter="false">
              <Summary numSequencePoints="5" visitedSequencePoints="0" numBranchPoints="1" visitedBranchPoints="0" sequenceCoverage="0" branchCoverage="0" maxCyclomaticComplexity="1" minCyclomaticComplexity="1" />
              <MetadataToken>100663313</MetadataToken>
              <Name>System.Void OpenHtmlToPdf.Tests.HtmlToPdfConversion::Margins()</Name>
              <FileRef uid="2" />
              <SequencePoints>
                <SequencePoint vc="0" uspid="75" ordinal="0" offset="0" sl="296" sc="9" el="296" ec="10" bec="0" bev="0" fileid="2" />
                <SequencePoint vc="0" uspid="76" ordinal="1" offset="1" sl="299" sc="13" el="299" ec="83" bec="0" bev="0" fileid="2" />
                <SequencePoint vc="0" uspid="77" ordinal="2" offset="17" sl="301" sc="13" el="301" ec="83" bec="0" bev="0" fileid="2" />
                <SequencePoint vc="0" uspid="78" ordinal="3" offset="53" sl="303" sc="13" el="303" ec="92" bec="0" bev="0" fileid="2" />
                <SequencePoint vc="0" uspid="79" ordinal="4" offset="70" sl="304" sc="9" el="304" ec="10" bec="0" bev="0" fileid="2" />
              </SequencePoints>
              <BranchPoints />
              <MethodPoint xsi:type="SequencePoint" vc="0" uspid="75" ordinal="0" offset="0" sl="296" sc="9" el="296" ec="10" bec="0" bev="0" fileid="2" />
            </Method>
            <Method visited="false" cyclomaticComplexity="1" sequenceCoverage="0" branchCoverage="0" isConstructor="false" isStatic="false" isGetter="false" isSetter="false">
              <Summary numSequencePoints="5" visitedSequencePoints="0" numBranchPoints="1" visitedBranchPoints="0" sequenceCoverage="0" branchCoverage="0" maxCyclomaticComplexity="1" minCyclomaticComplexity="1" />
              <MetadataToken>100663314</MetadataToken>
              <Name>System.Void OpenHtmlToPdf.Tests.HtmlToPdfConversion::With_outline()</Name>
              <FileRef uid="2" />
              <SequencePoints>
                <SequencePoint vc="0" uspid="80" ordinal="0" offset="0" sl="308" sc="9" el="308" ec="10" bec="0" bev="0" fileid="2" />
                <SequencePoint vc="0" uspid="81" ordinal="1" offset="1" sl="311" sc="13" el="311" ec="83" bec="0" bev="0" fileid="2" />
                <SequencePoint vc="0" uspid="82" ordinal="2" offset="17" sl="313" sc="13" el="313" ec="65" bec="0" bev="0" fileid="2" />
                <SequencePoint vc="0" uspid="83" ordinal="3" offset="34" sl="315" sc="13" el="315" ec="92" bec="0" bev="0" fileid="2" />
                <SequencePoint vc="0" uspid="84" ordinal="4" offset="51" sl="316" sc="9" el="316" ec="10" bec="0" bev="0" fileid="2" />
              </SequencePoints>
              <BranchPoints />
              <MethodPoint xsi:type="SequencePoint" vc="0" uspid="80" ordinal="0" offset="0" sl="308" sc="9" el="308" ec="10" bec="0" bev="0" fileid="2" />
            </Method>
            <Method visited="false" cyclomaticComplexity="1" sequenceCoverage="0" branchCoverage="0" isConstructor="false" isStatic="false" isGetter="false" isSetter="false">
              <Summary numSequencePoints="5" visitedSequencePoints="0" numBranchPoints="1" visitedBranchPoints="0" sequenceCoverage="0" branchCoverage="0" maxCyclomaticComplexity="1" minCyclomaticComplexity="1" />
              <MetadataToken>100663315</MetadataToken>
              <Name>System.Void OpenHtmlToPdf.Tests.HtmlToPdfConversion::Without_outline()</Name>
              <FileRef uid="2" />
              <SequencePoints>
                <SequencePoint vc="0" uspid="85" ordinal="0" offset="0" sl="320" sc="9" el="320" ec="10" bec="0" bev="0" fileid="2" />
                <SequencePoint vc="0" uspid="86" ordinal="1" offset="1" sl="323" sc="13" el="323" ec="83" bec="0" bev="0" fileid="2" />
                <SequencePoint vc="0" uspid="87" ordinal="2" offset="17" sl="325" sc="13" el="325" ec="68" bec="0" bev="0" fileid="2" />
                <SequencePoint vc="0" uspid="88" ordinal="3" offset="34" sl="327" sc="13" el="327" ec="92" bec="0" bev="0" fileid="2" />
                <SequencePoint vc="0" uspid="89" ordinal="4" offset="51" sl="328" sc="9" el="328" ec="10" bec="0" bev="0" fileid="2" />
              </SequencePoints>
              <BranchPoints />
              <MethodPoint xsi:type="SequencePoint" vc="0" uspid="85" ordinal="0" offset="0" sl="320" sc="9" el="320" ec="10" bec="0" bev="0" fileid="2" />
            </Method>
            <Method visited="false" cyclomaticComplexity="1" sequenceCoverage="0" branchCoverage="0" isConstructor="false" isStatic="false" isGetter="false" isSetter="false">
              <Summary numSequencePoints="5" visitedSequencePoints="0" numBranchPoints="1" visitedBranchPoints="0" sequenceCoverage="0" branchCoverage="0" maxCyclomaticComplexity="1" minCyclomaticComplexity="1" />
              <MetadataToken>100663316</MetadataToken>
              <Name>System.Void OpenHtmlToPdf.Tests.HtmlToPdfConversion::Compressed()</Name>
              <FileRef uid="2" />
              <SequencePoints>
                <SequencePoint vc="0" uspid="90" ordinal="0" offset="0" sl="332" sc="9" el="332" ec="10" bec="0" bev="0" fileid="2" />
                <SequencePoint vc="0" uspid="91" ordinal="1" offset="1" sl="335" sc="13" el="335" ec="83" bec="0" bev="0" fileid="2" />
                <SequencePoint vc="0" uspid="92" ordinal="2" offset="17" sl="337" sc="13" el="337" ec="63" bec="0" bev="0" fileid="2" />
                <SequencePoint vc="0" uspid="93" ordinal="3" offset="34" sl="339" sc="13" el="339" ec="92" bec="0" bev="0" fileid="2" />
                <SequencePoint vc="0" uspid="94" ordinal="4" offset="51" sl="340" sc="9" el="340" ec="10" bec="0" bev="0" fileid="2" />
              </SequencePoints>
              <BranchPoints />
              <MethodPoint xsi:type="SequencePoint" vc="0" uspid="90" ordinal="0" offset="0" sl="332" sc="9" el="332" ec="10" bec="0" bev="0" fileid="2" />
            </Method>
            <Method visited="false" cyclomaticComplexity="1" sequenceCoverage="0" branchCoverage="0" isConstructor="false" isStatic="false" isGetter="false" isSetter="false">
              <Summary numSequencePoints="6" visitedSequencePoints="0" numBranchPoints="1" visitedBranchPoints="0" sequenceCoverage="0" branchCoverage="0" maxCyclomaticComplexity="1" minCyclomaticComplexity="1" />
              <MetadataToken>100663317</MetadataToken>
              <Name>System.Void OpenHtmlToPdf.Tests.HtmlToPdfConversion::Is_directory_agnostic()</Name>
              <FileRef uid="2" />
              <SequencePoints>
                <SequencePoint vc="0" uspid="95" ordinal="0" offset="0" sl="344" sc="9" el="344" ec="10" bec="0" bev="0" fileid="2" />
                <SequencePoint vc="0" uspid="96" ordinal="1" offset="1" sl="346" sc="13" el="346" ec="83" bec="0" bev="0" fileid="2" />
                <SequencePoint vc="0" uspid="97" ordinal="2" offset="17" sl="348" sc="13" el="348" ec="51" bec="0" bev="0" fileid="2" />
                <SequencePoint vc="0" uspid="98" ordinal="3" offset="28" sl="349" sc="13" el="349" ec="51" bec="0" bev="0" fileid="2" />
                <SequencePoint vc="0" uspid="99" ordinal="4" offset="40" sl="351" sc="13" el="351" ec="92" bec="0" bev="0" fileid="2" />
                <SequencePoint vc="0" uspid="100" ordinal="5" offset="57" sl="352" sc="9" el="352" ec="10" bec="0" bev="0" fileid="2" />
              </SequencePoints>
              <BranchPoints />
              <MethodPoint xsi:type="SequencePoint" vc="0" uspid="95" ordinal="0" offset="0" sl="344" sc="9" el="344" ec="10" bec="0" bev="0" fileid="2" />
            </Method>
            <Method visited="false" cyclomaticComplexity="4" sequenceCoverage="0" branchCoverage="0" isConstructor="false" isStatic="false" isGetter="false" isSetter="false">
              <Summary numSequencePoints="14" visitedSequencePoints="0" numBranchPoints="7" visitedBranchPoints="0" sequenceCoverage="0" branchCoverage="0" maxCyclomaticComplexity="4" minCyclomaticComplexity="4" />
              <MetadataToken>100663318</MetadataToken>
              <Name>System.Void OpenHtmlToPdf.Tests.HtmlToPdfConversion::Convert_multiple_documents_concurrently()</Name>
              <FileRef uid="2" />
              <SequencePoints>
                <SequencePoint vc="0" uspid="101" ordinal="0" offset="9" sl="356" sc="9" el="356" ec="10" bec="0" bev="0" fileid="2" />
                <SequencePoint vc="0" uspid="102" ordinal="1" offset="10" sl="359" sc="13" el="359" ec="83" bec="0" bev="0" fileid="2" />
                <SequencePoint vc="0" uspid="103" ordinal="2" offset="32" sl="360" sc="13" el="360" ec="50" bec="0" bev="0" fileid="2" />
                <SequencePoint vc="0" uspid="104" ordinal="3" offset="38" sl="362" sc="18" el="362" ec="28" bec="0" bev="0" fileid="2" />
                <SequencePoint vc="0" uspid="105" ordinal="4" offset="42" sl="363" sc="17" el="363" ec="69" bec="2" bev="0" fileid="2" />
                <SequencePoint vc="0" uspid="106" ordinal="5" offset="74" sl="362" sc="48" el="362" ec="51" bec="0" bev="0" fileid="2" />
                <SequencePoint vc="0" uspid="107" ordinal="6" offset="78" sl="362" sc="29" el="362" ec="46" bec="2" bev="0" fileid="2" />
                <SequencePoint vc="0" uspid="108" ordinal="7" offset="89" sl="365" sc="13" el="365" ec="58" bec="0" bev="0" fileid="2" />
                <SequencePoint vc="0" uspid="109" ordinal="8" offset="106" sl="367" sc="13" el="367" ec="20" bec="0" bev="0" fileid="2" />
                <SequencePoint vc="0" uspid="110" ordinal="9" offset="107" sl="367" sc="34" el="367" ec="39" bec="0" bev="0" fileid="2" />
                <SequencePoint vc="0" uspid="111" ordinal="10" offset="117" sl="367" sc="22" el="367" ec="30" bec="0" bev="0" fileid="2" />
                <SequencePoint vc="0" uspid="112" ordinal="11" offset="125" sl="368" sc="17" el="368" ec="101" bec="0" bev="0" fileid="2" />
                <SequencePoint vc="0" uspid="113" ordinal="12" offset="147" sl="367" sc="31" el="367" ec="33" bec="2" bev="0" fileid="2" />
                <SequencePoint vc="0" uspid="114" ordinal="13" offset="178" sl="369" sc="9" el="369" ec="10" bec="0" bev="0" fileid="2" />
              </SequencePoints>
              <BranchPoints>
                <BranchPoint vc="0" uspid="116" ordinal="0" offset="44" path="0" offsetchain="" offsetend="46" />
                <BranchPoint vc="0" uspid="117" ordinal="1" offset="44" path="1" offsetchain="" offsetend="62" />
                <BranchPoint vc="0" uspid="118" ordinal="2" offset="87" path="0" offsetchain="" offsetend="89" />
                <BranchPoint vc="0" uspid="119" ordinal="3" offset="87" path="1" offsetchain="" offsetend="42" />
                <BranchPoint vc="0" uspid="120" ordinal="4" offset="158" path="0" offsetchain="" offsetend="160" />
                <BranchPoint vc="0" uspid="121" ordinal="5" offset="158" path="1" offsetchain="" offsetend="117" />
              </BranchPoints>
              <MethodPoint vc="0" uspid="115" ordinal="0" offset="0" />
            </Method>
            <Method visited="false" cyclomaticComplexity="1" sequenceCoverage="0" branchCoverage="0" isConstructor="false" isStatic="false" isGetter="false" isSetter="false">
              <Summary numSequencePoints="9" visitedSequencePoints="0" numBranchPoints="1" visitedBranchPoints="0" sequenceCoverage="0" branchCoverage="0" maxCyclomaticComplexity="1" minCyclomaticComplexity="1" />
              <MetadataToken>100663319</MetadataToken>
              <Name>System.Void OpenHtmlToPdf.Tests.HtmlToPdfConversion::Convert_multiple_documents_sequently()</Name>
              <FileRef uid="2" />
              <SequencePoints>
                <SequencePoint vc="0" uspid="122" ordinal="0" offset="0" sl="373" sc="9" el="373" ec="10" bec="0" bev="0" fileid="2" />
                <SequencePoint vc="0" uspid="123" ordinal="1" offset="1" sl="375" sc="13" el="375" ec="83" bec="0" bev="0" fileid="2" />
                <SequencePoint vc="0" uspid="124" ordinal="2" offset="17" sl="377" sc="13" el="377" ec="50" bec="0" bev="0" fileid="2" />
                <SequencePoint vc="0" uspid="125" ordinal="3" offset="29" sl="378" sc="13" el="378" ec="51" bec="0" bev="0" fileid="2" />
                <SequencePoint vc="0" uspid="126" ordinal="4" offset="41" sl="379" sc="13" el="379" ec="50" bec="0" bev="0" fileid="2" />
                <SequencePoint vc="0" uspid="127" ordinal="5" offset="53" sl="381" sc="13" el="381" ec="91" bec="0" bev="0" fileid="2" />
                <SequencePoint vc="0" uspid="128" ordinal="6" offset="70" sl="382" sc="13" el="382" ec="92" bec="0" bev="0" fileid="2" />
                <SequencePoint vc="0" uspid="129" ordinal="7" offset="87" sl="383" sc="13" el="383" ec="91" bec="0" bev="0" fileid="2" />
                <SequencePoint vc="0" uspid="130" ordinal="8" offset="104" sl="384" sc="9" el="384" ec="10" bec="0" bev="0" fileid="2" />
              </SequencePoints>
              <BranchPoints />
              <MethodPoint xsi:type="SequencePoint" vc="0" uspid="122" ordinal="0" offset="0" sl="373" sc="9" el="373" ec="10" bec="0" bev="0" fileid="2" />
            </Method>
            <Method visited="false" cyclomaticComplexity="1" sequenceCoverage="0" branchCoverage="0" isConstructor="false" isStatic="false" isGetter="false" isSetter="false">
              <Summary numSequencePoints="5" visitedSequencePoints="0" numBranchPoints="1" visitedBranchPoints="0" sequenceCoverage="0" branchCoverage="0" maxCyclomaticComplexity="1" minCyclomaticComplexity="1" />
              <MetadataToken>100663320</MetadataToken>
              <Name>System.Void OpenHtmlToPdf.Tests.HtmlToPdfConversion::No_temporary_files_are_left_behind()</Name>
              <FileRef uid="2" />
              <SequencePoints>
                <SequencePoint vc="0" uspid="131" ordinal="0" offset="0" sl="389" sc="9" el="389" ec="10" bec="0" bev="0" fileid="2" />
                <SequencePoint vc="0" uspid="132" ordinal="1" offset="1" sl="391" sc="13" el="391" ec="83" bec="0" bev="0" fileid="2" />
                <SequencePoint vc="0" uspid="133" ordinal="2" offset="17" sl="393" sc="13" el="393" ec="38" bec="0" bev="0" fileid="2" />
                <SequencePoint vc="0" uspid="134" ordinal="3" offset="29" sl="395" sc="13" el="395" ec="120" bec="0" bev="0" fileid="2" />
                <SequencePoint vc="0" uspid="135" ordinal="4" offset="66" sl="396" sc="9" el="396" ec="10" bec="0" bev="0" fileid="2" />
              </SequencePoints>
              <BranchPoints />
              <MethodPoint xsi:type="SequencePoint" vc="0" uspid="131" ordinal="0" offset="0" sl="389" sc="9" el="389" ec="10" bec="0" bev="0" fileid="2" />
            </Method>
            <Method visited="false" cyclomaticComplexity="4" sequenceCoverage="0" branchCoverage="0" isConstructor="false" isStatic="false" isGetter="false" isSetter="false">
              <Summary numSequencePoints="14" visitedSequencePoints="0" numBranchPoints="7" visitedBranchPoints="0" sequenceCoverage="0" branchCoverage="0" maxCyclomaticComplexity="4" minCyclomaticComplexity="4" />
              <MetadataToken>100663321</MetadataToken>
              <Name>System.Void OpenHtmlToPdf.Tests.HtmlToPdfConversion::Convert_massive_number_of_documents()</Name>
              <FileRef uid="2" />
              <SequencePoints>
                <SequencePoint vc="0" uspid="136" ordinal="0" offset="9" sl="400" sc="9" el="400" ec="10" bec="0" bev="0" fileid="2" />
                <SequencePoint vc="0" uspid="137" ordinal="1" offset="10" sl="403" sc="13" el="403" ec="83" bec="0" bev="0" fileid="2" />
                <SequencePoint vc="0" uspid="138" ordinal="2" offset="32" sl="404" sc="13" el="404" ec="50" bec="0" bev="0" fileid="2" />
                <SequencePoint vc="0" uspid="139" ordinal="3" offset="38" sl="406" sc="18" el="406" ec="28" bec="0" bev="0" fileid="2" />
                <SequencePoint vc="0" uspid="140" ordinal="4" offset="42" sl="407" sc="17" el="407" ec="69" bec="2" bev="0" fileid="2" />
                <SequencePoint vc="0" uspid="141" ordinal="5" offset="74" sl="406" sc="48" el="406" ec="51" bec="0" bev="0" fileid="2" />
                <SequencePoint vc="0" uspid="142" ordinal="6" offset="78" sl="406" sc="29" el="406" ec="46" bec="2" bev="0" fileid="2" />
                <SequencePoint vc="0" uspid="143" ordinal="7" offset="89" sl="409" sc="13" el="409" ec="58" bec="0" bev="0" fileid="2" />
                <SequencePoint vc="0" uspid="144" ordinal="8" offset="106" sl="411" sc="13" el="411" ec="20" bec="0" bev="0" fileid="2" />
                <SequencePoint vc="0" uspid="145" ordinal="9" offset="107" sl="411" sc="34" el="411" ec="39" bec="0" bev="0" fileid="2" />
                <SequencePoint vc="0" uspid="146" ordinal="10" offset="117" sl="411" sc="22" el="411" ec="30" bec="0" bev="0" fileid="2" />
                <SequencePoint vc="0" uspid="147" ordinal="11" offset="125" sl="412" sc="17" el="412" ec="101" bec="0" bev="0" fileid="2" />
                <SequencePoint vc="0" uspid="148" ordinal="12" offset="147" sl="411" sc="31" el="411" ec="33" bec="2" bev="0" fileid="2" />
                <SequencePoint vc="0" uspid="149" ordinal="13" offset="178" sl="413" sc="9" el="413" ec="10" bec="0" bev="0" fileid="2" />
              </SequencePoints>
              <BranchPoints>
                <BranchPoint vc="0" uspid="151" ordinal="0" offset="44" path="0" offsetchain="" offsetend="46" />
                <BranchPoint vc="0" uspid="152" ordinal="1" offset="44" path="1" offsetchain="" offsetend="62" />
                <BranchPoint vc="0" uspid="153" ordinal="2" offset="87" path="0" offsetchain="" offsetend="89" />
                <BranchPoint vc="0" uspid="154" ordinal="3" offset="87" path="1" offsetchain="" offsetend="42" />
                <BranchPoint vc="0" uspid="155" ordinal="4" offset="158" path="0" offsetchain="" offsetend="160" />
                <BranchPoint vc="0" uspid="156" ordinal="5" offset="158" path="1" offsetchain="" offsetend="117" />
              </BranchPoints>
              <MethodPoint vc="0" uspid="150" ordinal="0" offset="0" />
            </Method>
            <Method visited="true" cyclomaticComplexity="1" sequenceCoverage="0" branchCoverage="0" isConstructor="true" isStatic="false" isGetter="false" isSetter="false">
              <Summary numSequencePoints="0" visitedSequencePoints="0" numBranchPoints="0" visitedBranchPoints="0" sequenceCoverage="0" branchCoverage="0" maxCyclomaticComplexity="1" minCyclomaticComplexity="1" />
              <MetadataToken>100663322</MetadataToken>
              <Name>System.Void OpenHtmlToPdf.Tests.HtmlToPdfConversion::.ctor()</Name>
              <SequencePoints />
              <BranchPoints />
              <MethodPoint vc="1" uspid="157" ordinal="0" offset="0" />
            </Method>
          </Methods>
        </Class>
        <Class>
          <Summary numSequencePoints="1" visitedSequencePoints="0" numBranchPoints="1" visitedBranchPoints="0" sequenceCoverage="0" branchCoverage="0" maxCyclomaticComplexity="1" minCyclomaticComplexity="1" />
          <FullName>OpenHtmlToPdf.Tests.HtmlToPdfConversion/&lt;&gt;c__DisplayClass2</FullName>
          <Methods>
            <Method visited="false" cyclomaticComplexity="1" sequenceCoverage="0" branchCoverage="0" isConstructor="true" isStatic="false" isGetter="false" isSetter="false">
              <Summary numSequencePoints="0" visitedSequencePoints="0" numBranchPoints="0" visitedBranchPoints="0" sequenceCoverage="0" branchCoverage="0" maxCyclomaticComplexity="1" minCyclomaticComplexity="1" />
              <MetadataToken>100663328</MetadataToken>
              <Name>System.Void OpenHtmlToPdf.Tests.HtmlToPdfConversion/&lt;&gt;c__DisplayClass2::.ctor()</Name>
              <SequencePoints />
              <BranchPoints />
              <MethodPoint vc="0" uspid="158" ordinal="0" offset="0" />
            </Method>
            <Method visited="false" cyclomaticComplexity="1" sequenceCoverage="0" branchCoverage="0" isConstructor="false" isStatic="false" isGetter="false" isSetter="false">
              <Summary numSequencePoints="1" visitedSequencePoints="0" numBranchPoints="1" visitedBranchPoints="0" sequenceCoverage="0" branchCoverage="0" maxCyclomaticComplexity="1" minCyclomaticComplexity="1" />
              <MetadataToken>100663329</MetadataToken>
              <Name>System.Byte[] OpenHtmlToPdf.Tests.HtmlToPdfConversion/&lt;&gt;c__DisplayClass2::&lt;Convert_multiple_documents_concurrently&gt;b__0()</Name>
              <FileRef uid="2" />
              <SequencePoints>
                <SequencePoint vc="0" uspid="159" ordinal="0" offset="0" sl="363" sc="42" el="363" ec="66" bec="0" bev="0" fileid="2" />
              </SequencePoints>
              <BranchPoints />
              <MethodPoint xsi:type="SequencePoint" vc="0" uspid="159" ordinal="0" offset="0" sl="363" sc="42" el="363" ec="66" bec="0" bev="0" fileid="2" />
            </Method>
          </Methods>
        </Class>
        <Class>
          <Summary numSequencePoints="1" visitedSequencePoints="0" numBranchPoints="1" visitedBranchPoints="0" sequenceCoverage="0" branchCoverage="0" maxCyclomaticComplexity="1" minCyclomaticComplexity="1" />
          <FullName>OpenHtmlToPdf.Tests.HtmlToPdfConversion/&lt;&gt;c__DisplayClass6</FullName>
          <Methods>
            <Method visited="false" cyclomaticComplexity="1" sequenceCoverage="0" branchCoverage="0" isConstructor="true" isStatic="false" isGetter="false" isSetter="false">
              <Summary numSequencePoints="0" visitedSequencePoints="0" numBranchPoints="0" visitedBranchPoints="0" sequenceCoverage="0" branchCoverage="0" maxCyclomaticComplexity="1" minCyclomaticComplexity="1" />
              <MetadataToken>100663330</MetadataToken>
              <Name>System.Void OpenHtmlToPdf.Tests.HtmlToPdfConversion/&lt;&gt;c__DisplayClass6::.ctor()</Name>
              <SequencePoints />
              <BranchPoints />
              <MethodPoint vc="0" uspid="160" ordinal="0" offset="0" />
            </Method>
            <Method visited="false" cyclomaticComplexity="1" sequenceCoverage="0" branchCoverage="0" isConstructor="false" isStatic="false" isGetter="false" isSetter="false">
              <Summary numSequencePoints="1" visitedSequencePoints="0" numBranchPoints="1" visitedBranchPoints="0" sequenceCoverage="0" branchCoverage="0" maxCyclomaticComplexity="1" minCyclomaticComplexity="1" />
              <MetadataToken>100663331</MetadataToken>
              <Name>System.Byte[] OpenHtmlToPdf.Tests.HtmlToPdfConversion/&lt;&gt;c__DisplayClass6::&lt;Convert_massive_number_of_documents&gt;b__4()</Name>
              <FileRef uid="2" />
              <SequencePoints>
                <SequencePoint vc="0" uspid="161" ordinal="0" offset="0" sl="407" sc="42" el="407" ec="66" bec="0" bev="0" fileid="2" />
              </SequencePoints>
              <BranchPoints />
              <MethodPoint xsi:type="SequencePoint" vc="0" uspid="161" ordinal="0" offset="0" sl="407" sc="42" el="407" ec="66" bec="0" bev="0" fileid="2" />
            </Method>
          </Methods>
        </Class>
        <Class>
          <Summary numSequencePoints="24" visitedSequencePoints="0" numBranchPoints="13" visitedBranchPoints="0" sequenceCoverage="0" branchCoverage="0" maxCyclomaticComplexity="2" minCyclomaticComplexity="1" />
          <FullName>OpenHtmlToPdf.Tests.Helpers.PdfDocumentReader</FullName>
          <Methods>
            <Method visited="false" cyclomaticComplexity="2" sequenceCoverage="0" branchCoverage="0" isConstructor="false" isStatic="true" isGetter="false" isSetter="false">
              <Summary numSequencePoints="5" visitedSequencePoints="0" numBranchPoints="3" visitedBranchPoints="0" sequenceCoverage="0" branchCoverage="0" maxCyclomaticComplexity="2" minCyclomaticComplexity="2" />
              <MetadataToken>100663323</MetadataToken>
              <Name>System.String OpenHtmlToPdf.Tests.Helpers.PdfDocumentReader::ToText(System.Byte[])</Name>
              <FileRef uid="5" />
              <SequencePoints>
                <SequencePoint vc="0" uspid="162" ordinal="0" offset="0" sl="12" sc="9" el="12" ec="10" bec="0" bev="0" fileid="5" />
                <SequencePoint vc="0" uspid="163" ordinal="1" offset="1" sl="13" sc="20" el="13" ec="62" bec="0" bev="0" fileid="5" />
                <SequencePoint vc="0" uspid="164" ordinal="2" offset="8" sl="14" sc="13" el="14" ec="14" bec="0" bev="0" fileid="5" />
                <SequencePoint vc="0" uspid="165" ordinal="3" offset="9" sl="15" sc="17" el="15" ec="82" bec="2" bev="0" fileid="5" />
                <SequencePoint vc="0" uspid="166" ordinal="4" offset="45" sl="17" sc="9" el="17" ec="10" bec="0" bev="0" fileid="5" />
              </SequencePoints>
              <BranchPoints>
                <BranchPoint vc="0" uspid="167" ordinal="0" offset="34" path="0" offsetchain="" offsetend="36" />
                <BranchPoint vc="0" uspid="168" ordinal="1" offset="34" path="1" offsetchain="" offsetend="43" />
              </BranchPoints>
              <MethodPoint xsi:type="SequencePoint" vc="0" uspid="162" ordinal="0" offset="0" sl="12" sc="9" el="12" ec="10" bec="0" bev="0" fileid="5" />
            </Method>
            <Method visited="false" cyclomaticComplexity="2" sequenceCoverage="0" branchCoverage="0" isConstructor="false" isStatic="true" isGetter="false" isSetter="false">
              <Summary numSequencePoints="5" visitedSequencePoints="0" numBranchPoints="3" visitedBranchPoints="0" sequenceCoverage="0" branchCoverage="0" maxCyclomaticComplexity="2" minCyclomaticComplexity="2" />
              <MetadataToken>100663324</MetadataToken>
              <Name>System.String OpenHtmlToPdf.Tests.Helpers.PdfDocumentReader::Title(System.Byte[])</Name>
              <FileRef uid="5" />
              <SequencePoints>
                <SequencePoint vc="0" uspid="169" ordinal="0" offset="0" sl="20" sc="9" el="20" ec="10" bec="0" bev="0" fileid="5" />
                <SequencePoint vc="0" uspid="170" ordinal="1" offset="1" sl="21" sc="20" el="21" ec="62" bec="0" bev="0" fileid="5" />
                <SequencePoint vc="0" uspid="171" ordinal="2" offset="8" sl="22" sc="13" el="22" ec="14" bec="0" bev="0" fileid="5" />
                <SequencePoint vc="0" uspid="172" ordinal="3" offset="9" sl="23" sc="17" el="23" ec="48" bec="2" bev="0" fileid="5" />
                <SequencePoint vc="0" uspid="173" ordinal="4" offset="45" sl="25" sc="9" el="25" ec="10" bec="0" bev="0" fileid="5" />
              </SequencePoints>
              <BranchPoints>
                <BranchPoint vc="0" uspid="174" ordinal="0" offset="34" path="0" offsetchain="" offsetend="36" />
                <BranchPoint vc="0" uspid="175" ordinal="1" offset="34" path="1" offsetchain="" offsetend="43" />
              </BranchPoints>
              <MethodPoint xsi:type="SequencePoint" vc="0" uspid="169" ordinal="0" offset="0" sl="20" sc="9" el="20" ec="10" bec="0" bev="0" fileid="5" />
            </Method>
            <Method visited="false" cyclomaticComplexity="2" sequenceCoverage="0" branchCoverage="0" isConstructor="false" isStatic="true" isGetter="false" isSetter="false">
              <Summary numSequencePoints="5" visitedSequencePoints="0" numBranchPoints="3" visitedBranchPoints="0" sequenceCoverage="0" branchCoverage="0" maxCyclomaticComplexity="2" minCyclomaticComplexity="2" />
              <MetadataToken>100663325</MetadataToken>
              <Name>System.Single OpenHtmlToPdf.Tests.Helpers.PdfDocumentReader::WidthOfFirstPage(System.Byte[])</Name>
              <FileRef uid="5" />
              <SequencePoints>
                <SequencePoint vc="0" uspid="176" ordinal="0" offset="0" sl="28" sc="9" el="28" ec="10" bec="0" bev="0" fileid="5" />
                <SequencePoint vc="0" uspid="177" ordinal="1" offset="1" sl="29" sc="20" el="29" ec="62" bec="0" bev="0" fileid="5" />
                <SequencePoint vc="0" uspid="178" ordinal="2" offset="8" sl="30" sc="13" el="30" ec="14" bec="0" bev="0" fileid="5" />
                <SequencePoint vc="0" uspid="179" ordinal="3" offset="9" sl="31" sc="17" el="31" ec="55" bec="2" bev="0" fileid="5" />
                <SequencePoint vc="0" uspid="180" ordinal="4" offset="41" sl="33" sc="9" el="33" ec="10" bec="0" bev="0" fileid="5" />
              </SequencePoints>
              <BranchPoints>
                <BranchPoint vc="0" uspid="181" ordinal="0" offset="30" path="0" offsetchain="" offsetend="32" />
                <BranchPoint vc="0" uspid="182" ordinal="1" offset="30" path="1" offsetchain="" offsetend="39" />
              </BranchPoints>
              <MethodPoint xsi:type="SequencePoint" vc="0" uspid="176" ordinal="0" offset="0" sl="28" sc="9" el="28" ec="10" bec="0" bev="0" fileid="5" />
            </Method>
            <Method visited="false" cyclomaticComplexity="2" sequenceCoverage="0" branchCoverage="0" isConstructor="false" isStatic="true" isGetter="false" isSetter="false">
              <Summary numSequencePoints="5" visitedSequencePoints="0" numBranchPoints="3" visitedBranchPoints="0" sequenceCoverage="0" branchCoverage="0" maxCyclomaticComplexity="2" minCyclomaticComplexity="2" />
              <MetadataToken>100663326</MetadataToken>
              <Name>System.Single OpenHtmlToPdf.Tests.Helpers.PdfDocumentReader::HeightOfFirstPage(System.Byte[])</Name>
              <FileRef uid="5" />
              <SequencePoints>
                <SequencePoint vc="0" uspid="183" ordinal="0" offset="0" sl="36" sc="9" el="36" ec="10" bec="0" bev="0" fileid="5" />
                <SequencePoint vc="0" uspid="184" ordinal="1" offset="1" sl="37" sc="20" el="37" ec="62" bec="0" bev="0" fileid="5" />
                <SequencePoint vc="0" uspid="185" ordinal="2" offset="8" sl="38" sc="13" el="38" ec="14" bec="0" bev="0" fileid="5" />
                <SequencePoint vc="0" uspid="186" ordinal="3" offset="9" sl="39" sc="17" el="39" ec="56" bec="2" bev="0" fileid="5" />
                <SequencePoint vc="0" uspid="187" ordinal="4" offset="41" sl="41" sc="9" el="41" ec="10" bec="0" bev="0" fileid="5" />
              </SequencePoints>
              <BranchPoints>
                <BranchPoint vc="0" uspid="188" ordinal="0" offset="30" path="0" offsetchain="" offsetend="32" />
                <BranchPoint vc="0" uspid="189" ordinal="1" offset="30" path="1" offsetchain="" offsetend="39" />
              </BranchPoints>
              <MethodPoint xsi:type="SequencePoint" vc="0" uspid="183" ordinal="0" offset="0" sl="36" sc="9" el="36" ec="10" bec="0" bev="0" fileid="5" />
            </Method>
            <Method visited="false" cyclomaticComplexity="1" sequenceCoverage="0" branchCoverage="0" isConstructor="false" isStatic="true" isGetter="false" isSetter="false">
              <Summary numSequencePoints="4" visitedSequencePoints="0" numBranchPoints="1" visitedBranchPoints="0" sequenceCoverage="0" branchCoverage="0" maxCyclomaticComplexity="1" minCyclomaticComplexity="1" />
              <MetadataToken>100663327</MetadataToken>
              <Name>System.Collections.Generic.IEnumerable`1&lt;System.String&gt; OpenHtmlToPdf.Tests.Helpers.PdfDocumentReader::GetLinesFrom(iTextSharp.text.pdf.PdfReader)</Name>
              <FileRef uid="5" />
              <SequencePoints>
                <SequencePoint vc="0" uspid="190" ordinal="0" offset="13" sl="44" sc="9" el="44" ec="10" bec="0" bev="0" fileid="5" />
                <SequencePoint vc="0" uspid="191" ordinal="1" offset="14" sl="45" sc="13" el="45" ec="63" bec="0" bev="0" fileid="5" />
                <SequencePoint vc="0" uspid="192" ordinal="2" offset="25" sl="47" sc="13" el="49" ec="88" bec="0" bev="0" fileid="5" />
                <SequencePoint vc="0" uspid="193" ordinal="3" offset="62" sl="50" sc="9" el="50" ec="10" bec="0" bev="0" fileid="5" />
              </SequencePoints>
              <BranchPoints />
              <MethodPoint vc="0" uspid="194" ordinal="0" offset="0" />
            </Method>
          </Methods>
        </Class>
        <Class>
          <Summary numSequencePoints="1" visitedSequencePoints="0" numBranchPoints="1" visitedBranchPoints="0" sequenceCoverage="0" branchCoverage="0" maxCyclomaticComplexity="1" minCyclomaticComplexity="1" />
          <FullName>OpenHtmlToPdf.Tests.Helpers.PdfDocumentReader/&lt;&gt;c__DisplayClass1</FullName>
          <Methods>
            <Method visited="false" cyclomaticComplexity="1" sequenceCoverage="0" branchCoverage="0" isConstructor="true" isStatic="false" isGetter="false" isSetter="false">
              <Summary numSequencePoints="0" visitedSequencePoints="0" numBranchPoints="0" visitedBranchPoints="0" sequenceCoverage="0" branchCoverage="0" maxCyclomaticComplexity="1" minCyclomaticComplexity="1" />
              <MetadataToken>100663332</MetadataToken>
              <Name>System.Void OpenHtmlToPdf.Tests.Helpers.PdfDocumentReader/&lt;&gt;c__DisplayClass1::.ctor()</Name>
              <SequencePoints />
              <BranchPoints />
              <MethodPoint vc="0" uspid="195" ordinal="0" offset="0" />
            </Method>
            <Method visited="false" cyclomaticComplexity="1" sequenceCoverage="0" branchCoverage="0" isConstructor="false" isStatic="false" isGetter="false" isSetter="false">
              <Summary numSequencePoints="1" visitedSequencePoints="0" numBranchPoints="1" visitedBranchPoints="0" sequenceCoverage="0" branchCoverage="0" maxCyclomaticComplexity="1" minCyclomaticComplexity="1" />
              <MetadataToken>100663333</MetadataToken>
              <Name>System.String OpenHtmlToPdf.Tests.Helpers.PdfDocumentReader/&lt;&gt;c__DisplayClass1::&lt;GetLinesFrom&gt;b__0(System.Int32)</Name>
              <FileRef uid="5" />
              <SequencePoints>
                <SequencePoint vc="0" uspid="196" ordinal="0" offset="0" sl="49" sc="30" el="49" ec="86" bec="0" bev="0" fileid="5" />
              </SequencePoints>
              <BranchPoints />
              <MethodPoint xsi:type="SequencePoint" vc="0" uspid="196" ordinal="0" offset="0" sl="49" sc="30" el="49" ec="86" bec="0" bev="0" fileid="5" />
            </Method>
          </Methods>
        </Class>
      </Classes>
    </Module>
    <Module skippedDueTo="MissingPdb" hash="A2-D0-DB-C9-20-FB-37-90-D4-D6-25-E5-C4-7B-E0-42-CA-32-C0-51">
      <FullName>C:\Users\Serguei\AppData\Local\Temp\nunit20\ShadowCopyCache\2340_638211275052396728\Tests_13200031\assembly\dl3\8c78cc0b\294e5e83_bb84d701\nunit.framework.dll</FullName>
      <ModuleName>nunit.framework</ModuleName>
      <Classes />
    </Module>
    <Module hash="1E-6F-D1-42-18-90-8F-5C-0C-88-56-B5-FA-BD-0C-1B-31-86-94-0F">
      <Summary numSequencePoints="605" visitedSequencePoints="69" numBranchPoints="210" visitedBranchPoints="27" sequenceCoverage="11.40" branchCoverage="12.86" maxCyclomaticComplexity="3" minCyclomaticComplexity="1" />
      <FullName>C:\Users\Serguei\AppData\Local\Temp\nunit20\ShadowCopyCache\2340_638211275052396728\Tests_13200031\assembly\dl3\c5aa9e44\e710bd05_d093d901\OpenHtmlToPdf.dll</FullName>
      <ModuleName>OpenHtmlToPdf</ModuleName>
      <Files>
        <File uid="13" fullPath="c:\developer\sergueik\powershell_ui_samples\external\csharp\openhtml_pdf\OpenHtmlToPdf\Assets\ConverterExecutable.cs" />
        <File uid="14" fullPath="c:\developer\sergueik\powershell_ui_samples\external\csharp\openhtml_pdf\OpenHtmlToPdf\DocumentCreationFailedException.cs" />
        <File uid="15" fullPath="c:\developer\sergueik\powershell_ui_samples\external\csharp\openhtml_pdf\OpenHtmlToPdf\LengthConversion.cs" />
        <File uid="16" fullPath="c:\developer\sergueik\powershell_ui_samples\external\csharp\openhtml_pdf\OpenHtmlToPdf\Length.cs" />
        <File uid="17" fullPath="c:\developer\sergueik\powershell_ui_samples\external\csharp\openhtml_pdf\OpenHtmlToPdf\Pdf.cs" />
        <File uid="19" fullPath="c:\developer\sergueik\powershell_ui_samples\external\csharp\openhtml_pdf\OpenHtmlToPdf\FluentSettings.cs" />
        <File uid="20" fullPath="c:\developer\sergueik\powershell_ui_samples\external\csharp\openhtml_pdf\OpenHtmlToPdf\PaperMargins.cs" />
        <File uid="21" fullPath="c:\developer\sergueik\powershell_ui_samples\external\csharp\openhtml_pdf\OpenHtmlToPdf\PaperSize.cs" />
        <File uid="22" fullPath="c:\developer\sergueik\powershell_ui_samples\external\csharp\openhtml_pdf\OpenHtmlToPdf\PdfDocumentCreationFailedException.cs" />
        <File uid="23" fullPath="c:\developer\sergueik\powershell_ui_samples\external\csharp\openhtml_pdf\OpenHtmlToPdf\HtmlToPdfConverterProcess.cs" />
        <File uid="24" fullPath="c:\developer\sergueik\powershell_ui_samples\external\csharp\openhtml_pdf\OpenHtmlToPdf\TemporaryPdf.cs" />
      </Files>
      <Classes>
        <Class>
          <Summary numSequencePoints="0" visitedSequencePoints="0" numBranchPoints="0" visitedBranchPoints="0" sequenceCoverage="0" branchCoverage="0" maxCyclomaticComplexity="0" minCyclomaticComplexity="0" />
          <FullName>&lt;Module&gt;</FullName>
          <Methods />
        </Class>
        <Class>
          <Summary numSequencePoints="0" visitedSequencePoints="0" numBranchPoints="0" visitedBranchPoints="0" sequenceCoverage="0" branchCoverage="0" maxCyclomaticComplexity="1" minCyclomaticComplexity="1" />
          <FullName>OpenHtmlToPdf.WkHtmlToPdf.ConversionSource</FullName>
          <Methods>
            <Method visited="false" cyclomaticComplexity="1" sequenceCoverage="0" branchCoverage="0" isConstructor="false" isStatic="false" isGetter="true" isSetter="false">
              <Summary numSequencePoints="0" visitedSequencePoints="0" numBranchPoints="0" visitedBranchPoints="0" sequenceCoverage="0" branchCoverage="0" maxCyclomaticComplexity="1" minCyclomaticComplexity="1" />
              <MetadataToken>100663297</MetadataToken>
              <Name>System.String OpenHtmlToPdf.WkHtmlToPdf.ConversionSource::get_Html()</Name>
              <SequencePoints />
              <BranchPoints />
              <MethodPoint vc="0" uspid="197" ordinal="0" offset="0" />
            </Method>
            <Method visited="true" cyclomaticComplexity="1" sequenceCoverage="0" branchCoverage="0" isConstructor="false" isStatic="false" isGetter="false" isSetter="true">
              <Summary numSequencePoints="0" visitedSequencePoints="0" numBranchPoints="0" visitedBranchPoints="0" sequenceCoverage="0" branchCoverage="0" maxCyclomaticComplexity="1" minCyclomaticComplexity="1" />
              <MetadataToken>100663298</MetadataToken>
              <Name>System.Void OpenHtmlToPdf.WkHtmlToPdf.ConversionSource::set_Html(System.String)</Name>
              <SequencePoints />
              <BranchPoints />
              <MethodPoint vc="1" uspid="198" ordinal="0" offset="0" />
            </Method>
            <Method visited="false" cyclomaticComplexity="1" sequenceCoverage="0" branchCoverage="0" isConstructor="false" isStatic="false" isGetter="true" isSetter="false">
              <Summary numSequencePoints="0" visitedSequencePoints="0" numBranchPoints="0" visitedBranchPoints="0" sequenceCoverage="0" branchCoverage="0" maxCyclomaticComplexity="1" minCyclomaticComplexity="1" />
              <MetadataToken>100663299</MetadataToken>
              <Name>System.Collections.Generic.IDictionary`2&lt;System.String,System.String&gt; OpenHtmlToPdf.WkHtmlToPdf.ConversionSource::get_GlobalSettings()</Name>
              <SequencePoints />
              <BranchPoints />
              <MethodPoint vc="0" uspid="199" ordinal="0" offset="0" />
            </Method>
            <Method visited="true" cyclomaticComplexity="1" sequenceCoverage="0" branchCoverage="0" isConstructor="false" isStatic="false" isGetter="false" isSetter="true">
              <Summary numSequencePoints="0" visitedSequencePoints="0" numBranchPoints="0" visitedBranchPoints="0" sequenceCoverage="0" branchCoverage="0" maxCyclomaticComplexity="1" minCyclomaticComplexity="1" />
              <MetadataToken>100663300</MetadataToken>
              <Name>System.Void OpenHtmlToPdf.WkHtmlToPdf.ConversionSource::set_GlobalSettings(System.Collections.Generic.IDictionary`2&lt;System.String,System.String&gt;)</Name>
              <SequencePoints />
              <BranchPoints />
              <MethodPoint vc="1" uspid="200" ordinal="0" offset="0" />
            </Method>
            <Method visited="false" cyclomaticComplexity="1" sequenceCoverage="0" branchCoverage="0" isConstructor="false" isStatic="false" isGetter="true" isSetter="false">
              <Summary numSequencePoints="0" visitedSequencePoints="0" numBranchPoints="0" visitedBranchPoints="0" sequenceCoverage="0" branchCoverage="0" maxCyclomaticComplexity="1" minCyclomaticComplexity="1" />
              <MetadataToken>100663301</MetadataToken>
              <Name>System.Collections.Generic.IDictionary`2&lt;System.String,System.String&gt; OpenHtmlToPdf.WkHtmlToPdf.ConversionSource::get_ObjectSettings()</Name>
              <SequencePoints />
              <BranchPoints />
              <MethodPoint vc="0" uspid="201" ordinal="0" offset="0" />
            </Method>
            <Method visited="true" cyclomaticComplexity="1" sequenceCoverage="0" branchCoverage="0" isConstructor="false" isStatic="false" isGetter="false" isSetter="true">
              <Summary numSequencePoints="0" visitedSequencePoints="0" numBranchPoints="0" visitedBranchPoints="0" sequenceCoverage="0" branchCoverage="0" maxCyclomaticComplexity="1" minCyclomaticComplexity="1" />
              <MetadataToken>100663302</MetadataToken>
              <Name>System.Void OpenHtmlToPdf.WkHtmlToPdf.ConversionSource::set_ObjectSettings(System.Collections.Generic.IDictionary`2&lt;System.String,System.String&gt;)</Name>
              <SequencePoints />
              <BranchPoints />
              <MethodPoint vc="1" uspid="202" ordinal="0" offset="0" />
            </Method>
            <Method visited="true" cyclomaticComplexity="1" sequenceCoverage="0" branchCoverage="0" isConstructor="true" isStatic="false" isGetter="false" isSetter="false">
              <Summary numSequencePoints="0" visitedSequencePoints="0" numBranchPoints="0" visitedBranchPoints="0" sequenceCoverage="0" branchCoverage="0" maxCyclomaticComplexity="1" minCyclomaticComplexity="1" />
              <MetadataToken>100663303</MetadataToken>
              <Name>System.Void OpenHtmlToPdf.WkHtmlToPdf.ConversionSource::.ctor()</Name>
              <SequencePoints />
              <BranchPoints />
              <MethodPoint vc="1" uspid="203" ordinal="0" offset="0" />
            </Method>
          </Methods>
        </Class>
        <Class>
          <Summary numSequencePoints="47" visitedSequencePoints="28" numBranchPoints="20" visitedBranchPoints="12" sequenceCoverage="59.57" branchCoverage="60" maxCyclomaticComplexity="3" minCyclomaticComplexity="1" />
          <FullName>OpenHtmlToPdf.Assets.ConverterExecutable</FullName>
          <Methods>
            <Method visited="true" cyclomaticComplexity="1" sequenceCoverage="100" branchCoverage="100" isConstructor="false" isStatic="false" isGetter="true" isSetter="false">
              <Summary numSequencePoints="3" visitedSequencePoints="3" numBranchPoints="1" visitedBranchPoints="1" sequenceCoverage="100" branchCoverage="100" maxCyclomaticComplexity="1" minCyclomaticComplexity="1" />
              <MetadataToken>100663306</MetadataToken>
              <Name>System.String OpenHtmlToPdf.Assets.ConverterExecutable::get_FullConverterExecutableFilename()</Name>
              <FileRef uid="13" />
              <SequencePoints>
                <SequencePoint vc="1" uspid="204" ordinal="0" offset="0" sl="26" sc="17" el="26" ec="18" bec="0" bev="0" fileid="13" />
                <SequencePoint vc="1" uspid="205" ordinal="1" offset="1" sl="26" sc="19" el="26" ec="69" bec="0" bev="0" fileid="13" />
                <SequencePoint vc="1" uspid="206" ordinal="2" offset="9" sl="26" sc="70" el="26" ec="71" bec="0" bev="0" fileid="13" />
              </SequencePoints>
              <BranchPoints />
              <MethodPoint xsi:type="SequencePoint" vc="1" uspid="204" ordinal="0" offset="0" sl="26" sc="17" el="26" ec="18" bec="0" bev="0" fileid="13" />
            </Method>
            <Method visited="true" cyclomaticComplexity="1" sequenceCoverage="100" branchCoverage="100" isConstructor="true" isStatic="false" isGetter="false" isSetter="false">
              <Summary numSequencePoints="3" visitedSequencePoints="3" numBranchPoints="1" visitedBranchPoints="1" sequenceCoverage="100" branchCoverage="100" maxCyclomaticComplexity="1" minCyclomaticComplexity="1" />
              <MetadataToken>100663304</MetadataToken>
              <Name>System.Void OpenHtmlToPdf.Assets.ConverterExecutable::.ctor()</Name>
              <FileRef uid="13" />
              <SequencePoints>
                <SequencePoint vc="1" uspid="207" ordinal="0" offset="0" sl="11" sc="9" el="11" ec="38" bec="0" bev="0" fileid="13" />
                <SequencePoint vc="1" uspid="208" ordinal="1" offset="7" sl="12" sc="9" el="12" ec="10" bec="0" bev="0" fileid="13" />
                <SequencePoint vc="1" uspid="209" ordinal="2" offset="8" sl="13" sc="9" el="13" ec="10" bec="0" bev="0" fileid="13" />
              </SequencePoints>
              <BranchPoints />
              <MethodPoint xsi:type="SequencePoint" vc="1" uspid="207" ordinal="0" offset="0" sl="11" sc="9" el="11" ec="38" bec="0" bev="0" fileid="13" />
            </Method>
            <Method visited="true" cyclomaticComplexity="1" sequenceCoverage="60" branchCoverage="100" isConstructor="false" isStatic="true" isGetter="false" isSetter="false">
              <Summary numSequencePoints="5" visitedSequencePoints="3" numBranchPoints="1" visitedBranchPoints="1" sequenceCoverage="60" branchCoverage="100" maxCyclomaticComplexity="1" minCyclomaticComplexity="1" />
              <MetadataToken>100663305</MetadataToken>
              <Name>OpenHtmlToPdf.Assets.ConverterExecutable OpenHtmlToPdf.Assets.ConverterExecutable::Get()</Name>
              <FileRef uid="13" />
              <SequencePoints>
                <SequencePoint vc="1" uspid="210" ordinal="0" offset="0" sl="16" sc="9" el="16" ec="10" bec="0" bev="0" fileid="13" />
                <SequencePoint vc="1" uspid="211" ordinal="1" offset="1" sl="17" sc="13" el="17" ec="57" bec="0" bev="0" fileid="13" />
                <SequencePoint vc="1" uspid="212" ordinal="2" offset="7" sl="19" sc="13" el="19" ec="67" bec="0" bev="0" fileid="13" />
                <SequencePoint vc="0" uspid="213" ordinal="3" offset="14" sl="21" sc="13" el="21" ec="32" bec="0" bev="0" fileid="13" />
                <SequencePoint vc="0" uspid="214" ordinal="4" offset="18" sl="22" sc="9" el="22" ec="10" bec="0" bev="0" fileid="13" />
              </SequencePoints>
              <BranchPoints />
              <MethodPoint xsi:type="SequencePoint" vc="1" uspid="210" ordinal="0" offset="0" sl="16" sc="9" el="16" ec="10" bec="0" bev="0" fileid="13" />
            </Method>
            <Method visited="true" cyclomaticComplexity="2" sequenceCoverage="75" branchCoverage="66.67" isConstructor="false" isStatic="false" isGetter="false" isSetter="false">
              <Summary numSequencePoints="4" visitedSequencePoints="3" numBranchPoints="3" visitedBranchPoints="2" sequenceCoverage="75" branchCoverage="66.67" maxCyclomaticComplexity="2" minCyclomaticComplexity="2" />
              <MetadataToken>100663307</MetadataToken>
              <Name>System.Void OpenHtmlToPdf.Assets.ConverterExecutable::CreateIfConverterExecutableDoesNotExist()</Name>
              <FileRef uid="13" />
              <SequencePoints>
                <SequencePoint vc="1" uspid="215" ordinal="0" offset="0" sl="30" sc="9" el="30" ec="10" bec="0" bev="0" fileid="13" />
                <SequencePoint vc="1" uspid="216" ordinal="1" offset="1" sl="31" sc="13" el="31" ec="63" bec="2" bev="1" fileid="13" />
                <SequencePoint vc="1" uspid="217" ordinal="2" offset="16" sl="32" sc="17" el="32" ec="57" bec="0" bev="0" fileid="13" />
                <SequencePoint vc="0" uspid="218" ordinal="3" offset="28" sl="33" sc="9" el="33" ec="10" bec="0" bev="0" fileid="13" />
              </SequencePoints>
              <BranchPoints>
                <BranchPoint vc="1" uspid="219" ordinal="0" offset="14" path="0" offsetchain="" offsetend="16" />
                <BranchPoint vc="0" uspid="220" ordinal="1" offset="14" path="1" offsetchain="" offsetend="28" />
              </BranchPoints>
              <MethodPoint xsi:type="SequencePoint" vc="1" uspid="215" ordinal="0" offset="0" sl="30" sc="9" el="30" ec="10" bec="0" bev="0" fileid="13" />
            </Method>
            <Method visited="true" cyclomaticComplexity="2" sequenceCoverage="57.14" branchCoverage="66.67" isConstructor="false" isStatic="true" isGetter="false" isSetter="false">
              <Summary numSequencePoints="7" visitedSequencePoints="4" numBranchPoints="3" visitedBranchPoints="2" sequenceCoverage="57.14" branchCoverage="66.67" maxCyclomaticComplexity="2" minCyclomaticComplexity="2" />
              <MetadataToken>100663308</MetadataToken>
              <Name>System.Byte[] OpenHtmlToPdf.Assets.ConverterExecutable::GetConverterExecutableContent()</Name>
              <FileRef uid="13" />
              <SequencePoints>
                <SequencePoint vc="1" uspid="221" ordinal="0" offset="0" sl="36" sc="9" el="36" ec="10" bec="0" bev="0" fileid="13" />
                <SequencePoint vc="1" uspid="222" ordinal="1" offset="1" sl="37" sc="20" el="37" ec="65" bec="0" bev="0" fileid="13" />
                <SequencePoint vc="1" uspid="223" ordinal="2" offset="7" sl="38" sc="13" el="38" ec="14" bec="0" bev="0" fileid="13" />
                <SequencePoint vc="1" uspid="224" ordinal="3" offset="8" sl="39" sc="17" el="39" ec="64" bec="0" bev="0" fileid="13" />
                <SequencePoint vc="0" uspid="225" ordinal="4" offset="21" sl="41" sc="17" el="41" ec="67" bec="0" bev="0" fileid="13" />
                <SequencePoint vc="0" uspid="226" ordinal="5" offset="33" sl="43" sc="17" el="43" ec="33" bec="2" bev="1" fileid="13" />
                <SequencePoint vc="0" uspid="227" ordinal="6" offset="54" sl="45" sc="9" el="45" ec="10" bec="0" bev="0" fileid="13" />
              </SequencePoints>
              <BranchPoints>
[...]
              <FileRef uid="23" />
              <SequencePoints>
                <SequencePoint vc="1" uspid="767" ordinal="0" offset="0" sl="22" sc="9" el="22" ec="10" bec="0" bev="0" fileid="23" />
                <SequencePoint vc="1" uspid="768" ordinal="1" offset="1" sl="23" sc="13" el="23" ec="58" bec="0" bev="0" fileid="23" />
                <SequencePoint vc="0" uspid="769" ordinal="2" offset="7" sl="24" sc="13" el="24" ec="59" bec="0" bev="0" fileid="23" />
                <SequencePoint vc="0" uspid="770" ordinal="3" offset="14" sl="26" sc="13" el="26" ec="47" bec="0" bev="0" fileid="23" />
                <SequencePoint vc="0" uspid="771" ordinal="4" offset="22" sl="27" sc="9" el="27" ec="10" bec="0" bev="0" fileid="23" />
              </SequencePoints>
              <BranchPoints />
              <MethodPoint xsi:type="SequencePoint" vc="1" uspid="767" ordinal="0" offset="0" sl="22" sc="9" el="22" ec="10" bec="0" bev="0" fileid="23" />
            </Method>
            <Method visited="false" cyclomaticComplexity="1" sequenceCoverage="0" branchCoverage="0" isConstructor="false" isStatic="true" isGetter="false" isSetter="false">
              <Summary numSequencePoints="5" visitedSequencePoints="0" numBranchPoints="1" visitedBranchPoints="0" sequenceCoverage="0" branchCoverage="0" maxCyclomaticComplexity="1" minCyclomaticComplexity="1" />
              <MetadataToken>100663481</MetadataToken>
              <Name>System.Void OpenHtmlToPdf.HtmlToPdfConverterProcess::Convert(System.Diagnostics.Process,OpenHtmlToPdf.WkHtmlToPdf.ConversionSource)</Name>
              <FileRef uid="23" />
              <SequencePoints>
                <SequencePoint vc="0" uspid="772" ordinal="0" offset="0" sl="30" sc="9" el="30" ec="10" bec="0" bev="0" fileid="23" />
                <SequencePoint vc="0" uspid="773" ordinal="1" offset="1" sl="31" sc="13" el="31" ec="60" bec="0" bev="0" fileid="23" />
                <SequencePoint vc="0" uspid="774" ordinal="2" offset="9" sl="32" sc="13" el="32" ec="35" bec="0" bev="0" fileid="23" />
                <SequencePoint vc="0" uspid="775" ordinal="3" offset="16" sl="33" sc="13" el="33" ec="51" bec="0" bev="0" fileid="23" />
                <SequencePoint vc="0" uspid="776" ordinal="4" offset="23" sl="34" sc="9" el="34" ec="10" bec="0" bev="0" fileid="23" />
              </SequencePoints>
              <BranchPoints />
              <MethodPoint xsi:type="SequencePoint" vc="0" uspid="772" ordinal="0" offset="0" sl="30" sc="9" el="30" ec="10" bec="0" bev="0" fileid="23" />
            </Method>
            <Method visited="false" cyclomaticComplexity="2" sequenceCoverage="0" branchCoverage="0" isConstructor="false" isStatic="true" isGetter="false" isSetter="false">
              <Summary numSequencePoints="4" visitedSequencePoints="0" numBranchPoints="3" visitedBranchPoints="0" sequenceCoverage="0" branchCoverage="0" maxCyclomaticComplexity="2" minCyclomaticComplexity="2" />
              <MetadataToken>100663482</MetadataToken>
              <Name>System.Void OpenHtmlToPdf.HtmlToPdfConverterProcess::RaiseExceptionIfErrorOccured(System.Diagnostics.Process)</Name>
              <FileRef uid="23" />
              <SequencePoints>
                <SequencePoint vc="0" uspid="777" ordinal="0" offset="0" sl="37" sc="9" el="37" ec="10" bec="0" bev="0" fileid="23" />
                <SequencePoint vc="0" uspid="778" ordinal="1" offset="1" sl="38" sc="13" el="38" ec="39" bec="2" bev="0" fileid="23" />
                <SequencePoint vc="0" uspid="779" ordinal="2" offset="14" sl="39" sc="17" el="39" ec="97" bec="0" bev="0" fileid="23" />
                <SequencePoint vc="0" uspid="780" ordinal="3" offset="31" sl="40" sc="9" el="40" ec="10" bec="0" bev="0" fileid="23" />
              </SequencePoints>
              <BranchPoints>
                <BranchPoint vc="0" uspid="781" ordinal="0" offset="12" path="0" offsetchain="" offsetend="14" />
                <BranchPoint vc="0" uspid="782" ordinal="1" offset="12" path="1" offsetchain="" offsetend="31" />
              </BranchPoints>
              <MethodPoint xsi:type="SequencePoint" vc="0" uspid="777" ordinal="0" offset="0" sl="37" sc="9" el="37" ec="10" bec="0" bev="0" fileid="23" />
            </Method>
            <Method visited="false" cyclomaticComplexity="1" sequenceCoverage="0" branchCoverage="0" isConstructor="false" isStatic="true" isGetter="false" isSetter="false">
              <Summary numSequencePoints="4" visitedSequencePoints="0" numBranchPoints="1" visitedBranchPoints="0" sequenceCoverage="0" branchCoverage="0" maxCyclomaticComplexity="1" minCyclomaticComplexity="1" />
              <MetadataToken>100663483</MetadataToken>
              <Name>System.Void OpenHtmlToPdf.HtmlToPdfConverterProcess::WriteToStandardInput(System.Diagnostics.Process,OpenHtmlToPdf.WkHtmlToPdf.ConversionSource)</Name>
              <FileRef uid="23" />
              <SequencePoints>
                <SequencePoint vc="0" uspid="783" ordinal="0" offset="0" sl="43" sc="9" el="43" ec="10" bec="0" bev="0" fileid="23" />
                <SequencePoint vc="0" uspid="784" ordinal="1" offset="1" sl="44" sc="13" el="44" ec="91" bec="0" bev="0" fileid="23" />
                <SequencePoint vc="0" uspid="785" ordinal="2" offset="19" sl="45" sc="13" el="45" ec="43" bec="0" bev="0" fileid="23" />
                <SequencePoint vc="0" uspid="786" ordinal="3" offset="31" sl="46" sc="9" el="46" ec="10" bec="0" bev="0" fileid="23" />
              </SequencePoints>
              <BranchPoints />
              <MethodPoint xsi:type="SequencePoint" vc="0" uspid="783" ordinal="0" offset="0" sl="43" sc="9" el="43" ec="10" bec="0" bev="0" fileid="23" />
            </Method>
            <Method visited="false" cyclomaticComplexity="1" sequenceCoverage="0" branchCoverage="0" isConstructor="false" isStatic="true" isGetter="false" isSetter="false">
              <Summary numSequencePoints="4" visitedSequencePoints="0" numBranchPoints="1" visitedBranchPoints="0" sequenceCoverage="0" branchCoverage="0" maxCyclomaticComplexity="1" minCyclomaticComplexity="1" />
              <MetadataToken>100663484</MetadataToken>
              <Name>System.String OpenHtmlToPdf.HtmlToPdfConverterProcess::SerializeToBase64EncodedString(OpenHtmlToPdf.WkHtmlToPdf.ConversionSource)</Name>
              <FileRef uid="23" />
              <SequencePoints>
                <SequencePoint vc="0" uspid="787" ordinal="0" offset="0" sl="49" sc="9" el="49" ec="10" bec="0" bev="0" fileid="23" />
                <SequencePoint vc="0" uspid="788" ordinal="1" offset="1" sl="50" sc="13" el="50" ec="60" bec="0" bev="0" fileid="23" />
                <SequencePoint vc="0" uspid="789" ordinal="2" offset="8" sl="51" sc="13" el="51" ec="82" bec="0" bev="0" fileid="23" />
                <SequencePoint vc="0" uspid="790" ordinal="3" offset="27" sl="52" sc="9" el="52" ec="10" bec="0" bev="0" fileid="23" />
              </SequencePoints>
              <BranchPoints />
              <MethodPoint xsi:type="SequencePoint" vc="0" uspid="787" ordinal="0" offset="0" sl="49" sc="9" el="49" ec="10" bec="0" bev="0" fileid="23" />
            </Method>
            <Method visited="false" cyclomaticComplexity="2" sequenceCoverage="0" branchCoverage="0" isConstructor="false" isStatic="true" isGetter="false" isSetter="false">
              <Summary numSequencePoints="7" visitedSequencePoints="0" numBranchPoints="3" visitedBranchPoints="0" sequenceCoverage="0" branchCoverage="0" maxCyclomaticComplexity="2" minCyclomaticComplexity="2" />
              <MetadataToken>100663485</MetadataToken>
              <Name>System.String OpenHtmlToPdf.HtmlToPdfConverterProcess::SerializeToJson(OpenHtmlToPdf.WkHtmlToPdf.ConversionSource)</Name>
              <FileRef uid="23" />
              <SequencePoints>
                <SequencePoint vc="0" uspid="791" ordinal="0" offset="0" sl="55" sc="9" el="55" ec="10" bec="0" bev="0" fileid="23" />
                <SequencePoint vc="0" uspid="792" ordinal="1" offset="1" sl="56" sc="20" el="56" ec="51" bec="0" bev="0" fileid="23" />
                <SequencePoint vc="0" uspid="793" ordinal="2" offset="7" sl="57" sc="13" el="57" ec="14" bec="0" bev="0" fileid="23" />
                <SequencePoint vc="0" uspid="794" ordinal="3" offset="8" sl="58" sc="17" el="58" ec="112" bec="0" bev="0" fileid="23" />
                <SequencePoint vc="0" uspid="795" ordinal="4" offset="31" sl="59" sc="17" el="59" ec="37" bec="0" bev="0" fileid="23" />
                <SequencePoint vc="0" uspid="796" ordinal="5" offset="40" sl="60" sc="17" el="60" ec="61" bec="2" bev="0" fileid="23" />
                <SequencePoint vc="0" uspid="797" ordinal="6" offset="71" sl="62" sc="9" el="62" ec="10" bec="0" bev="0" fileid="23" />
              </SequencePoints>
              <BranchPoints>
                <BranchPoint vc="0" uspid="798" ordinal="0" offset="60" path="0" offsetchain="" offsetend="62" />
                <BranchPoint vc="0" uspid="799" ordinal="1" offset="60" path="1" offsetchain="" offsetend="69" />
              </BranchPoints>
              <MethodPoint xsi:type="SequencePoint" vc="0" uspid="791" ordinal="0" offset="0" sl="55" sc="9" el="55" ec="10" bec="0" bev="0" fileid="23" />
            </Method>
            <Method visited="true" cyclomaticComplexity="1" sequenceCoverage="66.67" branchCoverage="100" isConstructor="false" isStatic="true" isGetter="false" isSetter="false">
              <Summary numSequencePoints="3" visitedSequencePoints="2" numBranchPoints="1" visitedBranchPoints="1" sequenceCoverage="66.67" branchCoverage="100" maxCyclomaticComplexity="1" minCyclomaticComplexity="1" />
              <MetadataToken>100663486</MetadataToken>
              <Name>System.Diagnostics.ProcessStartInfo OpenHtmlToPdf.HtmlToPdfConverterProcess::GetProcessStartInfo()</Name>
              <FileRef uid="23" />
              <SequencePoints>
                <SequencePoint vc="1" uspid="800" ordinal="0" offset="0" sl="65" sc="9" el="65" ec="10" bec="0" bev="0" fileid="23" />
                <SequencePoint vc="1" uspid="801" ordinal="1" offset="1" sl="66" sc="13" el="74" ec="15" bec="0" bev="0" fileid="23" />
                <SequencePoint vc="0" uspid="802" ordinal="2" offset="68" sl="75" sc="9" el="75" ec="10" bec="0" bev="0" fileid="23" />
              </SequencePoints>
              <BranchPoints />
              <MethodPoint xsi:type="SequencePoint" vc="1" uspid="800" ordinal="0" offset="0" sl="65" sc="9" el="65" ec="10" bec="0" bev="0" fileid="23" />
            </Method>
            <Method visited="true" cyclomaticComplexity="1" sequenceCoverage="100" branchCoverage="100" isConstructor="false" isStatic="true" isGetter="false" isSetter="false">
              <Summary numSequencePoints="4" visitedSequencePoints="4" numBranchPoints="1" visitedBranchPoints="1" sequenceCoverage="100" branchCoverage="100" maxCyclomaticComplexity="1" minCyclomaticComplexity="1" />
              <MetadataToken>100663487</MetadataToken>
              <Name>OpenHtmlToPdf.WkHtmlToPdf.ConversionSource OpenHtmlToPdf.HtmlToPdfConverterProcess::ToConversionSource(System.String,System.Collections.Generic.IDictionary`2&lt;System.String,System.String&gt;,System.Collections.Generic.IDictionary`2&lt;System.String,System.String&gt;)</Name>
              <FileRef uid="23" />
              <SequencePoints>
                <SequencePoint vc="1" uspid="803" ordinal="0" offset="0" sl="78" sc="9" el="78" ec="10" bec="0" bev="0" fileid="23" />
                <SequencePoint vc="1" uspid="804" ordinal="1" offset="1" sl="79" sc="13" el="84" ec="15" bec="0" bev="0" fileid="23" />
                <SequencePoint vc="1" uspid="805" ordinal="2" offset="33" sl="85" sc="13" el="85" ec="37" bec="0" bev="0" fileid="23" />
                <SequencePoint vc="1" uspid="806" ordinal="3" offset="37" sl="86" sc="9" el="86" ec="10" bec="0" bev="0" fileid="23" />
              </SequencePoints>
              <BranchPoints />
              <MethodPoint xsi:type="SequencePoint" vc="1" uspid="803" ordinal="0" offset="0" sl="78" sc="9" el="78" ec="10" bec="0" bev="0" fileid="23" />
            </Method>
          </Methods>
        </Class>
        <Class>
          <Summary numSequencePoints="25" visitedSequencePoints="6" numBranchPoints="8" visitedBranchPoints="2" sequenceCoverage="24" branchCoverage="25" maxCyclomaticComplexity="2" minCyclomaticComplexity="1" />
          <FullName>OpenHtmlToPdf.TemporaryPdf</FullName>
          <Methods>
            <Method visited="false" cyclomaticComplexity="2" sequenceCoverage="0" branchCoverage="0" isConstructor="false" isStatic="true" isGetter="false" isSetter="false">
              <Summary numSequencePoints="7" visitedSequencePoints="0" numBranchPoints="3" visitedBranchPoints="0" sequenceCoverage="0" branchCoverage="0" maxCyclomaticComplexity="2" minCyclomaticComplexity="2" />
              <MetadataToken>100663488</MetadataToken>
              <Name>System.Byte[] OpenHtmlToPdf.TemporaryPdf::ReadTemporaryFileContent(System.String)</Name>
              <FileRef uid="24" />
              <SequencePoints>
                <SequencePoint vc="0" uspid="807" ordinal="0" offset="0" sl="9" sc="9" el="9" ec="10" bec="0" bev="0" fileid="24" />
                <SequencePoint vc="0" uspid="808" ordinal="1" offset="1" sl="10" sc="20" el="10" ec="105" bec="0" bev="0" fileid="24" />
                <SequencePoint vc="0" uspid="809" ordinal="2" offset="10" sl="11" sc="13" el="11" ec="14" bec="0" bev="0" fileid="24" />
                <SequencePoint vc="0" uspid="810" ordinal="3" offset="11" sl="12" sc="17" el="12" ec="62" bec="0" bev="0" fileid="24" />
                <SequencePoint vc="0" uspid="811" ordinal="4" offset="24" sl="14" sc="17" el="14" ec="64" bec="0" bev="0" fileid="24" />
                <SequencePoint vc="0" uspid="812" ordinal="5" offset="36" sl="16" sc="17" el="16" ec="32" bec="2" bev="0" fileid="24" />
                <SequencePoint vc="0" uspid="813" ordinal="6" offset="57" sl="18" sc="9" el="18" ec="10" bec="0" bev="0" fileid="24" />
              </SequencePoints>
              <BranchPoints>
                <BranchPoint vc="0" uspid="814" ordinal="0" offset="46" path="0" offsetchain="" offsetend="48" />
                <BranchPoint vc="0" uspid="815" ordinal="1" offset="46" path="1" offsetchain="" offsetend="55" />
              </BranchPoints>
              <MethodPoint xsi:type="SequencePoint" vc="0" uspid="807" ordinal="0" offset="0" sl="9" sc="9" el="9" ec="10" bec="0" bev="0" fileid="24" />
            </Method>
            <Method visited="false" cyclomaticComplexity="2" sequenceCoverage="0" branchCoverage="0" isConstructor="false" isStatic="true" isGetter="false" isSetter="false">
              <Summary numSequencePoints="12" visitedSequencePoints="0" numBranchPoints="3" visitedBranchPoints="0" sequenceCoverage="0" branchCoverage="0" maxCyclomaticComplexity="2" minCyclomaticComplexity="2" />
              <MetadataToken>100663489</MetadataToken>
              <Name>System.Void OpenHtmlToPdf.TemporaryPdf::DeleteTemporaryFile(System.String)</Name>
              <FileRef uid="24" />
              <SequencePoints>
                <SequencePoint vc="0" uspid="816" ordinal="0" offset="0" sl="21" sc="9" el="21" ec="10" bec="0" bev="0" fileid="24" />
                <SequencePoint vc="0" uspid="817" ordinal="1" offset="1" sl="23" sc="13" el="23" ec="14" bec="0" bev="0" fileid="24" />
                <SequencePoint vc="0" uspid="818" ordinal="2" offset="2" sl="24" sc="17" el="24" ec="52" bec="2" bev="0" fileid="24" />
                <SequencePoint vc="0" uspid="819" ordinal="3" offset="15" sl="25" sc="21" el="25" ec="52" bec="0" bev="0" fileid="24" />
                <SequencePoint vc="0" uspid="820" ordinal="4" offset="22" sl="26" sc="13" el="26" ec="14" bec="0" bev="0" fileid="24" />
                <SequencePoint vc="0" uspid="821" ordinal="5" offset="25" sl="27" sc="13" el="27" ec="32" bec="0" bev="0" fileid="24" />
                <SequencePoint vc="0" uspid="822" ordinal="6" offset="26" sl="28" sc="13" el="28" ec="14" bec="0" bev="0" fileid="24" />
                <SequencePoint vc="0" uspid="823" ordinal="7" offset="27" sl="29" sc="13" el="29" ec="14" bec="0" bev="0" fileid="24" />
                <SequencePoint vc="0" uspid="824" ordinal="8" offset="30" sl="30" sc="13" el="30" ec="48" bec="0" bev="0" fileid="24" />
                <SequencePoint vc="0" uspid="825" ordinal="9" offset="31" sl="31" sc="13" el="31" ec="14" bec="0" bev="0" fileid="24" />
                <SequencePoint vc="0" uspid="826" ordinal="10" offset="32" sl="32" sc="13" el="32" ec="14" bec="0" bev="0" fileid="24" />
                <SequencePoint vc="0" uspid="827" ordinal="11" offset="36" sl="33" sc="9" el="33" ec="10" bec="0" bev="0" fileid="24" />
              </SequencePoints>
              <BranchPoints>
                <BranchPoint vc="0" uspid="828" ordinal="0" offset="13" path="0" offsetchain="" offsetend="15" />
                <BranchPoint vc="0" uspid="829" ordinal="1" offset="13" path="1" offsetchain="" offsetend="22" />
              </BranchPoints>
              <MethodPoint xsi:type="SequencePoint" vc="0" uspid="816" ordinal="0" offset="0" sl="21" sc="9" el="21" ec="10" bec="0" bev="0" fileid="24" />
            </Method>
            <Method visited="true" cyclomaticComplexity="1" sequenceCoverage="100" branchCoverage="100" isConstructor="false" isStatic="true" isGetter="false" isSetter="false">
              <Summary numSequencePoints="3" visitedSequencePoints="3" numBranchPoints="1" visitedBranchPoints="1" sequenceCoverage="100" branchCoverage="100" maxCyclomaticComplexity="1" minCyclomaticComplexity="1" />
              <MetadataToken>100663490</MetadataToken>
              <Name>System.String OpenHtmlToPdf.TemporaryPdf::TemporaryFilePath()</Name>
              <FileRef uid="24" />
              <SequencePoints>
                <SequencePoint vc="1" uspid="830" ordinal="0" offset="0" sl="36" sc="9" el="36" ec="10" bec="0" bev="0" fileid="24" />
                <SequencePoint vc="1" uspid="831" ordinal="1" offset="1" sl="37" sc="13" el="37" ec="91" bec="0" bev="0" fileid="24" />
                <SequencePoint vc="1" uspid="832" ordinal="2" offset="24" sl="38" sc="9" el="38" ec="10" bec="0" bev="0" fileid="24" />
              </SequencePoints>
              <BranchPoints />
              <MethodPoint xsi:type="SequencePoint" vc="1" uspid="830" ordinal="0" offset="0" sl="36" sc="9" el="36" ec="10" bec="0" bev="0" fileid="24" />
            </Method>
            <Method visited="true" cyclomaticComplexity="1" sequenceCoverage="100" branchCoverage="100" isConstructor="false" isStatic="true" isGetter="false" isSetter="false">
              <Summary numSequencePoints="3" visitedSequencePoints="3" numBranchPoints="1" visitedBranchPoints="1" sequenceCoverage="100" branchCoverage="100" maxCyclomaticComplexity="1" minCyclomaticComplexity="1" />
              <MetadataToken>100663491</MetadataToken>
              <Name>System.String OpenHtmlToPdf.TemporaryPdf::TemporaryFilename()</Name>
              <FileRef uid="24" />
              <SequencePoints>
                <SequencePoint vc="1" uspid="833" ordinal="0" offset="0" sl="41" sc="9" el="41" ec="10" bec="0" bev="0" fileid="24" />
                <SequencePoint vc="1" uspid="834" ordinal="1" offset="1" sl="42" sc="13" el="42" ec="58" bec="0" bev="0" fileid="24" />
                <SequencePoint vc="1" uspid="835" ordinal="2" offset="32" sl="43" sc="9" el="43" ec="10" bec="0" bev="0" fileid="24" />
              </SequencePoints>
              <BranchPoints />
              <MethodPoint xsi:type="SequencePoint" vc="1" uspid="833" ordinal="0" offset="0" sl="41" sc="9" el="41" ec="10" bec="0" bev="0" fileid="24" />
            </Method>
          </Methods>
        </Class>
      </Classes>
    </Module>
  </Modules>
</CoverageSession>