<?xml version="1.0" encoding="utf-8"?>
<CoverageSession xmlns:xsd="http://www.w3.org/2001/XMLSchema" xmlns:xsi="http://www.w3.org/2001/XMLSchema-instance">
  <Summary numSequencePoints="1220" visitedSequencePoints="358" numBranchPoints="518" visitedBranchPoints="151" sequenceCoverage="29.34" branchCoverage="29.15" maxCyclomaticComplexity="17" minCyclomaticComplexity="1" />
  <Modules>
    <Module skippedDueTo="Filter" hash="45-7C-92-A3-61-8D-89-65-F2-DC-C1-34-15-7B-B1-C5-40-7B-65-48">
      <FullName>C:\WINDOWS\Microsoft.Net\assembly\GAC_32\mscorlib\v4.0_4.0.0.0__b77a5c561934e089\mscorlib.dll</FullName>
      <ModuleName>mscorlib</ModuleName>
      <Classes />
    </Module>
    <Module skippedDueTo="MissingPdb" hash="37-80-BE-DC-A8-79-2C-78-4A-75-9F-D4-19-B1-3A-5A-48-3E-CA-03">
      <FullName>C:\Program Files (x86)\SharpDevelop\5.1\bin\Tools\NUnit\nunit-console-x86.exe</FullName>
      <ModuleName>nunit-console</ModuleName>
      <Classes />
    </Module>
    <Module skippedDueTo="MissingPdb" hash="33-E1-CA-24-52-5A-B7-C7-C4-AF-91-2C-A9-4A-C0-37-67-0D-5B-FE">
      <FullName>C:\Program Files (x86)\SharpDevelop\5.1\bin\Tools\NUnit\lib\nunit.core.dll</FullName>
      <ModuleName>nunit.core</ModuleName>
      <Classes />
    </Module>
    <Module skippedDueTo="MissingPdb" hash="2A-C4-E5-DE-F3-EE-AD-84-E1-65-84-CC-15-90-76-96-E7-01-44-4E">
      <FullName>C:\Program Files (x86)\SharpDevelop\5.1\bin\Tools\NUnit\lib\nunit-console-runner.dll</FullName>
      <ModuleName>nunit-console-runner</ModuleName>
      <Classes />
    </Module>
    <Module skippedDueTo="MissingPdb" hash="74-74-F6-87-59-E1-5F-4F-5F-5E-6E-82-50-E8-E2-46-D4-86-15-76">
      <FullName>C:\Program Files (x86)\SharpDevelop\5.1\bin\Tools\NUnit\lib\nunit.util.dll</FullName>
      <ModuleName>nunit.util</ModuleName>
      <Classes />
    </Module>
    <Module skippedDueTo="MissingPdb" hash="D3-A4-4D-85-55-F7-CE-EF-A5-90-AA-EF-58-E0-9F-B6-CC-27-99-53">
      <FullName>C:\Program Files (x86)\SharpDevelop\5.1\bin\Tools\NUnit\lib\nunit.core.interfaces.dll</FullName>
      <ModuleName>nunit.core.interfaces</ModuleName>
      <Classes />
    </Module>
    <Module skippedDueTo="Filter" hash="1B-60-2A-60-F4-F0-3B-D6-10-FB-5B-F2-B1-C3-63-FE-8B-BC-26-D1">
      <FullName>C:\WINDOWS\Microsoft.Net\assembly\GAC_MSIL\System.Configuration\v4.0_4.0.0.0__b03f5f7f11d50a3a\System.Configuration.dll</FullName>
      <ModuleName>System.Configuration</ModuleName>
      <Classes />
    </Module>
    <Module skippedDueTo="Filter" hash="DA-7B-8F-6F-3E-DC-5A-89-E2-CE-1A-8A-FF-16-DE-D4-84-3D-B0-5B">
      <FullName>C:\WINDOWS\Microsoft.Net\assembly\GAC_MSIL\System\v4.0_4.0.0.0__b77a5c561934e089\System.dll</FullName>
      <ModuleName>System</ModuleName>
      <Classes />
    </Module>
    <Module skippedDueTo="Filter" hash="9D-66-02-A5-90-F3-D3-50-22-D9-9C-E1-4A-A2-8D-22-4F-4D-A4-27">
      <FullName>C:\WINDOWS\Microsoft.Net\assembly\GAC_MSIL\System.Xml\v4.0_4.0.0.0__b77a5c561934e089\System.Xml.dll</FullName>
      <ModuleName>System.Xml</ModuleName>
      <Classes />
    </Module>
    <Module skippedDueTo="Filter" hash="17-BC-BD-67-A9-55-EE-D6-AA-66-FD-FD-32-86-AD-E2-6F-2B-CF-8B">
      <FullName>C:\WINDOWS\Microsoft.Net\assembly\GAC_MSIL\System.Runtime.Remoting\v4.0_4.0.0.0__b77a5c561934e089\System.Runtime.Remoting.dll</FullName>
      <ModuleName>System.Runtime.Remoting</ModuleName>
      <Classes />
    </Module>
    <Module skippedDueTo="Filter" hash="3C-D4-5D-80-CE-B1-79-66-88-D2-7B-5D-B2-63-67-B6-F1-F5-28-25">
      <FullName>C:\WINDOWS\Microsoft.Net\assembly\GAC_MSIL\System.Core\v4.0_4.0.0.0__b77a5c561934e089\System.Core.dll</FullName>
      <ModuleName>System.Core</ModuleName>
      <Classes />
    </Module>
    <Module hash="D7-33-72-5A-4D-DD-3E-E5-B2-F9-39-7F-F0-74-C1-D4-C8-AE-DA-69">
      <Summary numSequencePoints="728" visitedSequencePoints="115" numBranchPoints="244" visitedBranchPoints="29" sequenceCoverage="15.80" branchCoverage="11.89" maxCyclomaticComplexity="7" minCyclomaticComplexity="1" />
      <FullName>C:\Users\kouzm\AppData\Local\Temp\nunit20\ShadowCopyCache\25348_639103955904515190\Tests_423509906\assembly\dl3\b0ab76c4\b3d753cd_b3bfdc01\TestProject1.dll</FullName>
      <ModuleName>TestProject1</ModuleName>
      <Files>
        <File uid="1" fullPath="c:\developer\sergueik\powershell_samples\external\csharp\csv_helper\Test\CsvDataTests.cs" />
        <File uid="5" fullPath="c:\developer\sergueik\powershell_samples\external\csharp\csv_helper\Test\CsvWriterTests.cs" />
        <File uid="7" fullPath="c:\developer\sergueik\powershell_samples\external\csharp\csv_helper\Test\CsvReaderTests.cs" />
        <File uid="9" fullPath="c:\developer\sergueik\powershell_samples\external\csharp\csv_helper\Test\CsvAppendTests.cs" />
      </Files>
      <Classes>
        <Class>
          <Summary numSequencePoints="0" visitedSequencePoints="0" numBranchPoints="0" visitedBranchPoints="0" sequenceCoverage="0" branchCoverage="0" maxCyclomaticComplexity="0" minCyclomaticComplexity="0" />
          <FullName>&lt;Module&gt;</FullName>
          <Methods />
        </Class>
        <Class>
          <Summary numSequencePoints="212" visitedSequencePoints="111" numBranchPoints="59" visitedBranchPoints="25" sequenceCoverage="52.36" branchCoverage="42.37" maxCyclomaticComplexity="7" minCyclomaticComplexity="1" />
          <FullName>TestProject1.CsvDataTests</FullName>
          <Methods>
            <Method visited="false" cyclomaticComplexity="1" sequenceCoverage="0" branchCoverage="0" isConstructor="false" isStatic="false" isGetter="true" isSetter="false">
              <Summary numSequencePoints="3" visitedSequencePoints="0" numBranchPoints="1" visitedBranchPoints="0" sequenceCoverage="0" branchCoverage="0" maxCyclomaticComplexity="1" minCyclomaticComplexity="1" />
              <MetadataToken>100663297</MetadataToken>
              <Name>NUnit.Framework.TestContext TestProject1.CsvDataTests::get_TestContext()</Name>
              <FileRef uid="1" />
              <SequencePoints>
                <SequencePoint vc="0" uspid="1" ordinal="0" offset="0" sl="27" sc="8" el="27" ec="9" bec="0" bev="0" fileid="1" />
                <SequencePoint vc="0" uspid="2" ordinal="1" offset="1" sl="28" sc="5" el="28" ec="32" bec="0" bev="0" fileid="1" />
                <SequencePoint vc="0" uspid="3" ordinal="2" offset="10" sl="29" sc="4" el="29" ec="5" bec="0" bev="0" fileid="1" />
              </SequencePoints>
              <BranchPoints />
              <MethodPoint xsi:type="SequencePoint" vc="0" uspid="1" ordinal="0" offset="0" sl="27" sc="8" el="27" ec="9" bec="0" bev="0" fileid="1" />
            </Method>
            <Method visited="false" cyclomaticComplexity="1" sequenceCoverage="0" branchCoverage="0" isConstructor="false" isStatic="false" isGetter="false" isSetter="true">
              <Summary numSequencePoints="3" visitedSequencePoints="0" numBranchPoints="1" visitedBranchPoints="0" sequenceCoverage="0" branchCoverage="0" maxCyclomaticComplexity="1" minCyclomaticComplexity="1" />
              <MetadataToken>100663298</MetadataToken>
              <Name>System.Void TestProject1.CsvDataTests::set_TestContext(NUnit.Framework.TestContext)</Name>
              <FileRef uid="1" />
              <SequencePoints>
                <SequencePoint vc="0" uspid="4" ordinal="0" offset="0" sl="30" sc="8" el="30" ec="9" bec="0" bev="0" fileid="1" />
                <SequencePoint vc="0" uspid="5" ordinal="1" offset="1" sl="31" sc="5" el="31" ec="33" bec="0" bev="0" fileid="1" />
                <SequencePoint vc="0" uspid="6" ordinal="2" offset="8" sl="32" sc="4" el="32" ec="5" bec="0" bev="0" fileid="1" />
              </SequencePoints>
              <BranchPoints />
              <MethodPoint xsi:type="SequencePoint" vc="0" uspid="4" ordinal="0" offset="0" sl="30" sc="8" el="30" ec="9" bec="0" bev="0" fileid="1" />
            </Method>
            <Method visited="true" cyclomaticComplexity="2" sequenceCoverage="100" branchCoverage="66.67" isConstructor="false" isStatic="true" isGetter="true" isSetter="false">
              <Summary numSequencePoints="6" visitedSequencePoints="6" numBranchPoints="3" visitedBranchPoints="2" sequenceCoverage="100" branchCoverage="66.67" maxCyclomaticComplexity="2" minCyclomaticComplexity="2" />
              <MetadataToken>100663299</MetadataToken>
              <Name>System.String TestProject1.CsvDataTests::get_FilePath()</Name>
              <FileRef uid="1" />
              <SequencePoints>
                <SequencePoint vc="9" uspid="7" ordinal="0" offset="0" sl="36" sc="8" el="36" ec="9" bec="0" bev="0" fileid="1" />
                <SequencePoint vc="9" uspid="8" ordinal="1" offset="1" sl="37" sc="5" el="37" ec="92" bec="0" bev="0" fileid="1" />
                <SequencePoint vc="9" uspid="9" ordinal="2" offset="9" sl="39" sc="5" el="39" ec="34" bec="2" bev="1" fileid="1" />
                <SequencePoint vc="9" uspid="10" ordinal="3" offset="24" sl="40" sc="6" el="40" ec="23" bec="0" bev="0" fileid="1" />
                <SequencePoint vc="9" uspid="11" ordinal="4" offset="36" sl="42" sc="5" el="42" ec="39" bec="0" bev="0" fileid="1" />
                <SequencePoint vc="9" uspid="12" ordinal="5" offset="50" sl="43" sc="4" el="43" ec="5" bec="0" bev="0" fileid="1" />
              </SequencePoints>
              <BranchPoints>
                <BranchPoint vc="9" uspid="13" ordinal="0" offset="22" path="0" offsetchain="" offsetend="24" />
                <BranchPoint vc="0" uspid="14" ordinal="1" offset="22" path="1" offsetchain="" offsetend="36" />
              </BranchPoints>
              <MethodPoint xsi:type="SequencePoint" vc="9" uspid="7" ordinal="0" offset="0" sl="36" sc="8" el="36" ec="9" bec="0" bev="0" fileid="1" />
            </Method>
            <Method visited="false" cyclomaticComplexity="2" sequenceCoverage="0" branchCoverage="0" isConstructor="false" isStatic="false" isGetter="true" isSetter="false">
              <Summary numSequencePoints="6" visitedSequencePoints="0" numBranchPoints="3" visitedBranchPoints="0" sequenceCoverage="0" branchCoverage="0" maxCyclomaticComplexity="2" minCyclomaticComplexity="2" />
              <MetadataToken>100663300</MetadataToken>
              <Name>System.String TestProject1.CsvDataTests::get_Location()</Name>
              <FileRef uid="1" />
              <SequencePoints>
                <SequencePoint vc="0" uspid="15" ordinal="0" offset="0" sl="47" sc="8" el="47" ec="9" bec="0" bev="0" fileid="1" />
                <SequencePoint vc="0" uspid="16" ordinal="1" offset="1" sl="48" sc="5" el="48" ec="73" bec="0" bev="0" fileid="1" />
                <SequencePoint vc="0" uspid="17" ordinal="2" offset="17" sl="50" sc="5" el="50" ec="34" bec="2" bev="0" fileid="1" />
                <SequencePoint vc="0" uspid="18" ordinal="3" offset="32" sl="51" sc="6" el="51" ec="23" bec="0" bev="0" fileid="1" />
                <SequencePoint vc="0" uspid="19" ordinal="4" offset="44" sl="53" sc="5" el="53" ec="21" bec="0" bev="0" fileid="1" />
                <SequencePoint vc="0" uspid="20" ordinal="5" offset="48" sl="54" sc="4" el="54" ec="5" bec="0" bev="0" fileid="1" />
              </SequencePoints>
              <BranchPoints>
                <BranchPoint vc="0" uspid="21" ordinal="0" offset="30" path="0" offsetchain="" offsetend="32" />
                <BranchPoint vc="0" uspid="22" ordinal="1" offset="30" path="1" offsetchain="" offsetend="44" />
              </BranchPoints>
              <MethodPoint xsi:type="SequencePoint" vc="0" uspid="15" ordinal="0" offset="0" sl="47" sc="8" el="47" ec="9" bec="0" bev="0" fileid="1" />
            </Method>
            <Method visited="true" cyclomaticComplexity="5" sequenceCoverage="95" branchCoverage="66.67" isConstructor="false" isStatic="false" isGetter="false" isSetter="false">
              <Summary numSequencePoints="20" visitedSequencePoints="19" numBranchPoints="9" visitedBranchPoints="6" sequenceCoverage="95" branchCoverage="66.67" maxCyclomaticComplexity="5" minCyclomaticComplexity="5" />
              <MetadataToken>100663301</MetadataToken>
              <Name>System.Void TestProject1.CsvDataTests::PopulateFromFileWithHeader()</Name>
              <FileRef uid="1" />
              <SequencePoints>
                <SequencePoint vc="1" uspid="23" ordinal="0" offset="0" sl="57" sc="44" el="57" ec="45" bec="0" bev="0" fileid="1" />
                <SequencePoint vc="1" uspid="24" ordinal="1" offset="1" sl="58" sc="4" el="58" ec="32" bec="0" bev="0" fileid="1" />
                <SequencePoint vc="1" uspid="25" ordinal="2" offset="7" sl="59" sc="11" el="59" ec="68" bec="0" bev="0" fileid="1" />
                <SequencePoint vc="1" uspid="26" ordinal="3" offset="23" sl="59" sc="70" el="59" ec="71" bec="0" bev="0" fileid="1" />
                <SequencePoint vc="1" uspid="27" ordinal="4" offset="24" sl="60" sc="5" el="60" ec="44" bec="0" bev="0" fileid="1" />
                <SequencePoint vc="2" uspid="28" ordinal="5" offset="32" sl="63" sc="6" el="63" ec="33" bec="0" bev="0" fileid="1" />
                <SequencePoint vc="3" uspid="29" ordinal="6" offset="45" sl="62" sc="5" el="62" ec="36" bec="2" bev="2" fileid="1" />
                <SequencePoint vc="1" uspid="30" ordinal="7" offset="57" sl="65" sc="5" el="65" ec="53" bec="0" bev="0" fileid="1" />
                <SequencePoint vc="1" uspid="31" ordinal="8" offset="78" sl="66" sc="4" el="66" ec="5" bec="2" bev="1" fileid="1" />
                <SequencePoint vc="1" uspid="32" ordinal="9" offset="100" sl="68" sc="4" el="68" ec="30" bec="2" bev="1" fileid="1" />
                <SequencePoint vc="0" uspid="33" ordinal="10" offset="119" sl="69" sc="5" el="69" ec="27" bec="0" bev="0" fileid="1" />
                <SequencePoint vc="1" uspid="34" ordinal="11" offset="130" sl="71" sc="11" el="71" ec="39" bec="0" bev="0" fileid="1" />
                <SequencePoint vc="1" uspid="35" ordinal="12" offset="136" sl="71" sc="41" el="71" ec="42" bec="0" bev="0" fileid="1" />
                <SequencePoint vc="1" uspid="36" ordinal="13" offset="137" sl="72" sc="5" el="72" ec="58" bec="0" bev="0" fileid="1" />
                <SequencePoint vc="1" uspid="37" ordinal="14" offset="155" sl="73" sc="4" el="73" ec="5" bec="2" bev="1" fileid="1" />
                <SequencePoint vc="1" uspid="38" ordinal="15" offset="177" sl="75" sc="4" el="75" ec="28" bec="0" bev="0" fileid="1" />
                <SequencePoint vc="1" uspid="39" ordinal="16" offset="183" sl="76" sc="4" el="76" ec="37" bec="0" bev="0" fileid="1" />
                <SequencePoint vc="1" uspid="40" ordinal="17" offset="196" sl="77" sc="4" el="77" ec="54" bec="0" bev="0" fileid="1" />
                <SequencePoint vc="1" uspid="41" ordinal="18" offset="215" sl="79" sc="4" el="79" ec="26" bec="0" bev="0" fileid="1" />
                <SequencePoint vc="1" uspid="42" ordinal="19" offset="226" sl="80" sc="3" el="80" ec="4" bec="0" bev="0" fileid="1" />
              </SequencePoints>
              <BranchPoints>
                <BranchPoint vc="1" uspid="43" ordinal="0" offset="55" path="0" offsetchain="" offsetend="57" />
                <BranchPoint vc="2" uspid="44" ordinal="1" offset="55" path="1" offsetchain="" offsetend="32" />
                <BranchPoint vc="1" uspid="45" ordinal="2" offset="89" path="0" offsetchain="" offsetend="91" />
                <BranchPoint vc="0" uspid="46" ordinal="3" offset="89" path="1" offsetchain="" offsetend="98" />
                <BranchPoint vc="0" uspid="47" ordinal="4" offset="117" path="0" offsetchain="" offsetend="119" />
                <BranchPoint vc="1" uspid="48" ordinal="5" offset="117" path="1" offsetchain="" offsetend="130" />
                <BranchPoint vc="1" uspid="49" ordinal="6" offset="166" path="0" offsetchain="" offsetend="168" />
                <BranchPoint vc="0" uspid="50" ordinal="7" offset="166" path="1" offsetchain="" offsetend="175" />
              </BranchPoints>
              <MethodPoint xsi:type="SequencePoint" vc="1" uspid="23" ordinal="0" offset="0" sl="57" sc="44" el="57" ec="45" bec="0" bev="0" fileid="1" />
            </Method>
            <Method visited="true" cyclomaticComplexity="5" sequenceCoverage="95" branchCoverage="66.67" isConstructor="false" isStatic="false" isGetter="false" isSetter="false">
              <Summary numSequencePoints="20" visitedSequencePoints="19" numBranchPoints="9" visitedBranchPoints="6" sequenceCoverage="95" branchCoverage="66.67" maxCyclomaticComplexity="5" minCyclomaticComplexity="5" />
              <MetadataToken>100663302</MetadataToken>
              <Name>System.Void TestProject1.CsvDataTests::PopulateFromFileWithoutHeader()</Name>
              <FileRef uid="1" />
              <SequencePoints>
                <SequencePoint vc="1" uspid="51" ordinal="0" offset="0" sl="83" sc="47" el="83" ec="48" bec="0" bev="0" fileid="1" />
                <SequencePoint vc="1" uspid="52" ordinal="1" offset="1" sl="84" sc="4" el="84" ec="32" bec="0" bev="0" fileid="1" />
                <SequencePoint vc="1" uspid="53" ordinal="2" offset="7" sl="85" sc="11" el="85" ec="68" bec="0" bev="0" fileid="1" />
                <SequencePoint vc="1" uspid="54" ordinal="3" offset="23" sl="85" sc="70" el="85" ec="71" bec="0" bev="0" fileid="1" />
                <SequencePoint vc="1" uspid="55" ordinal="4" offset="24" sl="86" sc="5" el="86" ec="44" bec="0" bev="0" fileid="1" />
                <SequencePoint vc="2" uspid="56" ordinal="5" offset="32" sl="89" sc="6" el="89" ec="33" bec="0" bev="0" fileid="1" />
                <SequencePoint vc="3" uspid="57" ordinal="6" offset="45" sl="88" sc="5" el="88" ec="36" bec="2" bev="2" fileid="1" />
                <SequencePoint vc="1" uspid="58" ordinal="7" offset="57" sl="91" sc="5" el="91" ec="53" bec="0" bev="0" fileid="1" />
                <SequencePoint vc="1" uspid="59" ordinal="8" offset="78" sl="92" sc="4" el="92" ec="5" bec="2" bev="1" fileid="1" />
                <SequencePoint vc="1" uspid="60" ordinal="9" offset="100" sl="94" sc="4" el="94" ec="30" bec="2" bev="1" fileid="1" />
                <SequencePoint vc="0" uspid="61" ordinal="10" offset="119" sl="95" sc="5" el="95" ec="27" bec="0" bev="0" fileid="1" />
                <SequencePoint vc="1" uspid="62" ordinal="11" offset="130" sl="97" sc="11" el="97" ec="39" bec="0" bev="0" fileid="1" />
                <SequencePoint vc="1" uspid="63" ordinal="12" offset="136" sl="97" sc="41" el="97" ec="42" bec="0" bev="0" fileid="1" />
                <SequencePoint vc="1" uspid="64" ordinal="13" offset="137" sl="98" sc="5" el="98" ec="58" bec="0" bev="0" fileid="1" />
                <SequencePoint vc="1" uspid="65" ordinal="14" offset="155" sl="99" sc="4" el="99" ec="5" bec="2" bev="1" fileid="1" />
                <SequencePoint vc="1" uspid="66" ordinal="15" offset="177" sl="101" sc="4" el="101" ec="28" bec="0" bev="0" fileid="1" />
                <SequencePoint vc="1" uspid="67" ordinal="16" offset="183" sl="102" sc="4" el="102" ec="38" bec="0" bev="0" fileid="1" />
                <SequencePoint vc="1" uspid="68" ordinal="17" offset="196" sl="103" sc="4" el="103" ec="48" bec="0" bev="0" fileid="1" />
                <SequencePoint vc="1" uspid="69" ordinal="18" offset="209" sl="105" sc="4" el="105" ec="26" bec="0" bev="0" fileid="1" />
                <SequencePoint vc="1" uspid="70" ordinal="19" offset="220" sl="106" sc="3" el="106" ec="4" bec="0" bev="0" fileid="1" />
              </SequencePoints>
              <BranchPoints>
                <BranchPoint vc="1" uspid="71" ordinal="0" offset="55" path="0" offsetchain="" offsetend="57" />
                <BranchPoint vc="2" uspid="72" ordinal="1" offset="55" path="1" offsetchain="" offsetend="32" />
                <BranchPoint vc="1" uspid="73" ordinal="2" offset="89" path="0" offsetchain="" offsetend="91" />
                <BranchPoint vc="0" uspid="74" ordinal="3" offset="89" path="1" offsetchain="" offsetend="98" />
                <BranchPoint vc="0" uspid="75" ordinal="4" offset="117" path="0" offsetchain="" offsetend="119" />
                <BranchPoint vc="1" uspid="76" ordinal="5" offset="117" path="1" offsetchain="" offsetend="130" />
                <BranchPoint vc="1" uspid="77" ordinal="6" offset="166" path="0" offsetchain="" offsetend="168" />
                <BranchPoint vc="0" uspid="78" ordinal="7" offset="166" path="1" offsetchain="" offsetend="175" />
              </BranchPoints>
              <MethodPoint xsi:type="SequencePoint" vc="1" uspid="51" ordinal="0" offset="0" sl="83" sc="47" el="83" ec="48" bec="0" bev="0" fileid="1" />
            </Method>
            <Method visited="true" cyclomaticComplexity="3" sequenceCoverage="100" branchCoverage="60" isConstructor="false" isStatic="false" isGetter="false" isSetter="false">
              <Summary numSequencePoints="13" visitedSequencePoints="13" numBranchPoints="5" visitedBranchPoints="3" sequenceCoverage="100" branchCoverage="60" maxCyclomaticComplexity="3" minCyclomaticComplexity="3" />
              <MetadataToken>100663303</MetadataToken>
              <Name>System.Void TestProject1.CsvDataTests::PopulateFromStream()</Name>
              <FileRef uid="1" />
              <SequencePoints>
                <SequencePoint vc="1" uspid="79" ordinal="0" offset="0" sl="109" sc="36" el="109" ec="37" bec="0" bev="0" fileid="1" />
                <SequencePoint vc="1" uspid="80" ordinal="1" offset="1" sl="110" sc="11" el="110" ec="66" bec="0" bev="0" fileid="1" />
                <SequencePoint vc="1" uspid="81" ordinal="2" offset="17" sl="110" sc="68" el="110" ec="69" bec="0" bev="0" fileid="1" />
                <SequencePoint vc="1" uspid="82" ordinal="3" offset="18" sl="111" sc="12" el="111" ec="61" bec="0" bev="0" fileid="1" />
                <SequencePoint vc="1" uspid="83" ordinal="4" offset="25" sl="111" sc="63" el="111" ec="64" bec="0" bev="0" fileid="1" />
                <SequencePoint vc="1" uspid="84" ordinal="5" offset="26" sl="112" sc="6" el="112" ec="38" bec="0" bev="0" fileid="1" />
                <SequencePoint vc="1" uspid="85" ordinal="6" offset="38" sl="113" sc="6" el="113" ec="27" bec="0" bev="0" fileid="1" />
                <SequencePoint vc="1" uspid="86" ordinal="7" offset="45" sl="115" sc="6" el="115" ec="34" bec="0" bev="0" fileid="1" />
                <SequencePoint vc="1" uspid="87" ordinal="8" offset="51" sl="116" sc="6" el="116" ec="43" bec="0" bev="0" fileid="1" />
                <SequencePoint vc="1" uspid="88" ordinal="9" offset="60" sl="117" sc="6" el="117" ec="56" bec="0" bev="0" fileid="1" />
                <SequencePoint vc="1" uspid="89" ordinal="10" offset="79" sl="118" sc="5" el="118" ec="6" bec="2" bev="1" fileid="1" />
                <SequencePoint vc="1" uspid="90" ordinal="11" offset="99" sl="119" sc="4" el="119" ec="5" bec="2" bev="1" fileid="1" />
                <SequencePoint vc="1" uspid="91" ordinal="12" offset="119" sl="120" sc="3" el="120" ec="4" bec="0" bev="0" fileid="1" />
              </SequencePoints>
              <BranchPoints>
                <BranchPoint vc="1" uspid="92" ordinal="0" offset="88" path="0" offsetchain="" offsetend="90" />
                <BranchPoint vc="0" uspid="93" ordinal="1" offset="88" path="1" offsetchain="" offsetend="97" />
                <BranchPoint vc="1" uspid="94" ordinal="2" offset="108" path="0" offsetchain="" offsetend="110" />
                <BranchPoint vc="0" uspid="95" ordinal="3" offset="108" path="1" offsetchain="" offsetend="117" />
              </BranchPoints>
              <MethodPoint xsi:type="SequencePoint" vc="1" uspid="79" ordinal="0" offset="0" sl="109" sc="36" el="109" ec="37" bec="0" bev="0" fileid="1" />
            </Method>
            <Method visited="true" cyclomaticComplexity="1" sequenceCoverage="100" branchCoverage="100" isConstructor="false" isStatic="false" isGetter="false" isSetter="false">
              <Summary numSequencePoints="12" visitedSequencePoints="12" numBranchPoints="1" visitedBranchPoints="1" sequenceCoverage="100" branchCoverage="100" maxCyclomaticComplexity="1" minCyclomaticComplexity="1" />
              <MetadataToken>100663304</MetadataToken>
              <Name>System.Void TestProject1.CsvDataTests::PopulateFromData()</Name>
              <FileRef uid="1" />
              <SequencePoints>
                <SequencePoint vc="1" uspid="96" ordinal="0" offset="7" sl="123" sc="34" el="123" ec="35" bec="0" bev="0" fileid="1" />
                <SequencePoint vc="1" uspid="97" ordinal="1" offset="8" sl="124" sc="3" el="124" ec="25" bec="0" bev="0" fileid="1" />
                <SequencePoint vc="1" uspid="98" ordinal="2" offset="14" sl="125" sc="3" el="125" ec="33" bec="0" bev="0" fileid="1" />
                <SequencePoint vc="1" uspid="99" ordinal="3" offset="26" sl="126" sc="3" el="126" ec="28" bec="0" bev="0" fileid="1" />
                <SequencePoint vc="1" uspid="100" ordinal="4" offset="38" sl="127" sc="3" el="127" ec="59" bec="0" bev="0" fileid="1" />
                <SequencePoint vc="1" uspid="101" ordinal="5" offset="70" sl="128" sc="3" el="128" ec="109" bec="0" bev="0" fileid="1" />
                <SequencePoint vc="1" uspid="102" ordinal="6" offset="136" sl="129" sc="4" el="129" ec="32" bec="0" bev="0" fileid="1" />
                <SequencePoint vc="1" uspid="103" ordinal="7" offset="148" sl="131" sc="4" el="131" ec="59" bec="0" bev="0" fileid="1" />
                <SequencePoint vc="1" uspid="104" ordinal="8" offset="168" sl="132" sc="4" el="132" ec="33" bec="0" bev="0" fileid="1" />
                <SequencePoint vc="1" uspid="105" ordinal="9" offset="180" sl="133" sc="4" el="133" ec="54" bec="0" bev="0" fileid="1" />
                <SequencePoint vc="1" uspid="106" ordinal="10" offset="200" sl="134" sc="4" el="134" ec="32" bec="0" bev="0" fileid="1" />
                <SequencePoint vc="1" uspid="107" ordinal="11" offset="225" sl="135" sc="3" el="135" ec="4" bec="0" bev="0" fileid="1" />
              </SequencePoints>
              <BranchPoints />
              <MethodPoint vc="1" uspid="108" ordinal="0" offset="0" />
            </Method>
            <Method visited="true" cyclomaticComplexity="1" sequenceCoverage="100" branchCoverage="100" isConstructor="false" isStatic="false" isGetter="false" isSetter="false">
              <Summary numSequencePoints="5" visitedSequencePoints="5" numBranchPoints="1" visitedBranchPoints="1" sequenceCoverage="100" branchCoverage="100" maxCyclomaticComplexity="1" minCyclomaticComplexity="1" />
              <MetadataToken>100663305</MetadataToken>
              <Name>System.Void TestProject1.CsvDataTests::PopulateFromString()</Name>
              <FileRef uid="1" />
              <SequencePoints>
                <SequencePoint vc="1" uspid="109" ordinal="0" offset="0" sl="138" sc="36" el="138" ec="37" bec="0" bev="0" fileid="1" />
                <SequencePoint vc="1" uspid="110" ordinal="1" offset="1" sl="139" sc="4" el="139" ec="32" bec="0" bev="0" fileid="1" />
                <SequencePoint vc="1" uspid="111" ordinal="2" offset="7" sl="140" sc="4" el="140" ec="40" bec="0" bev="0" fileid="1" />
                <SequencePoint vc="1" uspid="112" ordinal="3" offset="20" sl="141" sc="4" el="141" ec="54" bec="0" bev="0" fileid="1" />
                <SequencePoint vc="1" uspid="113" ordinal="4" offset="39" sl="142" sc="3" el="142" ec="4" bec="0" bev="0" fileid="1" />
              </SequencePoints>
              <BranchPoints />
              <MethodPoint xsi:type="SequencePoint" vc="1" uspid="109" ordinal="0" offset="0" sl="138" sc="36" el="138" ec="37" bec="0" bev="0" fileid="1" />
            </Method>
            <Method visited="true" cyclomaticComplexity="1" sequenceCoverage="100" branchCoverage="100" isConstructor="false" isStatic="false" isGetter="false" isSetter="false">
              <Summary numSequencePoints="7" visitedSequencePoints="7" numBranchPoints="1" visitedBranchPoints="1" sequenceCoverage="100" branchCoverage="100" maxCyclomaticComplexity="1" minCyclomaticComplexity="1" />
              <MetadataToken>100663306</MetadataToken>
              <Name>System.Void TestProject1.CsvDataTests::Indexers()</Name>
              <FileRef uid="1" />
              <SequencePoints>
                <SequencePoint vc="1" uspid="114" ordinal="0" offset="0" sl="145" sc="26" el="145" ec="27" bec="0" bev="0" fileid="1" />
                <SequencePoint vc="1" uspid="115" ordinal="1" offset="1" sl="146" sc="4" el="146" ec="32" bec="0" bev="0" fileid="1" />
                <SequencePoint vc="1" uspid="116" ordinal="2" offset="7" sl="147" sc="4" el="147" ec="40" bec="0" bev="0" fileid="1" />
                <SequencePoint vc="1" uspid="117" ordinal="3" offset="20" sl="149" sc="4" el="149" ec="52" bec="0" bev="0" fileid="1" />
                <SequencePoint vc="1" uspid="118" ordinal="4" offset="47" sl="150" sc="4" el="150" ec="65" bec="0" bev="0" fileid="1" />
                <SequencePoint vc="1" uspid="119" ordinal="5" offset="74" sl="151" sc="4" el="151" ec="76" bec="0" bev="0" fileid="1" />
                <SequencePoint vc="1" uspid="120" ordinal="6" offset="105" sl="153" sc="3" el="153" ec="4" bec="0" bev="0" fileid="1" />
              </SequencePoints>
              <BranchPoints />
              <MethodPoint xsi:type="SequencePoint" vc="1" uspid="114" ordinal="0" offset="0" sl="145" sc="26" el="145" ec="27" bec="0" bev="0" fileid="1" />
            </Method>
            <Method visited="false" cyclomaticComplexity="7" sequenceCoverage="0" branchCoverage="0" isConstructor="false" isStatic="false" isGetter="false" isSetter="false">
              <Summary numSequencePoints="26" visitedSequencePoints="0" numBranchPoints="13" visitedBranchPoints="0" sequenceCoverage="0" branchCoverage="0" maxCyclomaticComplexity="7" minCyclomaticComplexity="7" />
              <MetadataToken>100663307</MetadataToken>
              <Name>CsvHelper.CsvData TestProject1.CsvDataTests::CreatecsvDataFromDataTable(System.Data.DataTable)</Name>
              <FileRef uid="1" />
              <SequencePoints>
                <SequencePoint vc="0" uspid="121" ordinal="0" offset="0" sl="154" sc="63" el="154" ec="64" bec="0" bev="0" fileid="1" />
                <SequencePoint vc="0" uspid="122" ordinal="1" offset="1" sl="155" sc="4" el="155" ec="32" bec="0" bev="0" fileid="1" />
                <SequencePoint vc="0" uspid="123" ordinal="2" offset="7" sl="157" sc="4" el="157" ec="11" bec="0" bev="0" fileid="1" />
                <SequencePoint vc="0" uspid="124" ordinal="3" offset="8" sl="157" sc="34" el="157" ec="47" bec="0" bev="0" fileid="1" />
                <SequencePoint vc="0" uspid="125" ordinal="4" offset="23" sl="157" sc="13" el="157" ec="30" bec="0" bev="0" fileid="1" />
                <SequencePoint vc="0" uspid="126" ordinal="5" offset="36" sl="158" sc="5" el="158" ec="44" bec="0" bev="0" fileid="1" />
                <SequencePoint vc="0" uspid="127" ordinal="6" offset="54" sl="157" sc="31" el="157" ec="33" bec="4" bev="0" fileid="1" />
                <SequencePoint vc="0" uspid="128" ordinal="7" offset="99" sl="160" sc="4" el="160" ec="11" bec="0" bev="0" fileid="1" />
                <SequencePoint vc="0" uspid="129" ordinal="8" offset="100" sl="160" sc="28" el="160" ec="38" bec="0" bev="0" fileid="1" />
                <SequencePoint vc="0" uspid="130" ordinal="9" offset="118" sl="160" sc="13" el="160" ec="24" bec="0" bev="0" fileid="1" />
                <SequencePoint vc="0" uspid="131" ordinal="10" offset="131" sl="160" sc="40" el="160" ec="41" bec="0" bev="0" fileid="1" />
                <SequencePoint vc="0" uspid="132" ordinal="11" offset="132" sl="161" sc="5" el="161" ec="34" bec="0" bev="0" fileid="1" />
                <SequencePoint vc="0" uspid="133" ordinal="12" offset="138" sl="163" sc="5" el="163" ec="12" bec="0" bev="0" fileid="1" />
                <SequencePoint vc="0" uspid="134" ordinal="13" offset="139" sl="163" sc="26" el="163" ec="39" bec="0" bev="0" fileid="1" />
                <SequencePoint vc="0" uspid="135" ordinal="14" offset="152" sl="163" sc="14" el="163" ec="22" bec="0" bev="0" fileid="1" />
                <SequencePoint vc="0" uspid="136" ordinal="15" offset="159" sl="163" sc="41" el="163" ec="42" bec="0" bev="0" fileid="1" />
                <SequencePoint vc="0" uspid="137" ordinal="16" offset="160" sl="164" sc="6" el="164" ec="24" bec="2" bev="0" fileid="1" />
                <SequencePoint vc="0" uspid="138" ordinal="17" offset="179" sl="165" sc="7" el="165" ec="72" bec="0" bev="0" fileid="1" />
                <SequencePoint vc="0" uspid="139" ordinal="18" offset="214" sl="167" sc="7" el="167" ec="39" bec="0" bev="0" fileid="1" />
                <SequencePoint vc="0" uspid="140" ordinal="19" offset="233" sl="168" sc="5" el="168" ec="6" bec="0" bev="0" fileid="1" />
                <SequencePoint vc="0" uspid="141" ordinal="20" offset="240" sl="163" sc="23" el="163" ec="25" bec="2" bev="0" fileid="1" />
                <SequencePoint vc="0" uspid="142" ordinal="21" offset="254" sl="170" sc="5" el="170" ec="33" bec="0" bev="0" fileid="1" />
                <SequencePoint vc="0" uspid="143" ordinal="22" offset="267" sl="171" sc="4" el="171" ec="5" bec="0" bev="0" fileid="1" />
                <SequencePoint vc="0" uspid="144" ordinal="23" offset="268" sl="160" sc="25" el="160" ec="27" bec="4" bev="0" fileid="1" />
                <SequencePoint vc="0" uspid="145" ordinal="24" offset="316" sl="173" sc="4" el="173" ec="19" bec="0" bev="0" fileid="1" />
                <SequencePoint vc="0" uspid="146" ordinal="25" offset="321" sl="174" sc="3" el="174" ec="4" bec="0" bev="0" fileid="1" />
              </SequencePoints>
              <BranchPoints>
                <BranchPoint vc="0" uspid="147" ordinal="0" offset="65" path="0" offsetchain="" offsetend="67" />
                <BranchPoint vc="0" uspid="148" ordinal="1" offset="65" path="1" offsetchain="" offsetend="23" />
                <BranchPoint vc="0" uspid="149" ordinal="2" offset="87" path="0" offsetchain="" offsetend="89" />
                <BranchPoint vc="0" uspid="150" ordinal="3" offset="87" path="1" offsetchain="" offsetend="97" />
                <BranchPoint vc="0" uspid="151" ordinal="4" offset="177" path="0" offsetchain="" offsetend="179" />
                <BranchPoint vc="0" uspid="152" ordinal="5" offset="177" path="1" offsetchain="" offsetend="214" />
                <BranchPoint vc="0" uspid="153" ordinal="6" offset="252" path="0" offsetchain="" offsetend="254" />
                <BranchPoint vc="0" uspid="154" ordinal="7" offset="252" path="1" offsetchain="" offsetend="152" />
                <BranchPoint vc="0" uspid="155" ordinal="8" offset="279" path="0" offsetchain="" offsetend="284" />
                <BranchPoint vc="0" uspid="156" ordinal="9" offset="279" path="1" offsetchain="" offsetend="118" />
                <BranchPoint vc="0" uspid="157" ordinal="10" offset="304" path="0" offsetchain="" offsetend="306" />
                <BranchPoint vc="0" uspid="158" ordinal="11" offset="304" path="1" offsetchain="" offsetend="314" />
              </BranchPoints>
              <MethodPoint xsi:type="SequencePoint" vc="0" uspid="121" ordinal="0" offset="0" sl="154" sc="63" el="154" ec="64" bec="0" bev="0" fileid="1" />
            </Method>
            <Method visited="true" cyclomaticComplexity="1" sequenceCoverage="100" branchCoverage="100" isConstructor="false" isStatic="false" isGetter="false" isSetter="false">
              <Summary numSequencePoints="8" visitedSequencePoints="8" numBranchPoints="1" visitedBranchPoints="1" sequenceCoverage="100" branchCoverage="100" maxCyclomaticComplexity="1" minCyclomaticComplexity="1" />
              <MetadataToken>100663308</MetadataToken>
              <Name>CsvHelper.CsvData TestProject1.CsvDataTests::CreatecsvData(System.Collections.Generic.List`1&lt;System.String&gt;,System.Collections.Generic.List`1&lt;System.String&gt;)</Name>
              <FileRef uid="1" />
              <SequencePoints>
                <SequencePoint vc="2" uspid="159" ordinal="0" offset="6" sl="176" sc="76" el="176" ec="77" bec="0" bev="0" fileid="1" />
                <SequencePoint vc="2" uspid="160" ordinal="1" offset="7" sl="177" sc="4" el="177" ec="32" bec="0" bev="0" fileid="1" />
                <SequencePoint vc="2" uspid="161" ordinal="2" offset="18" sl="179" sc="4" el="179" ec="59" bec="0" bev="0" fileid="1" />
                <SequencePoint vc="2" uspid="162" ordinal="3" offset="37" sl="180" sc="4" el="180" ec="33" bec="0" bev="0" fileid="1" />
                <SequencePoint vc="2" uspid="163" ordinal="4" offset="48" sl="181" sc="4" el="181" ec="54" bec="0" bev="0" fileid="1" />
                <SequencePoint vc="2" uspid="164" ordinal="5" offset="67" sl="182" sc="4" el="182" ec="32" bec="0" bev="0" fileid="1" />
                <SequencePoint vc="2" uspid="165" ordinal="6" offset="90" sl="183" sc="4" el="183" ec="19" bec="0" bev="0" fileid="1" />
                <SequencePoint vc="2" uspid="166" ordinal="7" offset="99" sl="184" sc="3" el="184" ec="4" bec="0" bev="0" fileid="1" />
              </SequencePoints>
              <BranchPoints />
              <MethodPoint vc="2" uspid="167" ordinal="0" offset="0" />
            </Method>
            <Method visited="false" cyclomaticComplexity="1" sequenceCoverage="0" branchCoverage="0" isConstructor="false" isStatic="false" isGetter="false" isSetter="false">
              <Summary numSequencePoints="10" visitedSequencePoints="0" numBranchPoints="1" visitedBranchPoints="0" sequenceCoverage="0" branchCoverage="0" maxCyclomaticComplexity="1" minCyclomaticComplexity="1" />
              <MetadataToken>100663309</MetadataToken>
              <Name>System.Void TestProject1.CsvDataTests::VerifyTestData1(System.Collections.Generic.List`1&lt;System.String&gt;,CsvHelper.CsvRecords)</Name>
              <FileRef uid="1" />
              <SequencePoints>
                <SequencePoint vc="0" uspid="168" ordinal="0" offset="0" sl="187" sc="74" el="187" ec="75" bec="0" bev="0" fileid="1" />
                <SequencePoint vc="0" uspid="169" ordinal="1" offset="1" sl="188" sc="4" el="188" ec="38" bec="0" bev="0" fileid="1" />
                <SequencePoint vc="0" uspid="170" ordinal="2" offset="16" sl="189" sc="4" el="189" ec="38" bec="0" bev="0" fileid="1" />
                <SequencePoint vc="0" uspid="171" ordinal="3" offset="31" sl="190" sc="4" el="190" ec="46" bec="0" bev="0" fileid="1" />
                <SequencePoint vc="0" uspid="172" ordinal="4" offset="49" sl="191" sc="4" el="191" ec="46" bec="0" bev="0" fileid="1" />
                <SequencePoint vc="0" uspid="173" ordinal="5" offset="67" sl="192" sc="4" el="192" ec="48" bec="0" bev="0" fileid="1" />
                <SequencePoint vc="0" uspid="174" ordinal="6" offset="85" sl="193" sc="4" el="193" ec="47" bec="0" bev="0" fileid="1" />
                <SequencePoint vc="0" uspid="175" ordinal="7" offset="114" sl="194" sc="4" el="194" ec="52" bec="0" bev="0" fileid="1" />
                <SequencePoint vc="0" uspid="176" ordinal="8" offset="143" sl="195" sc="4" el="195" ec="65" bec="0" bev="0" fileid="1" />
                <SequencePoint vc="0" uspid="177" ordinal="9" offset="172" sl="196" sc="3" el="196" ec="4" bec="0" bev="0" fileid="1" />
              </SequencePoints>
              <BranchPoints />
              <MethodPoint xsi:type="SequencePoint" vc="0" uspid="168" ordinal="0" offset="0" sl="187" sc="74" el="187" ec="75" bec="0" bev="0" fileid="1" />
            </Method>
            <Method visited="false" cyclomaticComplexity="1" sequenceCoverage="0" branchCoverage="0" isConstructor="false" isStatic="false" isGetter="false" isSetter="false">
              <Summary numSequencePoints="10" visitedSequencePoints="0" numBranchPoints="1" visitedBranchPoints="0" sequenceCoverage="0" branchCoverage="0" maxCyclomaticComplexity="1" minCyclomaticComplexity="1" />
              <MetadataToken>100663310</MetadataToken>
              <Name>System.Void TestProject1.CsvDataTests::VerifyTestData2(System.Collections.Generic.List`1&lt;System.String&gt;,CsvHelper.CsvRecords)</Name>
              <FileRef uid="1" />
              <SequencePoints>
                <SequencePoint vc="0" uspid="178" ordinal="0" offset="0" sl="198" sc="74" el="198" ec="75" bec="0" bev="0" fileid="1" />
                <SequencePoint vc="0" uspid="179" ordinal="1" offset="1" sl="199" sc="4" el="199" ec="38" bec="0" bev="0" fileid="1" />
                <SequencePoint vc="0" uspid="180" ordinal="2" offset="16" sl="200" sc="4" el="200" ec="38" bec="0" bev="0" fileid="1" />
                <SequencePoint vc="0" uspid="181" ordinal="3" offset="31" sl="201" sc="4" el="201" ec="47" bec="0" bev="0" fileid="1" />
                <SequencePoint vc="0" uspid="182" ordinal="4" offset="49" sl="202" sc="4" el="202" ec="46" bec="0" bev="0" fileid="1" />
                <SequencePoint vc="0" uspid="183" ordinal="5" offset="67" sl="203" sc="4" el="203" ec="49" bec="0" bev="0" fileid="1" />
                <SequencePoint vc="0" uspid="184" ordinal="6" offset="85" sl="204" sc="4" el="204" ec="52" bec="0" bev="0" fileid="1" />
                <SequencePoint vc="0" uspid="185" ordinal="7" offset="114" sl="205" sc="4" el="205" ec="53" bec="0" bev="0" fileid="1" />
                <SequencePoint vc="0" uspid="186" ordinal="8" offset="143" sl="206" sc="4" el="206" ec="52" bec="0" bev="0" fileid="1" />
                <SequencePoint vc="0" uspid="187" ordinal="9" offset="172" sl="207" sc="3" el="207" ec="4" bec="0" bev="0" fileid="1" />
              </SequencePoints>
              <BranchPoints />
              <MethodPoint xsi:type="SequencePoint" vc="0" uspid="178" ordinal="0" offset="0" sl="198" sc="74" el="198" ec="75" bec="0" bev="0" fileid="1" />
            </Method>
            <Method visited="false" cyclomaticComplexity="1" sequenceCoverage="0" branchCoverage="0" isConstructor="false" isStatic="false" isGetter="false" isSetter="false">
              <Summary numSequencePoints="10" visitedSequencePoints="0" numBranchPoints="1" visitedBranchPoints="0" sequenceCoverage="0" branchCoverage="0" maxCyclomaticComplexity="1" minCyclomaticComplexity="1" />
              <MetadataToken>100663311</MetadataToken>
              <Name>System.Void TestProject1.CsvDataTests::VerifyTestData3(System.Collections.Generic.List`1&lt;System.String&gt;,CsvHelper.CsvRecords)</Name>
              <FileRef uid="1" />
              <SequencePoints>
                <SequencePoint vc="0" uspid="188" ordinal="0" offset="0" sl="209" sc="74" el="209" ec="75" bec="0" bev="0" fileid="1" />
                <SequencePoint vc="0" uspid="189" ordinal="1" offset="1" sl="210" sc="4" el="210" ec="38" bec="0" bev="0" fileid="1" />
                <SequencePoint vc="0" uspid="190" ordinal="2" offset="16" sl="211" sc="4" el="211" ec="38" bec="0" bev="0" fileid="1" />
                <SequencePoint vc="0" uspid="191" ordinal="3" offset="31" sl="212" sc="4" el="212" ec="47" bec="0" bev="0" fileid="1" />
                <SequencePoint vc="0" uspid="192" ordinal="4" offset="49" sl="213" sc="4" el="213" ec="48" bec="0" bev="0" fileid="1" />
                <SequencePoint vc="0" uspid="193" ordinal="5" offset="67" sl="214" sc="4" el="214" ec="49" bec="0" bev="0" fileid="1" />
                <SequencePoint vc="0" uspid="194" ordinal="6" offset="85" sl="215" sc="4" el="215" ec="54" bec="0" bev="0" fileid="1" />
                <SequencePoint vc="0" uspid="195" ordinal="7" offset="114" sl="216" sc="4" el="216" ec="53" bec="0" bev="0" fileid="1" />
                <SequencePoint vc="0" uspid="196" ordinal="8" offset="143" sl="217" sc="4" el="217" ec="52" bec="0" bev="0" fileid="1" />
                <SequencePoint vc="0" uspid="197" ordinal="9" offset="172" sl="218" sc="3" el="218" ec="4" bec="0" bev="0" fileid="1" />
              </SequencePoints>
              <BranchPoints />
              <MethodPoint xsi:type="SequencePoint" vc="0" uspid="188" ordinal="0" offset="0" sl="209" sc="74" el="209" ec="75" bec="0" bev="0" fileid="1" />
            </Method>
            <Method visited="false" cyclomaticComplexity="1" sequenceCoverage="0" branchCoverage="0" isConstructor="false" isStatic="false" isGetter="false" isSetter="false">
              <Summary numSequencePoints="10" visitedSequencePoints="0" numBranchPoints="1" visitedBranchPoints="0" sequenceCoverage="0" branchCoverage="0" maxCyclomaticComplexity="1" minCyclomaticComplexity="1" />
              <MetadataToken>100663312</MetadataToken>
              <Name>System.Void TestProject1.CsvDataTests::VerifyTestData4(System.Collections.Generic.List`1&lt;System.String&gt;,CsvHelper.CsvRecords)</Name>
              <FileRef uid="1" />
              <SequencePoints>
                <SequencePoint vc="0" uspid="198" ordinal="0" offset="0" sl="220" sc="74" el="220" ec="75" bec="0" bev="0" fileid="1" />
                <SequencePoint vc="0" uspid="199" ordinal="1" offset="1" sl="221" sc="4" el="221" ec="38" bec="0" bev="0" fileid="1" />
                <SequencePoint vc="0" uspid="200" ordinal="2" offset="16" sl="222" sc="4" el="222" ec="38" bec="0" bev="0" fileid="1" />
                <SequencePoint vc="0" uspid="201" ordinal="3" offset="31" sl="223" sc="4" el="223" ec="47" bec="0" bev="0" fileid="1" />
                <SequencePoint vc="0" uspid="202" ordinal="4" offset="49" sl="224" sc="4" el="224" ec="48" bec="0" bev="0" fileid="1" />
                <SequencePoint vc="0" uspid="203" ordinal="5" offset="67" sl="225" sc="4" el="225" ec="49" bec="0" bev="0" fileid="1" />
                <SequencePoint vc="0" uspid="204" ordinal="6" offset="85" sl="226" sc="4" el="226" ec="55" bec="0" bev="0" fileid="1" />
                <SequencePoint vc="0" uspid="205" ordinal="7" offset="114" sl="227" sc="4" el="227" ec="53" bec="0" bev="0" fileid="1" />
                <SequencePoint vc="0" uspid="206" ordinal="8" offset="143" sl="228" sc="4" el="228" ec="52" bec="0" bev="0" fileid="1" />
                <SequencePoint vc="0" uspid="207" ordinal="9" offset="172" sl="229" sc="3" el="229" ec="4" bec="0" bev="0" fileid="1" />
              </SequencePoints>
              <BranchPoints />
              <MethodPoint xsi:type="SequencePoint" vc="0" uspid="198" ordinal="0" offset="0" sl="220" sc="74" el="220" ec="75" bec="0" bev="0" fileid="1" />
            </Method>
            <Method visited="true" cyclomaticComplexity="1" sequenceCoverage="100" branchCoverage="100" isConstructor="false" isStatic="false" isGetter="false" isSetter="false">
              <Summary numSequencePoints="10" visitedSequencePoints="10" numBranchPoints="1" visitedBranchPoints="1" sequenceCoverage="100" branchCoverage="100" maxCyclomaticComplexity="1" minCyclomaticComplexity="1" />
              <MetadataToken>100663313</MetadataToken>
              <Name>System.Void TestProject1.CsvDataTests::VerifyTestData5(System.Collections.Generic.List`1&lt;System.String&gt;,CsvHelper.CsvRecords)</Name>
              <FileRef uid="1" />
              <SequencePoints>
                <SequencePoint vc="3" uspid="208" ordinal="0" offset="0" sl="231" sc="74" el="231" ec="75" bec="0" bev="0" fileid="1" />
                <SequencePoint vc="3" uspid="209" ordinal="1" offset="1" sl="232" sc="4" el="232" ec="38" bec="0" bev="0" fileid="1" />
                <SequencePoint vc="3" uspid="210" ordinal="2" offset="16" sl="233" sc="4" el="233" ec="38" bec="0" bev="0" fileid="1" />
                <SequencePoint vc="3" uspid="211" ordinal="3" offset="31" sl="234" sc="4" el="234" ec="47" bec="0" bev="0" fileid="1" />
                <SequencePoint vc="3" uspid="212" ordinal="4" offset="49" sl="235" sc="4" el="235" ec="48" bec="0" bev="0" fileid="1" />
                <SequencePoint vc="3" uspid="213" ordinal="5" offset="67" sl="236" sc="4" el="236" ec="49" bec="0" bev="0" fileid="1" />
                <SequencePoint vc="3" uspid="214" ordinal="6" offset="85" sl="237" sc="4" el="237" ec="57" bec="0" bev="0" fileid="1" />
                <SequencePoint vc="3" uspid="215" ordinal="7" offset="114" sl="238" sc="4" el="238" ec="60" bec="0" bev="0" fileid="1" />
                <SequencePoint vc="3" uspid="216" ordinal="8" offset="143" sl="239" sc="4" el="239" ec="52" bec="0" bev="0" fileid="1" />
                <SequencePoint vc="3" uspid="217" ordinal="9" offset="172" sl="240" sc="3" el="240" ec="4" bec="0" bev="0" fileid="1" />
              </SequencePoints>
              <BranchPoints />
              <MethodPoint xsi:type="SequencePoint" vc="3" uspid="208" ordinal="0" offset="0" sl="231" sc="74" el="231" ec="75" bec="0" bev="0" fileid="1" />
            </Method>
            <Method visited="true" cyclomaticComplexity="1" sequenceCoverage="100" branchCoverage="100" isConstructor="false" isStatic="false" isGetter="false" isSetter="false">
              <Summary numSequencePoints="9" visitedSequencePoints="9" numBranchPoints="1" visitedBranchPoints="1" sequenceCoverage="100" branchCoverage="100" maxCyclomaticComplexity="1" minCyclomaticComplexity="1" />
              <MetadataToken>100663314</MetadataToken>
              <Name>System.Void TestProject1.CsvDataTests::VerifyTestData5Alternative(CsvHelper.CsvRecords)</Name>
              <FileRef uid="1" />
              <SequencePoints>
                <SequencePoint vc="1" uspid="218" ordinal="0" offset="0" sl="242" sc="63" el="242" ec="64" bec="0" bev="0" fileid="1" />
                <SequencePoint vc="1" uspid="219" ordinal="1" offset="1" sl="243" sc="4" el="243" ec="38" bec="0" bev="0" fileid="1" />
                <SequencePoint vc="1" uspid="220" ordinal="2" offset="16" sl="244" sc="4" el="244" ec="57" bec="0" bev="0" fileid="1" />
                <SequencePoint vc="1" uspid="221" ordinal="3" offset="45" sl="245" sc="4" el="245" ec="58" bec="0" bev="0" fileid="1" />
                <SequencePoint vc="1" uspid="222" ordinal="4" offset="74" sl="246" sc="4" el="246" ec="59" bec="0" bev="0" fileid="1" />
                <SequencePoint vc="1" uspid="223" ordinal="5" offset="103" sl="247" sc="4" el="247" ec="57" bec="0" bev="0" fileid="1" />
                <SequencePoint vc="1" uspid="224" ordinal="6" offset="132" sl="248" sc="4" el="248" ec="60" bec="0" bev="0" fileid="1" />
                <SequencePoint vc="1" uspid="225" ordinal="7" offset="161" sl="249" sc="4" el="249" ec="52" bec="0" bev="0" fileid="1" />
                <SequencePoint vc="1" uspid="226" ordinal="8" offset="190" sl="250" sc="3" el="250" ec="4" bec="0" bev="0" fileid="1" />
              </SequencePoints>
              <BranchPoints />
              <MethodPoint xsi:type="SequencePoint" vc="1" uspid="218" ordinal="0" offset="0" sl="242" sc="63" el="242" ec="64" bec="0" bev="0" fileid="1" />
            </Method>
            <Method visited="false" cyclomaticComplexity="1" sequenceCoverage="0" branchCoverage="0" isConstructor="false" isStatic="false" isGetter="false" isSetter="false">
              <Summary numSequencePoints="10" visitedSequencePoints="0" numBranchPoints="1" visitedBranchPoints="0" sequenceCoverage="0" branchCoverage="0" maxCyclomaticComplexity="1" minCyclomaticComplexity="1" />
              <MetadataToken>100663315</MetadataToken>
              <Name>System.Void TestProject1.CsvDataTests::VerifyTestData6(System.Collections.Generic.List`1&lt;System.String&gt;,CsvHelper.CsvRecords)</Name>
              <FileRef uid="1" />
              <SequencePoints>
                <SequencePoint vc="0" uspid="227" ordinal="0" offset="0" sl="252" sc="74" el="252" ec="75" bec="0" bev="0" fileid="1" />
                <SequencePoint vc="0" uspid="228" ordinal="1" offset="1" sl="253" sc="4" el="253" ec="38" bec="0" bev="0" fileid="1" />
                <SequencePoint vc="0" uspid="229" ordinal="2" offset="16" sl="254" sc="4" el="254" ec="38" bec="0" bev="0" fileid="1" />
                <SequencePoint vc="0" uspid="230" ordinal="3" offset="31" sl="255" sc="4" el="255" ec="48" bec="0" bev="0" fileid="1" />
                <SequencePoint vc="0" uspid="231" ordinal="4" offset="49" sl="256" sc="4" el="256" ec="50" bec="0" bev="0" fileid="1" />
                <SequencePoint vc="0" uspid="232" ordinal="5" offset="67" sl="257" sc="4" el="257" ec="54" bec="0" bev="0" fileid="1" />
                <SequencePoint vc="0" uspid="233" ordinal="6" offset="85" sl="258" sc="4" el="258" ec="53" bec="0" bev="0" fileid="1" />
                <SequencePoint vc="0" uspid="234" ordinal="7" offset="114" sl="259" sc="4" el="259" ec="56" bec="0" bev="0" fileid="1" />
                <SequencePoint vc="0" uspid="235" ordinal="8" offset="143" sl="260" sc="4" el="260" ec="67" bec="0" bev="0" fileid="1" />
                <SequencePoint vc="0" uspid="236" ordinal="9" offset="172" sl="261" sc="3" el="261" ec="4" bec="0" bev="0" fileid="1" />
              </SequencePoints>
              <BranchPoints />
              <MethodPoint xsi:type="SequencePoint" vc="0" uspid="227" ordinal="0" offset="0" sl="252" sc="74" el="252" ec="75" bec="0" bev="0" fileid="1" />
            </Method>
            <Method visited="false" cyclomaticComplexity="1" sequenceCoverage="0" branchCoverage="0" isConstructor="false" isStatic="false" isGetter="false" isSetter="false">
              <Summary numSequencePoints="10" visitedSequencePoints="0" numBranchPoints="1" visitedBranchPoints="0" sequenceCoverage="0" branchCoverage="0" maxCyclomaticComplexity="1" minCyclomaticComplexity="1" />
              <MetadataToken>100663316</MetadataToken>
              <Name>System.Void TestProject1.CsvDataTests::VerifyTestData6Trimmed(System.Collections.Generic.List`1&lt;System.String&gt;,CsvHelper.CsvRecords)</Name>
              <FileRef uid="1" />
              <SequencePoints>
                <SequencePoint vc="0" uspid="237" ordinal="0" offset="0" sl="263" sc="81" el="263" ec="82" bec="0" bev="0" fileid="1" />
                <SequencePoint vc="0" uspid="238" ordinal="1" offset="1" sl="264" sc="4" el="264" ec="38" bec="0" bev="0" fileid="1" />
                <SequencePoint vc="0" uspid="239" ordinal="2" offset="16" sl="265" sc="4" el="265" ec="38" bec="0" bev="0" fileid="1" />
                <SequencePoint vc="0" uspid="240" ordinal="3" offset="31" sl="266" sc="4" el="266" ec="46" bec="0" bev="0" fileid="1" />
                <SequencePoint vc="0" uspid="241" ordinal="4" offset="49" sl="267" sc="4" el="267" ec="46" bec="0" bev="0" fileid="1" />
                <SequencePoint vc="0" uspid="242" ordinal="5" offset="67" sl="268" sc="4" el="268" ec="48" bec="0" bev="0" fileid="1" />
                <SequencePoint vc="0" uspid="243" ordinal="6" offset="85" sl="269" sc="4" el="269" ec="47" bec="0" bev="0" fileid="1" />
                <SequencePoint vc="0" uspid="244" ordinal="7" offset="114" sl="270" sc="4" el="270" ec="52" bec="0" bev="0" fileid="1" />
                <SequencePoint vc="0" uspid="245" ordinal="8" offset="143" sl="271" sc="4" el="271" ec="65" bec="0" bev="0" fileid="1" />
                <SequencePoint vc="0" uspid="246" ordinal="9" offset="172" sl="272" sc="3" el="272" ec="4" bec="0" bev="0" fileid="1" />
              </SequencePoints>
              <BranchPoints />
              <MethodPoint xsi:type="SequencePoint" vc="0" uspid="237" ordinal="0" offset="0" sl="263" sc="81" el="263" ec="82" bec="0" bev="0" fileid="1" />
            </Method>
            <Method visited="true" cyclomaticComplexity="2" sequenceCoverage="75" branchCoverage="66.67" isConstructor="false" isStatic="true" isGetter="false" isSetter="false">
              <Summary numSequencePoints="4" visitedSequencePoints="3" numBranchPoints="3" visitedBranchPoints="2" sequenceCoverage="75" branchCoverage="66.67" maxCyclomaticComplexity="2" minCyclomaticComplexity="2" />
              <MetadataToken>100663317</MetadataToken>
              <Name>System.Void TestProject1.CsvDataTests::Cleanup()</Name>
              <FileRef uid="1" />
              <SequencePoints>
                <SequencePoint vc="1" uspid="247" ordinal="0" offset="0" sl="277" sc="32" el="277" ec="33" bec="0" bev="0" fileid="1" />
                <SequencePoint vc="1" uspid="248" ordinal="1" offset="1" sl="278" sc="4" el="278" ec="30" bec="2" bev="1" fileid="1" />
                <SequencePoint vc="0" uspid="249" ordinal="2" offset="18" sl="279" sc="5" el="279" ec="27" bec="0" bev="0" fileid="1" />
                <SequencePoint vc="1" uspid="250" ordinal="3" offset="29" sl="280" sc="3" el="280" ec="4" bec="0" bev="0" fileid="1" />
              </SequencePoints>
              <BranchPoints>
                <BranchPoint vc="0" uspid="251" ordinal="0" offset="16" path="0" offsetchain="" offsetend="18" />
                <BranchPoint vc="1" uspid="252" ordinal="1" offset="16" path="1" offsetchain="" offsetend="29" />
              </BranchPoints>
              <MethodPoint xsi:type="SequencePoint" vc="1" uspid="247" ordinal="0" offset="0" sl="277" sc="32" el="277" ec="33" bec="0" bev="0" fileid="1" />
            </Method>
            <Method visited="true" cyclomaticComplexity="1" sequenceCoverage="0" branchCoverage="0" isConstructor="true" isStatic="false" isGetter="false" isSetter="false">
              <Summary numSequencePoints="0" visitedSequencePoints="0" numBranchPoints="0" visitedBranchPoints="0" sequenceCoverage="0" branchCoverage="0" maxCyclomaticComplexity="1" minCyclomaticComplexity="1" />
              <MetadataToken>100663318</MetadataToken>
              <Name>System.Void TestProject1.CsvDataTests::.ctor()</Name>
              <SequencePoints />
              <BranchPoints />
              <MethodPoint vc="1" uspid="253" ordinal="0" offset="0" />
            </Method>
          </Methods>
        </Class>
        <Class>
          <Summary numSequencePoints="2" visitedSequencePoints="2" numBranchPoints="2" visitedBranchPoints="2" sequenceCoverage="100" branchCoverage="100" maxCyclomaticComplexity="1" minCyclomaticComplexity="1" />
          <FullName>TestProject1.CsvDataTests/&lt;&gt;c__DisplayClass4</FullName>
          <Methods>
            <Method visited="true" cyclomaticComplexity="1" sequenceCoverage="0" branchCoverage="0" isConstructor="true" isStatic="false" isGetter="false" isSetter="false">
              <Summary numSequencePoints="0" visitedSequencePoints="0" numBranchPoints="0" visitedBranchPoints="0" sequenceCoverage="0" branchCoverage="0" maxCyclomaticComplexity="1" minCyclomaticComplexity="1" />
              <MetadataToken>100663378</MetadataToken>
              <Name>System.Void TestProject1.CsvDataTests/&lt;&gt;c__DisplayClass4::.ctor()</Name>
              <SequencePoints />
              <BranchPoints />
              <MethodPoint vc="1" uspid="254" ordinal="0" offset="0" />
            </Method>
            <Method visited="true" cyclomaticComplexity="1" sequenceCoverage="100" branchCoverage="100" isConstructor="false" isStatic="false" isGetter="false" isSetter="false">
              <Summary numSequencePoints="1" visitedSequencePoints="1" numBranchPoints="1" visitedBranchPoints="1" sequenceCoverage="100" branchCoverage="100" maxCyclomaticComplexity="1" minCyclomaticComplexity="1" />
              <MetadataToken>100663379</MetadataToken>
              <Name>System.Void TestProject1.CsvDataTests/&lt;&gt;c__DisplayClass4::&lt;PopulateFromData&gt;b__2(System.String)</Name>
              <FileRef uid="1" />
              <SequencePoints>
                <SequencePoint vc="2" uspid="255" ordinal="0" offset="0" sl="131" sc="30" el="131" ec="57" bec="0" bev="0" fileid="1" />
              </SequencePoints>
              <BranchPoints />
              <MethodPoint xsi:type="SequencePoint" vc="2" uspid="255" ordinal="0" offset="0" sl="131" sc="30" el="131" ec="57" bec="0" bev="0" fileid="1" />
            </Method>
            <Method visited="true" cyclomaticComplexity="1" sequenceCoverage="100" branchCoverage="100" isConstructor="false" isStatic="false" isGetter="false" isSetter="false">
              <Summary numSequencePoints="1" visitedSequencePoints="1" numBranchPoints="1" visitedBranchPoints="1" sequenceCoverage="100" branchCoverage="100" maxCyclomaticComplexity="1" minCyclomaticComplexity="1" />
              <MetadataToken>100663380</MetadataToken>
              <Name>System.Void TestProject1.CsvDataTests/&lt;&gt;c__DisplayClass4::&lt;PopulateFromData&gt;b__3(System.String)</Name>
              <FileRef uid="1" />
              <SequencePoints>
                <SequencePoint vc="2" uspid="256" ordinal="0" offset="0" sl="133" sc="28" el="133" ec="52" bec="0" bev="0" fileid="1" />
              </SequencePoints>
              <BranchPoints />
              <MethodPoint xsi:type="SequencePoint" vc="2" uspid="256" ordinal="0" offset="0" sl="133" sc="28" el="133" ec="52" bec="0" bev="0" fileid="1" />
            </Method>
          </Methods>
        </Class>
        <Class>
          <Summary numSequencePoints="2" visitedSequencePoints="2" numBranchPoints="2" visitedBranchPoints="2" sequenceCoverage="100" branchCoverage="100" maxCyclomaticComplexity="1" minCyclomaticComplexity="1" />
          <FullName>TestProject1.CsvDataTests/&lt;&gt;c__DisplayClass8</FullName>
          <Methods>
            <Method visited="true" cyclomaticComplexity="1" sequenceCoverage="0" branchCoverage="0" isConstructor="true" isStatic="false" isGetter="false" isSetter="false">
              <Summary numSequencePoints="0" visitedSequencePoints="0" numBranchPoints="0" visitedBranchPoints="0" sequenceCoverage="0" branchCoverage="0" maxCyclomaticComplexity="1" minCyclomaticComplexity="1" />
              <MetadataToken>100663381</MetadataToken>
              <Name>System.Void TestProject1.CsvDataTests/&lt;&gt;c__DisplayClass8::.ctor()</Name>
              <SequencePoints />
              <BranchPoints />
              <MethodPoint vc="2" uspid="257" ordinal="0" offset="0" />
            </Method>
            <Method visited="true" cyclomaticComplexity="1" sequenceCoverage="100" branchCoverage="100" isConstructor="false" isStatic="false" isGetter="false" isSetter="false">
              <Summary numSequencePoints="1" visitedSequencePoints="1" numBranchPoints="1" visitedBranchPoints="1" sequenceCoverage="100" branchCoverage="100" maxCyclomaticComplexity="1" minCyclomaticComplexity="1" />
              <MetadataToken>100663382</MetadataToken>
              <Name>System.Void TestProject1.CsvDataTests/&lt;&gt;c__DisplayClass8::&lt;CreatecsvData&gt;b__6(System.String)</Name>
              <FileRef uid="1" />
              <SequencePoints>
                <SequencePoint vc="6" uspid="258" ordinal="0" offset="0" sl="179" sc="30" el="179" ec="57" bec="0" bev="0" fileid="1" />
              </SequencePoints>
              <BranchPoints />
              <MethodPoint xsi:type="SequencePoint" vc="6" uspid="258" ordinal="0" offset="0" sl="179" sc="30" el="179" ec="57" bec="0" bev="0" fileid="1" />
            </Method>
            <Method visited="true" cyclomaticComplexity="1" sequenceCoverage="100" branchCoverage="100" isConstructor="false" isStatic="false" isGetter="false" isSetter="false">
              <Summary numSequencePoints="1" visitedSequencePoints="1" numBranchPoints="1" visitedBranchPoints="1" sequenceCoverage="100" branchCoverage="100" maxCyclomaticComplexity="1" minCyclomaticComplexity="1" />
              <MetadataToken>100663383</MetadataToken>
              <Name>System.Void TestProject1.CsvDataTests/&lt;&gt;c__DisplayClass8::&lt;CreatecsvData&gt;b__7(System.String)</Name>
              <FileRef uid="1" />
              <SequencePoints>
                <SequencePoint vc="6" uspid="259" ordinal="0" offset="0" sl="181" sc="28" el="181" ec="52" bec="0" bev="0" fileid="1" />
              </SequencePoints>
              <BranchPoints />
              <MethodPoint xsi:type="SequencePoint" vc="6" uspid="259" ordinal="0" offset="0" sl="181" sc="28" el="181" ec="52" bec="0" bev="0" fileid="1" />
            </Method>
          </Methods>
        </Class>
        <Class>
          <Summary numSequencePoints="3" visitedSequencePoints="0" numBranchPoints="1" visitedBranchPoints="0" sequenceCoverage="0" branchCoverage="0" maxCyclomaticComplexity="1" minCyclomaticComplexity="1" />
          <FullName>TestProject1.Data</FullName>
          <Methods>
            <Method visited="true" cyclomaticComplexity="1" sequenceCoverage="0" branchCoverage="0" isConstructor="false" isStatic="false" isGetter="true" isSetter="false">
              <Summary numSequencePoints="0" visitedSequencePoints="0" numBranchPoints="0" visitedBranchPoints="0" sequenceCoverage="0" branchCoverage="0" maxCyclomaticComplexity="1" minCyclomaticComplexity="1" />
              <MetadataToken>100663319</MetadataToken>
              <Name>System.DateTime TestProject1.Data::get_TimeStamp()</Name>
              <SequencePoints />
              <BranchPoints />
              <MethodPoint vc="1" uspid="260" ordinal="0" offset="0" />
            </Method>
            <Method visited="true" cyclomaticComplexity="1" sequenceCoverage="0" branchCoverage="0" isConstructor="false" isStatic="false" isGetter="false" isSetter="true">
              <Summary numSequencePoints="0" visitedSequencePoints="0" numBranchPoints="0" visitedBranchPoints="0" sequenceCoverage="0" branchCoverage="0" maxCyclomaticComplexity="1" minCyclomaticComplexity="1" />
              <MetadataToken>100663320</MetadataToken>
              <Name>System.Void TestProject1.Data::set_TimeStamp(System.DateTime)</Name>
              <SequencePoints />
              <BranchPoints />
              <MethodPoint vc="1" uspid="261" ordinal="0" offset="0" />
            </Method>
            <Method visited="true" cyclomaticComplexity="1" sequenceCoverage="0" branchCoverage="0" isConstructor="false" isStatic="false" isGetter="true" isSetter="false">
              <Summary numSequencePoints="0" visitedSequencePoints="0" numBranchPoints="0" visitedBranchPoints="0" sequenceCoverage="0" branchCoverage="0" maxCyclomaticComplexity="1" minCyclomaticComplexity="1" />
              <MetadataToken>100663321</MetadataToken>
              <Name>System.Single TestProject1.Data::get_Value()</Name>
              <SequencePoints />
              <BranchPoints />
              <MethodPoint vc="1" uspid="262" ordinal="0" offset="0" />
            </Method>
            <Method visited="true" cyclomaticComplexity="1" sequenceCoverage="0" branchCoverage="0" isConstructor="false" isStatic="false" isGetter="false" isSetter="true">
              <Summary numSequencePoints="0" visitedSequencePoints="0" numBranchPoints="0" visitedBranchPoints="0" sequenceCoverage="0" branchCoverage="0" maxCyclomaticComplexity="1" minCyclomaticComplexity="1" />
              <MetadataToken>100663322</MetadataToken>
              <Name>System.Void TestProject1.Data::set_Value(System.Single)</Name>
              <SequencePoints />
              <BranchPoints />
              <MethodPoint vc="1" uspid="263" ordinal="0" offset="0" />
            </Method>
            <Method visited="false" cyclomaticComplexity="1" sequenceCoverage="0" branchCoverage="0" isConstructor="false" isStatic="false" isGetter="false" isSetter="false">
              <Summary numSequencePoints="3" visitedSequencePoints="0" numBranchPoints="1" visitedBranchPoints="0" sequenceCoverage="0" branchCoverage="0" maxCyclomaticComplexity="1" minCyclomaticComplexity="1" />
              <MetadataToken>100663323</MetadataToken>
              <Name>System.String TestProject1.Data::ToString()</Name>
              <FileRef uid="1" />
              <SequencePoints>
                <SequencePoint vc="0" uspid="264" ordinal="0" offset="0" sl="288" sc="37" el="288" ec="38" bec="0" bev="0" fileid="1" />
                <SequencePoint vc="0" uspid="265" ordinal="1" offset="1" sl="289" sc="4" el="289" ec="124" bec="0" bev="0" fileid="1" />
                <SequencePoint vc="0" uspid="266" ordinal="2" offset="53" sl="290" sc="3" el="290" ec="4" bec="0" bev="0" fileid="1" />
              </SequencePoints>
              <BranchPoints />
              <MethodPoint xsi:type="SequencePoint" vc="0" uspid="264" ordinal="0" offset="0" sl="288" sc="37" el="288" ec="38" bec="0" bev="0" fileid="1" />
            </Method>
            <Method visited="true" cyclomaticComplexity="1" sequenceCoverage="0" branchCoverage="0" isConstructor="true" isStatic="false" isGetter="false" isSetter="false">
              <Summary numSequencePoints="0" visitedSequencePoints="0" numBranchPoints="0" visitedBranchPoints="0" sequenceCoverage="0" branchCoverage="0" maxCyclomaticComplexity="1" minCyclomaticComplexity="1" />
              <MetadataToken>100663324</MetadataToken>
              <Name>System.Void TestProject1.Data::.ctor()</Name>
              <SequencePoints />
              <BranchPoints />
              <MethodPoint vc="1" uspid="267" ordinal="0" offset="0" />
            </Method>
          </Methods>
        </Class>
        <Class>
          <Summary numSequencePoints="173" visitedSequencePoints="0" numBranchPoints="63" visitedBranchPoints="0" sequenceCoverage="0" branchCoverage="0" maxCyclomaticComplexity="7" minCyclomaticComplexity="1" />
          <FullName>TestProject1.CsvWriterTests</FullName>
          <Methods>
            <Method visited="false" cyclomaticComplexity="1" sequenceCoverage="0" branchCoverage="0" isConstructor="false" isStatic="false" isGetter="true" isSetter="false">
              <Summary numSequencePoints="3" visitedSequencePoints="0" numBranchPoints="1" visitedBranchPoints="0" sequenceCoverage="0" branchCoverage="0" maxCyclomaticComplexity="1" minCyclomaticComplexity="1" />
              <MetadataToken>100663325</MetadataToken>
              <Name>NUnit.Framework.TestContext TestProject1.CsvWriterTests::get_TestContext()</Name>
              <FileRef uid="5" />
              <SequencePoints>
                <SequencePoint vc="0" uspid="268" ordinal="0" offset="0" sl="22" sc="8" el="22" ec="9" bec="0" bev="0" fileid="5" />
                <SequencePoint vc="0" uspid="269" ordinal="1" offset="1" sl="23" sc="5" el="23" ec="32" bec="0" bev="0" fileid="5" />
                <SequencePoint vc="0" uspid="270" ordinal="2" offset="10" sl="24" sc="4" el="24" ec="5" bec="0" bev="0" fileid="5" />
              </SequencePoints>
              <BranchPoints />
              <MethodPoint xsi:type="SequencePoint" vc="0" uspid="268" ordinal="0" offset="0" sl="22" sc="8" el="22" ec="9" bec="0" bev="0" fileid="5" />
            </Method>
            <Method visited="false" cyclomaticComplexity="1" sequenceCoverage="0" branchCoverage="0" isConstructor="false" isStatic="false" isGetter="false" isSetter="true">
              <Summary numSequencePoints="3" visitedSequencePoints="0" numBranchPoints="1" visitedBranchPoints="0" sequenceCoverage="0" branchCoverage="0" maxCyclomaticComplexity="1" minCyclomaticComplexity="1" />
              <MetadataToken>100663326</MetadataToken>
              <Name>System.Void TestProject1.CsvWriterTests::set_TestContext(NUnit.Framework.TestContext)</Name>
              <FileRef uid="5" />
              <SequencePoints>
                <SequencePoint vc="0" uspid="271" ordinal="0" offset="0" sl="25" sc="8" el="25" ec="9" bec="0" bev="0" fileid="5" />
                <SequencePoint vc="0" uspid="272" ordinal="1" offset="1" sl="26" sc="5" el="26" ec="33" bec="0" bev="0" fileid="5" />
                <SequencePoint vc="0" uspid="273" ordinal="2" offset="8" sl="27" sc="4" el="27" ec="5" bec="0" bev="0" fileid="5" />
              </SequencePoints>
              <BranchPoints />
              <MethodPoint xsi:type="SequencePoint" vc="0" uspid="271" ordinal="0" offset="0" sl="25" sc="8" el="25" ec="9" bec="0" bev="0" fileid="5" />
            </Method>
            <Method visited="false" cyclomaticComplexity="2" sequenceCoverage="0" branchCoverage="0" isConstructor="false" isStatic="true" isGetter="true" isSetter="false">
              <Summary numSequencePoints="6" visitedSequencePoints="0" numBranchPoints="3" visitedBranchPoints="0" sequenceCoverage="0" branchCoverage="0" maxCyclomaticComplexity="2" minCyclomaticComplexity="2" />
              <MetadataToken>100663327</MetadataToken>
              <Name>System.String TestProject1.CsvWriterTests::get_FilePath()</Name>
              <FileRef uid="5" />
              <SequencePoints>
                <SequencePoint vc="0" uspid="274" ordinal="0" offset="0" sl="31" sc="8" el="31" ec="9" bec="0" bev="0" fileid="5" />
                <SequencePoint vc="0" uspid="275" ordinal="1" offset="1" sl="32" sc="5" el="32" ec="92" bec="0" bev="0" fileid="5" />
                <SequencePoint vc="0" uspid="276" ordinal="2" offset="9" sl="34" sc="5" el="34" ec="34" bec="2" bev="0" fileid="5" />
                <SequencePoint vc="0" uspid="277" ordinal="3" offset="24" sl="35" sc="6" el="35" ec="23" bec="0" bev="0" fileid="5" />
                <SequencePoint vc="0" uspid="278" ordinal="4" offset="36" sl="37" sc="5" el="37" ec="39" bec="0" bev="0" fileid="5" />
                <SequencePoint vc="0" uspid="279" ordinal="5" offset="50" sl="38" sc="4" el="38" ec="5" bec="0" bev="0" fileid="5" />
              </SequencePoints>
              <BranchPoints>
                <BranchPoint vc="0" uspid="280" ordinal="0" offset="22" path="0" offsetchain="" offsetend="24" />
                <BranchPoint vc="0" uspid="281" ordinal="1" offset="22" path="1" offsetchain="" offsetend="36" />
              </BranchPoints>
              <MethodPoint xsi:type="SequencePoint" vc="0" uspid="274" ordinal="0" offset="0" sl="31" sc="8" el="31" ec="9" bec="0" bev="0" fileid="5" />
            </Method>
            <Method visited="false" cyclomaticComplexity="2" sequenceCoverage="0" branchCoverage="0" isConstructor="false" isStatic="false" isGetter="true" isSetter="false">
              <Summary numSequencePoints="6" visitedSequencePoints="0" numBranchPoints="3" visitedBranchPoints="0" sequenceCoverage="0" branchCoverage="0" maxCyclomaticComplexity="2" minCyclomaticComplexity="2" />
              <MetadataToken>100663328</MetadataToken>
              <Name>System.String TestProject1.CsvWriterTests::get_Location()</Name>
              <FileRef uid="5" />
              <SequencePoints>
                <SequencePoint vc="0" uspid="282" ordinal="0" offset="0" sl="42" sc="8" el="42" ec="9" bec="0" bev="0" fileid="5" />
                <SequencePoint vc="0" uspid="283" ordinal="1" offset="1" sl="43" sc="5" el="43" ec="73" bec="0" bev="0" fileid="5" />
                <SequencePoint vc="0" uspid="284" ordinal="2" offset="17" sl="45" sc="5" el="45" ec="34" bec="2" bev="0" fileid="5" />
                <SequencePoint vc="0" uspid="285" ordinal="3" offset="32" sl="46" sc="6" el="46" ec="23" bec="0" bev="0" fileid="5" />
                <SequencePoint vc="0" uspid="286" ordinal="4" offset="44" sl="48" sc="5" el="48" ec="21" bec="0" bev="0" fileid="5" />
                <SequencePoint vc="0" uspid="287" ordinal="5" offset="48" sl="49" sc="4" el="49" ec="5" bec="0" bev="0" fileid="5" />
              </SequencePoints>
              <BranchPoints>
                <BranchPoint vc="0" uspid="288" ordinal="0" offset="30" path="0" offsetchain="" offsetend="32" />
                <BranchPoint vc="0" uspid="289" ordinal="1" offset="30" path="1" offsetchain="" offsetend="44" />
              </BranchPoints>
              <MethodPoint xsi:type="SequencePoint" vc="0" uspid="282" ordinal="0" offset="0" sl="42" sc="8" el="42" ec="9" bec="0" bev="0" fileid="5" />
            </Method>
            <Method visited="false" cyclomaticComplexity="2" sequenceCoverage="0" branchCoverage="0" isConstructor="false" isStatic="true" isGetter="false" isSetter="false">
              <Summary numSequencePoints="4" visitedSequencePoints="0" numBranchPoints="3" visitedBranchPoints="0" sequenceCoverage="0" branchCoverage="0" maxCyclomaticComplexity="2" minCyclomaticComplexity="2" />
              <MetadataToken>100663329</MetadataToken>
              <Name>System.Void TestProject1.CsvWriterTests::Cleanup()</Name>
              <FileRef uid="5" />
              <SequencePoints>
                <SequencePoint vc="0" uspid="290" ordinal="0" offset="0" sl="53" sc="32" el="53" ec="33" bec="0" bev="0" fileid="5" />
                <SequencePoint vc="0" uspid="291" ordinal="1" offset="1" sl="54" sc="4" el="54" ec="30" bec="2" bev="0" fileid="5" />
                <SequencePoint vc="0" uspid="292" ordinal="2" offset="18" sl="55" sc="5" el="55" ec="27" bec="0" bev="0" fileid="5" />
                <SequencePoint vc="0" uspid="293" ordinal="3" offset="29" sl="56" sc="3" el="56" ec="4" bec="0" bev="0" fileid="5" />
              </SequencePoints>
              <BranchPoints>
                <BranchPoint vc="0" uspid="294" ordinal="0" offset="16" path="0" offsetchain="" offsetend="18" />
                <BranchPoint vc="0" uspid="295" ordinal="1" offset="16" path="1" offsetchain="" offsetend="29" />
              </BranchPoints>
              <MethodPoint xsi:type="SequencePoint" vc="0" uspid="290" ordinal="0" offset="0" sl="53" sc="32" el="53" ec="33" bec="0" bev="0" fileid="5" />
            </Method>
            <Method visited="false" cyclomaticComplexity="2" sequenceCoverage="0" branchCoverage="0" isConstructor="false" isStatic="false" isGetter="false" isSetter="false">
              <Summary numSequencePoints="12" visitedSequencePoints="0" numBranchPoints="3" visitedBranchPoints="0" sequenceCoverage="0" branchCoverage="0" maxCyclomaticComplexity="2" minCyclomaticComplexity="2" />
              <MetadataToken>100663330</MetadataToken>
              <Name>System.Void TestProject1.CsvWriterTests::WriteCsvDataObjectToFile()</Name>
              <FileRef uid="5" />
              <SequencePoints>
                <SequencePoint vc="0" uspid="296" ordinal="0" offset="0" sl="59" sc="42" el="59" ec="43" bec="0" bev="0" fileid="5" />
                <SequencePoint vc="0" uspid="297" ordinal="1" offset="1" sl="60" sc="4" el="60" ec="32" bec="0" bev="0" fileid="5" />
                <SequencePoint vc="0" uspid="298" ordinal="2" offset="7" sl="61" sc="4" el="61" ec="40" bec="0" bev="0" fileid="5" />
                <SequencePoint vc="0" uspid="299" ordinal="3" offset="20" sl="63" sc="11" el="63" ec="39" bec="0" bev="0" fileid="5" />
                <SequencePoint vc="0" uspid="300" ordinal="4" offset="26" sl="63" sc="41" el="63" ec="42" bec="0" bev="0" fileid="5" />
                <SequencePoint vc="0" uspid="301" ordinal="5" offset="27" sl="64" sc="5" el="64" ec="40" bec="0" bev="0" fileid="5" />
                <SequencePoint vc="0" uspid="302" ordinal="6" offset="40" sl="65" sc="4" el="65" ec="5" bec="2" bev="0" fileid="5" />
                <SequencePoint vc="0" uspid="303" ordinal="7" offset="60" sl="67" sc="4" el="67" ec="28" bec="0" bev="0" fileid="5" />
                <SequencePoint vc="0" uspid="304" ordinal="8" offset="66" sl="68" sc="4" el="68" ec="37" bec="0" bev="0" fileid="5" />
                <SequencePoint vc="0" uspid="305" ordinal="9" offset="79" sl="70" sc="4" el="70" ec="54" bec="0" bev="0" fileid="5" />
                <SequencePoint vc="0" uspid="306" ordinal="10" offset="98" sl="72" sc="4" el="72" ec="26" bec="0" bev="0" fileid="5" />
                <SequencePoint vc="0" uspid="307" ordinal="11" offset="109" sl="73" sc="3" el="73" ec="4" bec="0" bev="0" fileid="5" />
              </SequencePoints>
              <BranchPoints>
                <BranchPoint vc="0" uspid="308" ordinal="0" offset="49" path="0" offsetchain="" offsetend="51" />
                <BranchPoint vc="0" uspid="309" ordinal="1" offset="49" path="1" offsetchain="" offsetend="58" />
              </BranchPoints>
              <MethodPoint xsi:type="SequencePoint" vc="0" uspid="296" ordinal="0" offset="0" sl="59" sc="42" el="59" ec="43" bec="0" bev="0" fileid="5" />
            </Method>
[...]
                <SequencePoint vc="0" uspid="1549" ordinal="15" offset="246" sl="200" sc="3" el="200" ec="4" bec="0" bev="0" fileid="25" />
              </SequencePoints>
              <BranchPoints>
                <BranchPoint vc="0" uspid="1550" ordinal="0" offset="36" path="0" offsetchain="" offsetend="38" />
                <BranchPoint vc="0" uspid="1551" ordinal="1" offset="36" path="1" offsetchain="" offsetend="82" />
                <BranchPoint vc="0" uspid="1552" ordinal="2" offset="105" path="0" offsetchain="" offsetend="107" />
                <BranchPoint vc="0" uspid="1553" ordinal="3" offset="105" path="1" offsetchain="" offsetend="113" />
                <BranchPoint vc="0" uspid="1554" ordinal="4" offset="125" path="0" offsetchain="" offsetend="127" />
                <BranchPoint vc="0" uspid="1555" ordinal="5" offset="125" path="1" offsetchain="" offsetend="150" />
                <BranchPoint vc="0" uspid="1556" ordinal="6" offset="129" path="0" offsetchain="" offsetend="131" />
                <BranchPoint vc="0" uspid="1557" ordinal="7" offset="129" path="1" offsetchain="" offsetend="150" />
                <BranchPoint vc="0" uspid="1558" ordinal="8" offset="156" path="0" offsetchain="" offsetend="158" />
                <BranchPoint vc="0" uspid="1559" ordinal="9" offset="156" path="1" offsetchain="" offsetend="180" />
                <BranchPoint vc="0" uspid="1560" ordinal="10" offset="187" path="0" offsetchain="" offsetend="189" />
                <BranchPoint vc="0" uspid="1561" ordinal="11" offset="187" path="1" offsetchain="" offsetend="205" />
                <BranchPoint vc="0" uspid="1562" ordinal="12" offset="229" path="0" offsetchain="" offsetend="231" />
                <BranchPoint vc="0" uspid="1563" ordinal="13" offset="229" path="1" offsetchain="" offsetend="244" />
              </BranchPoints>
              <MethodPoint xsi:type="SequencePoint" vc="0" uspid="1534" ordinal="0" offset="0" sl="184" sc="3" el="184" ec="4" bec="0" bev="0" fileid="25" />
            </Method>
            <Method visited="false" cyclomaticComplexity="4" sequenceCoverage="0" branchCoverage="0" isConstructor="false" isStatic="false" isGetter="false" isSetter="false">
              <Summary numSequencePoints="8" visitedSequencePoints="0" numBranchPoints="7" visitedBranchPoints="0" sequenceCoverage="0" branchCoverage="0" maxCyclomaticComplexity="4" minCyclomaticComplexity="4" />
              <MetadataToken>100663359</MetadataToken>
              <Name>System.Collections.Generic.IList`1&lt;System.String&gt; CsvHelper.CsvWriter::ReadHeader(System.String,System.Text.Encoding)</Name>
              <FileRef uid="25" />
              <SequencePoints>
                <SequencePoint vc="0" uspid="1564" ordinal="0" offset="0" sl="203" sc="3" el="203" ec="4" bec="0" bev="0" fileid="25" />
                <SequencePoint vc="0" uspid="1565" ordinal="1" offset="1" sl="204" sc="11" el="204" ec="80" bec="2" bev="0" fileid="25" />
                <SequencePoint vc="0" uspid="1566" ordinal="2" offset="18" sl="204" sc="82" el="204" ec="83" bec="0" bev="0" fileid="25" />
                <SequencePoint vc="0" uspid="1567" ordinal="3" offset="19" sl="205" sc="5" el="205" ec="34" bec="0" bev="0" fileid="25" />
                <SequencePoint vc="0" uspid="1568" ordinal="4" offset="26" sl="206" sc="5" el="206" ec="22" bec="2" bev="0" fileid="25" />
                <SequencePoint vc="0" uspid="1569" ordinal="5" offset="37" sl="207" sc="6" el="207" ec="32" bec="0" bev="0" fileid="25" />
                <SequencePoint vc="0" uspid="1570" ordinal="6" offset="45" sl="209" sc="5" el="209" ec="34" bec="2" bev="0" fileid="25" />
                <SequencePoint vc="0" uspid="1571" ordinal="7" offset="72" sl="211" sc="3" el="211" ec="4" bec="0" bev="0" fileid="25" />
              </SequencePoints>
              <BranchPoints>
                <BranchPoint vc="0" uspid="1572" ordinal="0" offset="4" path="0" offsetchain="" offsetend="6" />
                <BranchPoint vc="0" uspid="1573" ordinal="1" offset="4" path="1" offsetchain="" offsetend="12" />
                <BranchPoint vc="0" uspid="1574" ordinal="2" offset="35" path="0" offsetchain="" offsetend="37" />
                <BranchPoint vc="0" uspid="1575" ordinal="3" offset="35" path="1" offsetchain="" offsetend="45" />
                <BranchPoint vc="0" uspid="1576" ordinal="4" offset="61" path="0" offsetchain="" offsetend="63" />
                <BranchPoint vc="0" uspid="1577" ordinal="5" offset="61" path="1" offsetchain="" offsetend="70" />
              </BranchPoints>
              <MethodPoint xsi:type="SequencePoint" vc="0" uspid="1564" ordinal="0" offset="0" sl="203" sc="3" el="203" ec="4" bec="0" bev="0" fileid="25" />
            </Method>
            <Method visited="false" cyclomaticComplexity="4" sequenceCoverage="0" branchCoverage="0" isConstructor="false" isStatic="false" isGetter="false" isSetter="false">
              <Summary numSequencePoints="12" visitedSequencePoints="0" numBranchPoints="7" visitedBranchPoints="0" sequenceCoverage="0" branchCoverage="0" maxCyclomaticComplexity="4" minCyclomaticComplexity="4" />
              <MetadataToken>100663360</MetadataToken>
              <Name>System.Boolean CsvHelper.CsvWriter::HeadersMatch(System.Collections.Generic.IList`1&lt;System.String&gt;,System.Collections.Generic.IList`1&lt;System.String&gt;)</Name>
              <FileRef uid="25" />
              <SequencePoints>
                <SequencePoint vc="0" uspid="1578" ordinal="0" offset="0" sl="213" sc="3" el="213" ec="4" bec="0" bev="0" fileid="25" />
                <SequencePoint vc="0" uspid="1579" ordinal="1" offset="1" sl="214" sc="4" el="214" ec="29" bec="2" bev="0" fileid="25" />
                <SequencePoint vc="0" uspid="1580" ordinal="2" offset="19" sl="215" sc="5" el="215" ec="18" bec="0" bev="0" fileid="25" />
                <SequencePoint vc="0" uspid="1581" ordinal="3" offset="23" sl="217" sc="9" el="217" ec="19" bec="0" bev="0" fileid="25" />
                <SequencePoint vc="0" uspid="1582" ordinal="4" offset="27" sl="217" sc="39" el="217" ec="40" bec="0" bev="0" fileid="25" />
                <SequencePoint vc="0" uspid="1583" ordinal="5" offset="28" sl="218" sc="5" el="218" ec="64" bec="2" bev="0" fileid="25" />
                <SequencePoint vc="0" uspid="1584" ordinal="6" offset="52" sl="219" sc="6" el="219" ec="19" bec="0" bev="0" fileid="25" />
                <SequencePoint vc="0" uspid="1585" ordinal="7" offset="56" sl="220" sc="4" el="220" ec="5" bec="0" bev="0" fileid="25" />
                <SequencePoint vc="0" uspid="1586" ordinal="8" offset="57" sl="217" sc="34" el="217" ec="37" bec="0" bev="0" fileid="25" />
                <SequencePoint vc="0" uspid="1587" ordinal="9" offset="61" sl="217" sc="20" el="217" ec="32" bec="2" bev="0" fileid="25" />
                <SequencePoint vc="0" uspid="1588" ordinal="10" offset="74" sl="222" sc="4" el="222" ec="16" bec="0" bev="0" fileid="25" />
                <SequencePoint vc="0" uspid="1589" ordinal="11" offset="78" sl="223" sc="3" el="223" ec="4" bec="0" bev="0" fileid="25" />
              </SequencePoints>
              <BranchPoints>
                <BranchPoint vc="0" uspid="1590" ordinal="0" offset="17" path="0" offsetchain="" offsetend="19" />
                <BranchPoint vc="0" uspid="1591" ordinal="1" offset="17" path="1" offsetchain="" offsetend="23" />
                <BranchPoint vc="0" uspid="1592" ordinal="2" offset="50" path="0" offsetchain="" offsetend="52" />
                <BranchPoint vc="0" uspid="1593" ordinal="3" offset="50" path="1" offsetchain="" offsetend="56" />
                <BranchPoint vc="0" uspid="1594" ordinal="4" offset="72" path="0" offsetchain="" offsetend="74" />
                <BranchPoint vc="0" uspid="1595" ordinal="5" offset="72" path="1" offsetchain="" offsetend="27" />
              </BranchPoints>
              <MethodPoint xsi:type="SequencePoint" vc="0" uspid="1578" ordinal="0" offset="0" sl="213" sc="3" el="213" ec="4" bec="0" bev="0" fileid="25" />
            </Method>
            <Method visited="false" cyclomaticComplexity="2" sequenceCoverage="0" branchCoverage="0" isConstructor="false" isStatic="false" isGetter="false" isSetter="false">
              <Summary numSequencePoints="3" visitedSequencePoints="0" numBranchPoints="3" visitedBranchPoints="0" sequenceCoverage="0" branchCoverage="0" maxCyclomaticComplexity="2" minCyclomaticComplexity="2" />
              <MetadataToken>100663361</MetadataToken>
              <Name>System.Collections.Generic.IList`1&lt;System.String&gt; CsvHelper.CsvWriter::ParseHeaderLine(System.String)</Name>
              <FileRef uid="25" />
              <SequencePoints>
                <SequencePoint vc="0" uspid="1596" ordinal="0" offset="0" sl="225" sc="3" el="225" ec="4" bec="0" bev="0" fileid="25" />
                <SequencePoint vc="0" uspid="1597" ordinal="1" offset="1" sl="227" sc="4" el="227" ec="61" bec="2" bev="0" fileid="25" />
                <SequencePoint vc="0" uspid="1598" ordinal="2" offset="64" sl="228" sc="3" el="228" ec="4" bec="0" bev="0" fileid="25" />
              </SequencePoints>
              <BranchPoints>
                <BranchPoint vc="0" uspid="1599" ordinal="0" offset="25" path="0" offsetchain="" offsetend="27" />
                <BranchPoint vc="0" uspid="1600" ordinal="1" offset="25" path="1" offsetchain="" offsetend="46" />
              </BranchPoints>
              <MethodPoint xsi:type="SequencePoint" vc="0" uspid="1596" ordinal="0" offset="0" sl="225" sc="3" el="225" ec="4" bec="0" bev="0" fileid="25" />
            </Method>
            <Method visited="true" cyclomaticComplexity="2" sequenceCoverage="66.67" branchCoverage="66.67" isConstructor="false" isStatic="false" isGetter="false" isSetter="false">
              <Summary numSequencePoints="6" visitedSequencePoints="4" numBranchPoints="3" visitedBranchPoints="2" sequenceCoverage="66.67" branchCoverage="66.67" maxCyclomaticComplexity="2" minCyclomaticComplexity="2" />
              <MetadataToken>100663362</MetadataToken>
              <Name>System.Void CsvHelper.CsvWriter::Dispose()</Name>
              <FileRef uid="25" />
              <SequencePoints>
                <SequencePoint vc="2" uspid="1601" ordinal="0" offset="0" sl="230" sc="3" el="230" ec="4" bec="0" bev="0" fileid="25" />
                <SequencePoint vc="2" uspid="1602" ordinal="1" offset="1" sl="231" sc="4" el="231" ec="30" bec="2" bev="1" fileid="25" />
                <SequencePoint vc="2" uspid="1603" ordinal="2" offset="17" sl="232" sc="5" el="232" ec="12" bec="0" bev="0" fileid="25" />
                <SequencePoint vc="0" uspid="1604" ordinal="3" offset="19" sl="234" sc="4" el="234" ec="26" bec="0" bev="0" fileid="25" />
                <SequencePoint vc="0" uspid="1605" ordinal="4" offset="31" sl="235" sc="4" el="235" ec="28" bec="0" bev="0" fileid="25" />
                <SequencePoint vc="2" uspid="1606" ordinal="5" offset="43" sl="236" sc="3" el="236" ec="4" bec="0" bev="0" fileid="25" />
              </SequencePoints>
              <BranchPoints>
                <BranchPoint vc="2" uspid="1607" ordinal="0" offset="15" path="0" offsetchain="17" offsetend="43" />
                <BranchPoint vc="0" uspid="1608" ordinal="1" offset="15" path="1" offsetchain="" offsetend="19" />
              </BranchPoints>
              <MethodPoint xsi:type="SequencePoint" vc="2" uspid="1601" ordinal="0" offset="0" sl="230" sc="3" el="230" ec="4" bec="0" bev="0" fileid="25" />
            </Method>
            <Method visited="true" cyclomaticComplexity="1" sequenceCoverage="100" branchCoverage="100" isConstructor="true" isStatic="false" isGetter="false" isSetter="false">
              <Summary numSequencePoints="2" visitedSequencePoints="2" numBranchPoints="1" visitedBranchPoints="1" sequenceCoverage="100" branchCoverage="100" maxCyclomaticComplexity="1" minCyclomaticComplexity="1" />
              <MetadataToken>100663363</MetadataToken>
              <Name>System.Void CsvHelper.CsvWriter::.ctor()</Name>
              <FileRef uid="25" />
              <SequencePoints>
                <SequencePoint vc="2" uspid="1609" ordinal="0" offset="0" sl="13" sc="3" el="13" ec="74" bec="0" bev="0" fileid="25" />
                <SequencePoint vc="2" uspid="1610" ordinal="1" offset="7" sl="14" sc="3" el="14" ec="62" bec="0" bev="0" fileid="25" />
              </SequencePoints>
              <BranchPoints />
              <MethodPoint xsi:type="SequencePoint" vc="2" uspid="1609" ordinal="0" offset="0" sl="13" sc="3" el="13" ec="74" bec="0" bev="0" fileid="25" />
            </Method>
            <Method visited="false" cyclomaticComplexity="1" sequenceCoverage="0" branchCoverage="0" isConstructor="false" isStatic="true" isGetter="false" isSetter="false">
              <Summary numSequencePoints="1" visitedSequencePoints="0" numBranchPoints="1" visitedBranchPoints="0" sequenceCoverage="0" branchCoverage="0" maxCyclomaticComplexity="1" minCyclomaticComplexity="1" />
              <MetadataToken>100663364</MetadataToken>
              <Name>System.String CsvHelper.CsvWriter::&lt;WriteToStream&gt;b__3(System.Data.DataColumn)</Name>
              <FileRef uid="25" />
              <SequencePoints>
                <SequencePoint vc="0" uspid="1611" ordinal="0" offset="0" sl="151" sc="34" el="151" ec="51" bec="0" bev="0" fileid="25" />
              </SequencePoints>
              <BranchPoints />
              <MethodPoint xsi:type="SequencePoint" vc="0" uspid="1611" ordinal="0" offset="0" sl="151" sc="34" el="151" ec="51" bec="0" bev="0" fileid="25" />
            </Method>
            <Method visited="false" cyclomaticComplexity="1" sequenceCoverage="0" branchCoverage="0" isConstructor="false" isStatic="true" isGetter="false" isSetter="false">
              <Summary numSequencePoints="1" visitedSequencePoints="0" numBranchPoints="1" visitedBranchPoints="0" sequenceCoverage="0" branchCoverage="0" maxCyclomaticComplexity="1" minCyclomaticComplexity="1" />
              <MetadataToken>100663365</MetadataToken>
              <Name>System.String CsvHelper.CsvWriter::&lt;WriteToStream&gt;b__4(System.Object)</Name>
              <FileRef uid="25" />
              <SequencePoints>
                <SequencePoint vc="0" uspid="1612" ordinal="0" offset="0" sl="156" sc="47" el="156" ec="59" bec="0" bev="0" fileid="25" />
              </SequencePoints>
              <BranchPoints />
              <MethodPoint xsi:type="SequencePoint" vc="0" uspid="1612" ordinal="0" offset="0" sl="156" sc="47" el="156" ec="59" bec="0" bev="0" fileid="25" />
            </Method>
            <Method visited="false" cyclomaticComplexity="1" sequenceCoverage="0" branchCoverage="0" isConstructor="false" isStatic="true" isGetter="false" isSetter="false">
              <Summary numSequencePoints="1" visitedSequencePoints="0" numBranchPoints="1" visitedBranchPoints="0" sequenceCoverage="0" branchCoverage="0" maxCyclomaticComplexity="1" minCyclomaticComplexity="1" />
              <MetadataToken>100663366</MetadataToken>
              <Name>System.String CsvHelper.CsvWriter::&lt;ParseHeaderLine&gt;b__b(System.String)</Name>
              <FileRef uid="25" />
              <SequencePoints>
                <SequencePoint vc="0" uspid="1613" ordinal="0" offset="0" sl="227" sc="39" el="227" ec="50" bec="0" bev="0" fileid="25" />
              </SequencePoints>
              <BranchPoints />
              <MethodPoint xsi:type="SequencePoint" vc="0" uspid="1613" ordinal="0" offset="0" sl="227" sc="39" el="227" ec="50" bec="0" bev="0" fileid="25" />
            </Method>
          </Methods>
        </Class>
        <Class>
          <Summary numSequencePoints="1" visitedSequencePoints="1" numBranchPoints="1" visitedBranchPoints="1" sequenceCoverage="100" branchCoverage="100" maxCyclomaticComplexity="1" minCyclomaticComplexity="1" />
          <FullName>CsvHelper.CsvWriter/&lt;&gt;c__DisplayClass1</FullName>
          <Methods>
            <Method visited="true" cyclomaticComplexity="1" sequenceCoverage="0" branchCoverage="0" isConstructor="true" isStatic="false" isGetter="false" isSetter="false">
              <Summary numSequencePoints="0" visitedSequencePoints="0" numBranchPoints="0" visitedBranchPoints="0" sequenceCoverage="0" branchCoverage="0" maxCyclomaticComplexity="1" minCyclomaticComplexity="1" />
              <MetadataToken>100663369</MetadataToken>
              <Name>System.Void CsvHelper.CsvWriter/&lt;&gt;c__DisplayClass1::.ctor()</Name>
              <SequencePoints />
              <BranchPoints />
              <MethodPoint vc="2" uspid="1614" ordinal="0" offset="0" />
            </Method>
            <Method visited="true" cyclomaticComplexity="1" sequenceCoverage="100" branchCoverage="100" isConstructor="false" isStatic="false" isGetter="false" isSetter="false">
              <Summary numSequencePoints="1" visitedSequencePoints="1" numBranchPoints="1" visitedBranchPoints="1" sequenceCoverage="100" branchCoverage="100" maxCyclomaticComplexity="1" minCyclomaticComplexity="1" />
              <MetadataToken>100663370</MetadataToken>
              <Name>System.Void CsvHelper.CsvWriter/&lt;&gt;c__DisplayClass1::&lt;WriteToStream&gt;b__0(CsvHelper.CsvRecord)</Name>
              <FileRef uid="25" />
              <SequencePoints>
                <SequencePoint vc="2" uspid="1615" ordinal="0" offset="0" sl="145" sc="38" el="145" ec="72" bec="0" bev="0" fileid="25" />
              </SequencePoints>
              <BranchPoints />
              <MethodPoint xsi:type="SequencePoint" vc="2" uspid="1615" ordinal="0" offset="0" sl="145" sc="38" el="145" ec="72" bec="0" bev="0" fileid="25" />
            </Method>
          </Methods>
        </Class>
        <Class>
          <Summary numSequencePoints="1" visitedSequencePoints="0" numBranchPoints="1" visitedBranchPoints="0" sequenceCoverage="0" branchCoverage="0" maxCyclomaticComplexity="1" minCyclomaticComplexity="1" />
          <FullName>CsvHelper.CsvWriter/&lt;&gt;c__DisplayClass9</FullName>
          <Methods>
            <Method visited="false" cyclomaticComplexity="1" sequenceCoverage="0" branchCoverage="0" isConstructor="true" isStatic="false" isGetter="false" isSetter="false">
              <Summary numSequencePoints="0" visitedSequencePoints="0" numBranchPoints="0" visitedBranchPoints="0" sequenceCoverage="0" branchCoverage="0" maxCyclomaticComplexity="1" minCyclomaticComplexity="1" />
              <MetadataToken>100663371</MetadataToken>
              <Name>System.Void CsvHelper.CsvWriter/&lt;&gt;c__DisplayClass9::.ctor()</Name>
              <SequencePoints />
              <BranchPoints />
              <MethodPoint vc="0" uspid="1616" ordinal="0" offset="0" />
            </Method>
            <Method visited="false" cyclomaticComplexity="1" sequenceCoverage="0" branchCoverage="0" isConstructor="false" isStatic="false" isGetter="false" isSetter="false">
              <Summary numSequencePoints="1" visitedSequencePoints="0" numBranchPoints="1" visitedBranchPoints="0" sequenceCoverage="0" branchCoverage="0" maxCyclomaticComplexity="1" minCyclomaticComplexity="1" />
              <MetadataToken>100663372</MetadataToken>
              <Name>System.Void CsvHelper.CsvWriter/&lt;&gt;c__DisplayClass9::&lt;AppendCsv&gt;b__7(CsvHelper.CsvRecord)</Name>
              <FileRef uid="25" />
              <SequencePoints>
                <SequencePoint vc="0" uspid="1617" ordinal="0" offset="0" sl="198" sc="39" el="198" ec="73" bec="0" bev="0" fileid="25" />
              </SequencePoints>
              <BranchPoints />
              <MethodPoint xsi:type="SequencePoint" vc="0" uspid="1617" ordinal="0" offset="0" sl="198" sc="39" el="198" ec="73" bec="0" bev="0" fileid="25" />
            </Method>
          </Methods>
        </Class>
      </Classes>
    </Module>
  </Modules>
</CoverageSession>