<?xml version="1.0" encoding="utf-8"?>
<CoverageSession xmlns:xsd="http://www.w3.org/2001/XMLSchema" xmlns:xsi="http://www.w3.org/2001/XMLSchema-instance">
  <Summary numSequencePoints="1587" visitedSequencePoints="39" numBranchPoints="789" visitedBranchPoints="12" sequenceCoverage="2.46" branchCoverage="1.52" maxCyclomaticComplexity="43" minCyclomaticComplexity="1" />
  <Modules>
    <Module skippedDueTo="Filter" hash="45-7C-92-A3-61-8D-89-65-F2-DC-C1-34-15-7B-B1-C5-40-7B-65-48">
      <FullName>C:\WINDOWS\Microsoft.Net\assembly\GAC_32\mscorlib\v4.0_4.0.0.0__b77a5c561934e089\mscorlib.dll</FullName>
      <ModuleName>mscorlib</ModuleName>
      <Classes />
    </Module>
    <Module skippedDueTo="MissingPdb" hash="37-80-BE-DC-A8-79-2C-78-4A-75-9F-D4-19-B1-3A-5A-48-3E-CA-03">
      <FullName>C:\Program Files (x86)\SharpDevelop\5.1\bin\Tools\NUnit\nunit-console-x86.exe</FullName>
      <ModuleName>nunit-console</ModuleName>
      <Classes />
    </Module>
    <Module skippedDueTo="MissingPdb" hash="33-E1-CA-24-52-5A-B7-C7-C4-AF-91-2C-A9-4A-C0-37-67-0D-5B-FE">
      <FullName>C:\Program Files (x86)\SharpDevelop\5.1\bin\Tools\NUnit\lib\nunit.core.dll</FullName>
      <ModuleName>nunit.core</ModuleName>
      <Classes />
    </Module>
    <Module skippedDueTo="MissingPdb" hash="2A-C4-E5-DE-F3-EE-AD-84-E1-65-84-CC-15-90-76-96-E7-01-44-4E">
      <FullName>C:\Program Files (x86)\SharpDevelop\5.1\bin\Tools\NUnit\lib\nunit-console-runner.dll</FullName>
      <ModuleName>nunit-console-runner</ModuleName>
      <Classes />
    </Module>
    <Module skippedDueTo="MissingPdb" hash="74-74-F6-87-59-E1-5F-4F-5F-5E-6E-82-50-E8-E2-46-D4-86-15-76">
      <FullName>C:\Program Files (x86)\SharpDevelop\5.1\bin\Tools\NUnit\lib\nunit.util.dll</FullName>
      <ModuleName>nunit.util</ModuleName>
      <Classes />
    </Module>
    <Module skippedDueTo="MissingPdb" hash="D3-A4-4D-85-55-F7-CE-EF-A5-90-AA-EF-58-E0-9F-B6-CC-27-99-53">
      <FullName>C:\Program Files (x86)\SharpDevelop\5.1\bin\Tools\NUnit\lib\nunit.core.interfaces.dll</FullName>
      <ModuleName>nunit.core.interfaces</ModuleName>
      <Classes />
    </Module>
    <Module skippedDueTo="Filter" hash="1B-60-2A-60-F4-F0-3B-D6-10-FB-5B-F2-B1-C3-63-FE-8B-BC-26-D1">
      <FullName>C:\WINDOWS\Microsoft.Net\assembly\GAC_MSIL\System.Configuration\v4.0_4.0.0.0__b03f5f7f11d50a3a\System.Configuration.dll</FullName>
      <ModuleName>System.Configuration</ModuleName>
      <Classes />
    </Module>
    <Module skippedDueTo="Filter" hash="DA-7B-8F-6F-3E-DC-5A-89-E2-CE-1A-8A-FF-16-DE-D4-84-3D-B0-5B">
      <FullName>C:\WINDOWS\Microsoft.Net\assembly\GAC_MSIL\System\v4.0_4.0.0.0__b77a5c561934e089\System.dll</FullName>
      <ModuleName>System</ModuleName>
      <Classes />
    </Module>
    <Module skippedDueTo="Filter" hash="9D-66-02-A5-90-F3-D3-50-22-D9-9C-E1-4A-A2-8D-22-4F-4D-A4-27">
      <FullName>C:\WINDOWS\Microsoft.Net\assembly\GAC_MSIL\System.Xml\v4.0_4.0.0.0__b77a5c561934e089\System.Xml.dll</FullName>
      <ModuleName>System.Xml</ModuleName>
      <Classes />
    </Module>
    <Module skippedDueTo="Filter" hash="17-BC-BD-67-A9-55-EE-D6-AA-66-FD-FD-32-86-AD-E2-6F-2B-CF-8B">
      <FullName>C:\WINDOWS\Microsoft.Net\assembly\GAC_MSIL\System.Runtime.Remoting\v4.0_4.0.0.0__b77a5c561934e089\System.Runtime.Remoting.dll</FullName>
      <ModuleName>System.Runtime.Remoting</ModuleName>
      <Classes />
    </Module>
    <Module skippedDueTo="Filter" hash="3C-D4-5D-80-CE-B1-79-66-88-D2-7B-5D-B2-63-67-B6-F1-F5-28-25">
      <FullName>C:\WINDOWS\Microsoft.Net\assembly\GAC_MSIL\System.Core\v4.0_4.0.0.0__b77a5c561934e089\System.Core.dll</FullName>
      <ModuleName>System.Core</ModuleName>
      <Classes />
    </Module>
    <Module hash="4B-53-A5-6D-1F-59-68-EA-18-30-3B-4E-F4-9E-6F-F1-05-0E-C2-80">
      <Summary numSequencePoints="171" visitedSequencePoints="27" numBranchPoints="49" visitedBranchPoints="7" sequenceCoverage="15.79" branchCoverage="14.29" maxCyclomaticComplexity="5" minCyclomaticComplexity="1" />
      <FullName>C:\Users\kouzm\AppData\Local\Temp\nunit20\ShadowCopyCache\820_639105700167623825\Tests_113580093\assembly\dl3\93e03ea7\4ed1c3eb_49c1dc01\Test.dll</FullName>
      <ModuleName>Test</ModuleName>
      <Files>
        <File uid="1" fullPath="c:\developer\sergueik\powershell_samples\csharp\basic-countermonitor\Test\CsvTests.cs" />
        <File uid="4" fullPath="c:\developer\sergueik\powershell_samples\csharp\basic-countermonitor\Test\EnvVarsTest.cs" />
        <File uid="5" fullPath="c:\developer\sergueik\powershell_samples\csharp\basic-countermonitor\Test\ProcessInfoTest.cs" />
      </Files>
      <Classes>
        <Class>
          <Summary numSequencePoints="0" visitedSequencePoints="0" numBranchPoints="0" visitedBranchPoints="0" sequenceCoverage="0" branchCoverage="0" maxCyclomaticComplexity="0" minCyclomaticComplexity="0" />
          <FullName>&lt;Module&gt;</FullName>
          <Methods />
        </Class>
        <Class>
          <Summary numSequencePoints="79" visitedSequencePoints="25" numBranchPoints="21" visitedBranchPoints="5" sequenceCoverage="31.65" branchCoverage="23.81" maxCyclomaticComplexity="4" minCyclomaticComplexity="1" />
          <FullName>Test.CsvTests</FullName>
          <Methods>
            <Method visited="false" cyclomaticComplexity="1" sequenceCoverage="0" branchCoverage="0" isConstructor="false" isStatic="false" isGetter="true" isSetter="false">
              <Summary numSequencePoints="3" visitedSequencePoints="0" numBranchPoints="1" visitedBranchPoints="0" sequenceCoverage="0" branchCoverage="0" maxCyclomaticComplexity="1" minCyclomaticComplexity="1" />
              <MetadataToken>100663297</MetadataToken>
              <Name>NUnit.Framework.TestContext Test.CsvTests::get_TestContext()</Name>
              <FileRef uid="1" />
              <SequencePoints>
                <SequencePoint vc="0" uspid="1" ordinal="0" offset="0" sl="24" sc="8" el="24" ec="9" bec="0" bev="0" fileid="1" />
                <SequencePoint vc="0" uspid="2" ordinal="1" offset="1" sl="25" sc="5" el="25" ec="32" bec="0" bev="0" fileid="1" />
                <SequencePoint vc="0" uspid="3" ordinal="2" offset="10" sl="26" sc="4" el="26" ec="5" bec="0" bev="0" fileid="1" />
              </SequencePoints>
              <BranchPoints />
              <MethodPoint xsi:type="SequencePoint" vc="0" uspid="1" ordinal="0" offset="0" sl="24" sc="8" el="24" ec="9" bec="0" bev="0" fileid="1" />
            </Method>
            <Method visited="false" cyclomaticComplexity="1" sequenceCoverage="0" branchCoverage="0" isConstructor="false" isStatic="false" isGetter="false" isSetter="true">
              <Summary numSequencePoints="3" visitedSequencePoints="0" numBranchPoints="1" visitedBranchPoints="0" sequenceCoverage="0" branchCoverage="0" maxCyclomaticComplexity="1" minCyclomaticComplexity="1" />
              <MetadataToken>100663298</MetadataToken>
              <Name>System.Void Test.CsvTests::set_TestContext(NUnit.Framework.TestContext)</Name>
              <FileRef uid="1" />
              <SequencePoints>
                <SequencePoint vc="0" uspid="4" ordinal="0" offset="0" sl="27" sc="8" el="27" ec="9" bec="0" bev="0" fileid="1" />
                <SequencePoint vc="0" uspid="5" ordinal="1" offset="1" sl="28" sc="5" el="28" ec="33" bec="0" bev="0" fileid="1" />
                <SequencePoint vc="0" uspid="6" ordinal="2" offset="8" sl="29" sc="4" el="29" ec="5" bec="0" bev="0" fileid="1" />
              </SequencePoints>
              <BranchPoints />
              <MethodPoint xsi:type="SequencePoint" vc="0" uspid="4" ordinal="0" offset="0" sl="27" sc="8" el="27" ec="9" bec="0" bev="0" fileid="1" />
            </Method>
            <Method visited="true" cyclomaticComplexity="2" sequenceCoverage="100" branchCoverage="66.67" isConstructor="false" isStatic="true" isGetter="true" isSetter="false">
              <Summary numSequencePoints="6" visitedSequencePoints="6" numBranchPoints="3" visitedBranchPoints="2" sequenceCoverage="100" branchCoverage="66.67" maxCyclomaticComplexity="2" minCyclomaticComplexity="2" />
              <MetadataToken>100663299</MetadataToken>
              <Name>System.String Test.CsvTests::get_FilePath()</Name>
              <FileRef uid="1" />
              <SequencePoints>
                <SequencePoint vc="1" uspid="7" ordinal="0" offset="0" sl="33" sc="8" el="33" ec="9" bec="0" bev="0" fileid="1" />
                <SequencePoint vc="1" uspid="8" ordinal="1" offset="1" sl="34" sc="5" el="34" ec="92" bec="0" bev="0" fileid="1" />
                <SequencePoint vc="1" uspid="9" ordinal="2" offset="9" sl="36" sc="5" el="36" ec="34" bec="2" bev="1" fileid="1" />
                <SequencePoint vc="1" uspid="10" ordinal="3" offset="24" sl="37" sc="6" el="37" ec="23" bec="0" bev="0" fileid="1" />
                <SequencePoint vc="1" uspid="11" ordinal="4" offset="36" sl="39" sc="5" el="39" ec="39" bec="0" bev="0" fileid="1" />
                <SequencePoint vc="1" uspid="12" ordinal="5" offset="50" sl="40" sc="4" el="40" ec="5" bec="0" bev="0" fileid="1" />
              </SequencePoints>
              <BranchPoints>
                <BranchPoint vc="1" uspid="13" ordinal="0" offset="22" path="0" offsetchain="" offsetend="24" />
                <BranchPoint vc="0" uspid="14" ordinal="1" offset="22" path="1" offsetchain="" offsetend="36" />
              </BranchPoints>
              <MethodPoint xsi:type="SequencePoint" vc="1" uspid="7" ordinal="0" offset="0" sl="33" sc="8" el="33" ec="9" bec="0" bev="0" fileid="1" />
            </Method>
            <Method visited="true" cyclomaticComplexity="2" sequenceCoverage="75" branchCoverage="66.67" isConstructor="false" isStatic="true" isGetter="false" isSetter="false">
              <Summary numSequencePoints="4" visitedSequencePoints="3" numBranchPoints="3" visitedBranchPoints="2" sequenceCoverage="75" branchCoverage="66.67" maxCyclomaticComplexity="2" minCyclomaticComplexity="2" />
              <MetadataToken>100663300</MetadataToken>
              <Name>System.Void Test.CsvTests::Cleanup()</Name>
              <FileRef uid="1" />
              <SequencePoints>
                <SequencePoint vc="1" uspid="15" ordinal="0" offset="0" sl="44" sc="32" el="44" ec="33" bec="0" bev="0" fileid="1" />
                <SequencePoint vc="1" uspid="16" ordinal="1" offset="1" sl="45" sc="4" el="45" ec="30" bec="2" bev="1" fileid="1" />
                <SequencePoint vc="0" uspid="17" ordinal="2" offset="18" sl="46" sc="5" el="46" ec="27" bec="0" bev="0" fileid="1" />
                <SequencePoint vc="1" uspid="18" ordinal="3" offset="29" sl="47" sc="3" el="47" ec="4" bec="0" bev="0" fileid="1" />
              </SequencePoints>
              <BranchPoints>
                <BranchPoint vc="0" uspid="19" ordinal="0" offset="16" path="0" offsetchain="" offsetend="18" />
                <BranchPoint vc="1" uspid="20" ordinal="1" offset="16" path="1" offsetchain="" offsetend="29" />
              </BranchPoints>
              <MethodPoint xsi:type="SequencePoint" vc="1" uspid="15" ordinal="0" offset="0" sl="44" sc="32" el="44" ec="33" bec="0" bev="0" fileid="1" />
            </Method>
            <Method visited="true" cyclomaticComplexity="1" sequenceCoverage="100" branchCoverage="100" isConstructor="false" isStatic="false" isGetter="false" isSetter="false">
              <Summary numSequencePoints="16" visitedSequencePoints="16" numBranchPoints="1" visitedBranchPoints="1" sequenceCoverage="100" branchCoverage="100" maxCyclomaticComplexity="1" minCyclomaticComplexity="1" />
              <MetadataToken>100663301</MetadataToken>
              <Name>System.Void Test.CsvTests::testPopulateFromData()</Name>
              <FileRef uid="1" />
              <SequencePoints>
                <SequencePoint vc="1" uspid="21" ordinal="0" offset="7" sl="50" sc="38" el="50" ec="39" bec="0" bev="0" fileid="1" />
                <SequencePoint vc="1" uspid="22" ordinal="1" offset="8" sl="51" sc="3" el="51" ec="25" bec="0" bev="0" fileid="1" />
                <SequencePoint vc="1" uspid="23" ordinal="2" offset="14" sl="52" sc="3" el="52" ec="33" bec="0" bev="0" fileid="1" />
                <SequencePoint vc="1" uspid="24" ordinal="3" offset="26" sl="53" sc="3" el="53" ec="28" bec="0" bev="0" fileid="1" />
                <SequencePoint vc="1" uspid="25" ordinal="4" offset="38" sl="54" sc="3" el="54" ec="59" bec="0" bev="0" fileid="1" />
                <SequencePoint vc="1" uspid="26" ordinal="5" offset="70" sl="55" sc="3" el="55" ec="109" bec="0" bev="0" fileid="1" />
                <SequencePoint vc="1" uspid="27" ordinal="6" offset="136" sl="56" sc="4" el="56" ec="32" bec="0" bev="0" fileid="1" />
                <SequencePoint vc="1" uspid="28" ordinal="7" offset="148" sl="58" sc="4" el="58" ec="59" bec="0" bev="0" fileid="1" />
                <SequencePoint vc="1" uspid="29" ordinal="8" offset="168" sl="59" sc="4" el="59" ec="33" bec="0" bev="0" fileid="1" />
                <SequencePoint vc="1" uspid="30" ordinal="9" offset="180" sl="60" sc="4" el="60" ec="54" bec="0" bev="0" fileid="1" />
                <SequencePoint vc="1" uspid="31" ordinal="10" offset="200" sl="61" sc="4" el="61" ec="32" bec="0" bev="0" fileid="1" />
                <SequencePoint vc="1" uspid="32" ordinal="11" offset="225" sl="62" sc="4" el="62" ec="69" bec="0" bev="0" fileid="1" />
                <SequencePoint vc="1" uspid="33" ordinal="12" offset="254" sl="64" sc="4" el="64" ec="76" bec="0" bev="0" fileid="1" />
                <SequencePoint vc="1" uspid="34" ordinal="13" offset="297" sl="65" sc="4" el="65" ec="80" bec="0" bev="0" fileid="1" />
                <SequencePoint vc="1" uspid="35" ordinal="14" offset="337" sl="66" sc="4" el="66" ec="86" bec="0" bev="0" fileid="1" />
                <SequencePoint vc="1" uspid="36" ordinal="15" offset="391" sl="67" sc="3" el="67" ec="4" bec="0" bev="0" fileid="1" />
              </SequencePoints>
              <BranchPoints />
              <MethodPoint vc="1" uspid="37" ordinal="0" offset="0" />
            </Method>
            <Method visited="false" cyclomaticComplexity="4" sequenceCoverage="0" branchCoverage="0" isConstructor="false" isStatic="false" isGetter="false" isSetter="false">
              <Summary numSequencePoints="20" visitedSequencePoints="0" numBranchPoints="7" visitedBranchPoints="0" sequenceCoverage="0" branchCoverage="0" maxCyclomaticComplexity="4" minCyclomaticComplexity="4" />
              <MetadataToken>100663302</MetadataToken>
              <Name>System.Void Test.CsvTests::testAppendToFile()</Name>
              <FileRef uid="1" />
              <SequencePoints>
                <SequencePoint vc="0" uspid="38" ordinal="0" offset="0" sl="70" sc="34" el="70" ec="35" bec="0" bev="0" fileid="1" />
                <SequencePoint vc="0" uspid="39" ordinal="1" offset="1" sl="71" sc="4" el="71" ec="63" bec="0" bev="0" fileid="1" />
                <SequencePoint vc="0" uspid="40" ordinal="2" offset="22" sl="72" sc="4" el="72" ec="32" bec="0" bev="0" fileid="1" />
                <SequencePoint vc="0" uspid="41" ordinal="3" offset="28" sl="73" sc="4" el="73" ec="40" bec="0" bev="0" fileid="1" />
                <SequencePoint vc="0" uspid="42" ordinal="4" offset="41" sl="74" sc="11" el="74" ec="39" bec="0" bev="0" fileid="1" />
                <SequencePoint vc="0" uspid="43" ordinal="5" offset="47" sl="74" sc="41" el="74" ec="42" bec="0" bev="0" fileid="1" />
                <SequencePoint vc="0" uspid="44" ordinal="6" offset="48" sl="75" sc="5" el="75" ec="59" bec="0" bev="0" fileid="1" />
                <SequencePoint vc="0" uspid="45" ordinal="7" offset="67" sl="76" sc="4" el="76" ec="5" bec="2" bev="0" fileid="1" />
                <SequencePoint vc="0" uspid="46" ordinal="8" offset="89" sl="77" sc="11" el="77" ec="65" bec="0" bev="0" fileid="1" />
                <SequencePoint vc="0" uspid="47" ordinal="9" offset="105" sl="77" sc="67" el="77" ec="68" bec="0" bev="0" fileid="1" />
                <SequencePoint vc="0" uspid="48" ordinal="10" offset="106" sl="78" sc="5" el="78" ec="44" bec="0" bev="0" fileid="1" />
                <SequencePoint vc="0" uspid="49" ordinal="11" offset="114" sl="80" sc="6" el="80" ec="33" bec="0" bev="0" fileid="1" />
                <SequencePoint vc="0" uspid="50" ordinal="12" offset="127" sl="79" sc="5" el="79" ec="36" bec="2" bev="0" fileid="1" />
                <SequencePoint vc="0" uspid="51" ordinal="13" offset="139" sl="82" sc="5" el="82" ec="39" bec="0" bev="0" fileid="1" />
                <SequencePoint vc="0" uspid="52" ordinal="14" offset="154" sl="84" sc="5" el="84" ec="53" bec="0" bev="0" fileid="1" />
                <SequencePoint vc="0" uspid="53" ordinal="15" offset="175" sl="85" sc="5" el="85" ec="55" bec="0" bev="0" fileid="1" />
                <SequencePoint vc="0" uspid="54" ordinal="16" offset="194" sl="86" sc="5" el="86" ec="53" bec="0" bev="0" fileid="1" />
                <SequencePoint vc="0" uspid="55" ordinal="17" offset="215" sl="87" sc="5" el="87" ec="55" bec="0" bev="0" fileid="1" />
                <SequencePoint vc="0" uspid="56" ordinal="18" offset="234" sl="88" sc="4" el="88" ec="5" bec="2" bev="0" fileid="1" />
                <SequencePoint vc="0" uspid="57" ordinal="19" offset="256" sl="89" sc="3" el="89" ec="4" bec="0" bev="0" fileid="1" />
              </SequencePoints>
              <BranchPoints>
                <BranchPoint vc="0" uspid="58" ordinal="0" offset="78" path="0" offsetchain="" offsetend="80" />
                <BranchPoint vc="0" uspid="59" ordinal="1" offset="78" path="1" offsetchain="" offsetend="87" />
                <BranchPoint vc="0" uspid="60" ordinal="2" offset="137" path="0" offsetchain="" offsetend="139" />
                <BranchPoint vc="0" uspid="61" ordinal="3" offset="137" path="1" offsetchain="" offsetend="114" />
                <BranchPoint vc="0" uspid="62" ordinal="4" offset="245" path="0" offsetchain="" offsetend="247" />
                <BranchPoint vc="0" uspid="63" ordinal="5" offset="245" path="1" offsetchain="" offsetend="254" />
              </BranchPoints>
              <MethodPoint xsi:type="SequencePoint" vc="0" uspid="38" ordinal="0" offset="0" sl="70" sc="34" el="70" ec="35" bec="0" bev="0" fileid="1" />
            </Method>
            <Method visited="false" cyclomaticComplexity="2" sequenceCoverage="0" branchCoverage="0" isConstructor="false" isStatic="false" isGetter="false" isSetter="false">
              <Summary numSequencePoints="9" visitedSequencePoints="0" numBranchPoints="3" visitedBranchPoints="0" sequenceCoverage="0" branchCoverage="0" maxCyclomaticComplexity="2" minCyclomaticComplexity="2" />
              <MetadataToken>100663303</MetadataToken>
              <Name>System.Void Test.CsvTests::testBadAppendToFile()</Name>
              <FileRef uid="1" />
              <SequencePoints>
                <SequencePoint vc="0" uspid="64" ordinal="0" offset="0" sl="93" sc="37" el="93" ec="38" bec="0" bev="0" fileid="1" />
                <SequencePoint vc="0" uspid="65" ordinal="1" offset="1" sl="94" sc="4" el="94" ec="63" bec="0" bev="0" fileid="1" />
                <SequencePoint vc="0" uspid="66" ordinal="2" offset="22" sl="95" sc="4" el="95" ec="32" bec="0" bev="0" fileid="1" />
                <SequencePoint vc="0" uspid="67" ordinal="3" offset="28" sl="96" sc="4" el="96" ec="40" bec="0" bev="0" fileid="1" />
                <SequencePoint vc="0" uspid="68" ordinal="4" offset="41" sl="97" sc="11" el="97" ec="39" bec="0" bev="0" fileid="1" />
                <SequencePoint vc="0" uspid="69" ordinal="5" offset="47" sl="97" sc="41" el="97" ec="42" bec="0" bev="0" fileid="1" />
                <SequencePoint vc="0" uspid="70" ordinal="6" offset="48" sl="98" sc="5" el="98" ec="59" bec="0" bev="0" fileid="1" />
                <SequencePoint vc="0" uspid="71" ordinal="7" offset="67" sl="99" sc="4" el="99" ec="5" bec="2" bev="0" fileid="1" />
                <SequencePoint vc="0" uspid="72" ordinal="8" offset="87" sl="100" sc="3" el="100" ec="4" bec="0" bev="0" fileid="1" />
              </SequencePoints>
              <BranchPoints>
                <BranchPoint vc="0" uspid="73" ordinal="0" offset="76" path="0" offsetchain="" offsetend="78" />
                <BranchPoint vc="0" uspid="74" ordinal="1" offset="76" path="1" offsetchain="" offsetend="85" />
              </BranchPoints>
              <MethodPoint xsi:type="SequencePoint" vc="0" uspid="64" ordinal="0" offset="0" sl="93" sc="37" el="93" ec="38" bec="0" bev="0" fileid="1" />
            </Method>
            <Method visited="false" cyclomaticComplexity="1" sequenceCoverage="0" branchCoverage="0" isConstructor="false" isStatic="false" isGetter="false" isSetter="false">
              <Summary numSequencePoints="8" visitedSequencePoints="0" numBranchPoints="1" visitedBranchPoints="0" sequenceCoverage="0" branchCoverage="0" maxCyclomaticComplexity="1" minCyclomaticComplexity="1" />
              <MetadataToken>100663304</MetadataToken>
              <Name>Utils.CsvData Test.CsvTests::CreateCsvData(System.Collections.Generic.List`1&lt;System.String&gt;,System.Collections.Generic.List`1&lt;System.String&gt;)</Name>
              <FileRef uid="1" />
              <SequencePoints>
                <SequencePoint vc="0" uspid="75" ordinal="0" offset="6" sl="102" sc="76" el="102" ec="77" bec="0" bev="0" fileid="1" />
                <SequencePoint vc="0" uspid="76" ordinal="1" offset="7" sl="103" sc="4" el="103" ec="32" bec="0" bev="0" fileid="1" />
                <SequencePoint vc="0" uspid="77" ordinal="2" offset="18" sl="105" sc="4" el="105" ec="59" bec="0" bev="0" fileid="1" />
                <SequencePoint vc="0" uspid="78" ordinal="3" offset="37" sl="106" sc="4" el="106" ec="39" bec="0" bev="0" fileid="1" />
                <SequencePoint vc="0" uspid="79" ordinal="4" offset="48" sl="107" sc="4" el="107" ec="54" bec="0" bev="0" fileid="1" />
                <SequencePoint vc="0" uspid="80" ordinal="5" offset="67" sl="108" sc="4" el="108" ec="32" bec="0" bev="0" fileid="1" />
                <SequencePoint vc="0" uspid="81" ordinal="6" offset="90" sl="109" sc="4" el="109" ec="19" bec="0" bev="0" fileid="1" />
                <SequencePoint vc="0" uspid="82" ordinal="7" offset="99" sl="110" sc="3" el="110" ec="4" bec="0" bev="0" fileid="1" />
              </SequencePoints>
              <BranchPoints />
              <MethodPoint vc="0" uspid="83" ordinal="0" offset="0" />
            </Method>
            <Method visited="false" cyclomaticComplexity="1" sequenceCoverage="0" branchCoverage="0" isConstructor="false" isStatic="false" isGetter="false" isSetter="false">
              <Summary numSequencePoints="10" visitedSequencePoints="0" numBranchPoints="1" visitedBranchPoints="0" sequenceCoverage="0" branchCoverage="0" maxCyclomaticComplexity="1" minCyclomaticComplexity="1" />
              <MetadataToken>100663305</MetadataToken>
              <Name>System.Void Test.CsvTests::VerifyTestData1(System.Collections.Generic.List`1&lt;System.String&gt;,Utils.CsvRecords)</Name>
              <FileRef uid="1" />
              <SequencePoints>
                <SequencePoint vc="0" uspid="84" ordinal="0" offset="0" sl="113" sc="74" el="113" ec="75" bec="0" bev="0" fileid="1" />
                <SequencePoint vc="0" uspid="85" ordinal="1" offset="1" sl="114" sc="4" el="114" ec="38" bec="0" bev="0" fileid="1" />
                <SequencePoint vc="0" uspid="86" ordinal="2" offset="16" sl="115" sc="4" el="115" ec="38" bec="0" bev="0" fileid="1" />
                <SequencePoint vc="0" uspid="87" ordinal="3" offset="31" sl="116" sc="4" el="116" ec="46" bec="0" bev="0" fileid="1" />
                <SequencePoint vc="0" uspid="88" ordinal="4" offset="49" sl="117" sc="4" el="117" ec="46" bec="0" bev="0" fileid="1" />
                <SequencePoint vc="0" uspid="89" ordinal="5" offset="67" sl="118" sc="4" el="118" ec="48" bec="0" bev="0" fileid="1" />
                <SequencePoint vc="0" uspid="90" ordinal="6" offset="85" sl="119" sc="4" el="119" ec="47" bec="0" bev="0" fileid="1" />
                <SequencePoint vc="0" uspid="91" ordinal="7" offset="114" sl="120" sc="4" el="120" ec="52" bec="0" bev="0" fileid="1" />
                <SequencePoint vc="0" uspid="92" ordinal="8" offset="143" sl="121" sc="4" el="121" ec="65" bec="0" bev="0" fileid="1" />
                <SequencePoint vc="0" uspid="93" ordinal="9" offset="172" sl="122" sc="3" el="122" ec="4" bec="0" bev="0" fileid="1" />
              </SequencePoints>
              <BranchPoints />
              <MethodPoint xsi:type="SequencePoint" vc="0" uspid="84" ordinal="0" offset="0" sl="113" sc="74" el="113" ec="75" bec="0" bev="0" fileid="1" />
            </Method>
            <Method visited="true" cyclomaticComplexity="1" sequenceCoverage="0" branchCoverage="0" isConstructor="true" isStatic="false" isGetter="false" isSetter="false">
              <Summary numSequencePoints="0" visitedSequencePoints="0" numBranchPoints="0" visitedBranchPoints="0" sequenceCoverage="0" branchCoverage="0" maxCyclomaticComplexity="1" minCyclomaticComplexity="1" />
              <MetadataToken>100663306</MetadataToken>
              <Name>System.Void Test.CsvTests::.ctor()</Name>
              <SequencePoints />
              <BranchPoints />
              <MethodPoint vc="1" uspid="94" ordinal="0" offset="0" />
            </Method>
          </Methods>
        </Class>
        <Class>
          <Summary numSequencePoints="2" visitedSequencePoints="2" numBranchPoints="2" visitedBranchPoints="2" sequenceCoverage="100" branchCoverage="100" maxCyclomaticComplexity="1" minCyclomaticComplexity="1" />
          <FullName>Test.CsvTests/&lt;&gt;c__DisplayClass4</FullName>
          <Methods>
            <Method visited="true" cyclomaticComplexity="1" sequenceCoverage="0" branchCoverage="0" isConstructor="true" isStatic="false" isGetter="false" isSetter="false">
              <Summary numSequencePoints="0" visitedSequencePoints="0" numBranchPoints="0" visitedBranchPoints="0" sequenceCoverage="0" branchCoverage="0" maxCyclomaticComplexity="1" minCyclomaticComplexity="1" />
              <MetadataToken>100663317</MetadataToken>
              <Name>System.Void Test.CsvTests/&lt;&gt;c__DisplayClass4::.ctor()</Name>
              <SequencePoints />
              <BranchPoints />
              <MethodPoint vc="1" uspid="95" ordinal="0" offset="0" />
            </Method>
            <Method visited="true" cyclomaticComplexity="1" sequenceCoverage="100" branchCoverage="100" isConstructor="false" isStatic="false" isGetter="false" isSetter="false">
              <Summary numSequencePoints="1" visitedSequencePoints="1" numBranchPoints="1" visitedBranchPoints="1" sequenceCoverage="100" branchCoverage="100" maxCyclomaticComplexity="1" minCyclomaticComplexity="1" />
              <MetadataToken>100663318</MetadataToken>
              <Name>System.Void Test.CsvTests/&lt;&gt;c__DisplayClass4::&lt;testPopulateFromData&gt;b__2(System.String)</Name>
              <FileRef uid="1" />
              <SequencePoints>
                <SequencePoint vc="2" uspid="96" ordinal="0" offset="0" sl="58" sc="30" el="58" ec="57" bec="0" bev="0" fileid="1" />
              </SequencePoints>
              <BranchPoints />
              <MethodPoint xsi:type="SequencePoint" vc="2" uspid="96" ordinal="0" offset="0" sl="58" sc="30" el="58" ec="57" bec="0" bev="0" fileid="1" />
            </Method>
            <Method visited="true" cyclomaticComplexity="1" sequenceCoverage="100" branchCoverage="100" isConstructor="false" isStatic="false" isGetter="false" isSetter="false">
              <Summary numSequencePoints="1" visitedSequencePoints="1" numBranchPoints="1" visitedBranchPoints="1" sequenceCoverage="100" branchCoverage="100" maxCyclomaticComplexity="1" minCyclomaticComplexity="1" />
              <MetadataToken>100663319</MetadataToken>
              <Name>System.Void Test.CsvTests/&lt;&gt;c__DisplayClass4::&lt;testPopulateFromData&gt;b__3(System.String)</Name>
              <FileRef uid="1" />
              <SequencePoints>
                <SequencePoint vc="2" uspid="97" ordinal="0" offset="0" sl="60" sc="28" el="60" ec="52" bec="0" bev="0" fileid="1" />
              </SequencePoints>
              <BranchPoints />
              <MethodPoint xsi:type="SequencePoint" vc="2" uspid="97" ordinal="0" offset="0" sl="60" sc="28" el="60" ec="52" bec="0" bev="0" fileid="1" />
            </Method>
          </Methods>
        </Class>
        <Class>
          <Summary numSequencePoints="2" visitedSequencePoints="0" numBranchPoints="2" visitedBranchPoints="0" sequenceCoverage="0" branchCoverage="0" maxCyclomaticComplexity="1" minCyclomaticComplexity="1" />
          <FullName>Test.CsvTests/&lt;&gt;c__DisplayClass8</FullName>
          <Methods>
            <Method visited="false" cyclomaticComplexity="1" sequenceCoverage="0" branchCoverage="0" isConstructor="true" isStatic="false" isGetter="false" isSetter="false">
              <Summary numSequencePoints="0" visitedSequencePoints="0" numBranchPoints="0" visitedBranchPoints="0" sequenceCoverage="0" branchCoverage="0" maxCyclomaticComplexity="1" minCyclomaticComplexity="1" />
              <MetadataToken>100663320</MetadataToken>
              <Name>System.Void Test.CsvTests/&lt;&gt;c__DisplayClass8::.ctor()</Name>
              <SequencePoints />
              <BranchPoints />
              <MethodPoint vc="0" uspid="98" ordinal="0" offset="0" />
            </Method>
            <Method visited="false" cyclomaticComplexity="1" sequenceCoverage="0" branchCoverage="0" isConstructor="false" isStatic="false" isGetter="false" isSetter="false">
              <Summary numSequencePoints="1" visitedSequencePoints="0" numBranchPoints="1" visitedBranchPoints="0" sequenceCoverage="0" branchCoverage="0" maxCyclomaticComplexity="1" minCyclomaticComplexity="1" />
              <MetadataToken>100663321</MetadataToken>
              <Name>System.Void Test.CsvTests/&lt;&gt;c__DisplayClass8::&lt;CreateCsvData&gt;b__6(System.String)</Name>
              <FileRef uid="1" />
              <SequencePoints>
                <SequencePoint vc="0" uspid="99" ordinal="0" offset="0" sl="105" sc="30" el="105" ec="57" bec="0" bev="0" fileid="1" />
              </SequencePoints>
              <BranchPoints />
              <MethodPoint xsi:type="SequencePoint" vc="0" uspid="99" ordinal="0" offset="0" sl="105" sc="30" el="105" ec="57" bec="0" bev="0" fileid="1" />
            </Method>
            <Method visited="false" cyclomaticComplexity="1" sequenceCoverage="0" branchCoverage="0" isConstructor="false" isStatic="false" isGetter="false" isSetter="false">
              <Summary numSequencePoints="1" visitedSequencePoints="0" numBranchPoints="1" visitedBranchPoints="0" sequenceCoverage="0" branchCoverage="0" maxCyclomaticComplexity="1" minCyclomaticComplexity="1" />
              <MetadataToken>100663322</MetadataToken>
              <Name>System.Void Test.CsvTests/&lt;&gt;c__DisplayClass8::&lt;CreateCsvData&gt;b__7(System.String)</Name>
              <FileRef uid="1" />
              <SequencePoints>
                <SequencePoint vc="0" uspid="100" ordinal="0" offset="0" sl="107" sc="28" el="107" ec="52" bec="0" bev="0" fileid="1" />
              </SequencePoints>
              <BranchPoints />
              <MethodPoint xsi:type="SequencePoint" vc="0" uspid="100" ordinal="0" offset="0" sl="107" sc="28" el="107" ec="52" bec="0" bev="0" fileid="1" />
            </Method>
          </Methods>
        </Class>
        <Class>
          <Summary numSequencePoints="33" visitedSequencePoints="0" numBranchPoints="7" visitedBranchPoints="0" sequenceCoverage="0" branchCoverage="0" maxCyclomaticComplexity="2" minCyclomaticComplexity="1" />
          <FullName>Test.EnvVarsTest</FullName>
          <Methods>
            <Method visited="false" cyclomaticComplexity="1" sequenceCoverage="0" branchCoverage="0" isConstructor="false" isStatic="false" isGetter="false" isSetter="false">
              <Summary numSequencePoints="8" visitedSequencePoints="0" numBranchPoints="1" visitedBranchPoints="0" sequenceCoverage="0" branchCoverage="0" maxCyclomaticComplexity="1" minCyclomaticComplexity="1" />
              <MetadataToken>100663307</MetadataToken>
              <Name>System.Void Test.EnvVarsTest::test1()</Name>
              <FileRef uid="4" />
              <SequencePoints>
                <SequencePoint vc="0" uspid="101" ordinal="0" offset="0" sl="18" sc="23" el="18" ec="24" bec="0" bev="0" fileid="4" />
                <SequencePoint vc="0" uspid="102" ordinal="1" offset="1" sl="19" sc="4" el="23" ec="6" bec="0" bev="0" fileid="4" />
                <SequencePoint vc="0" uspid="103" ordinal="2" offset="45" sl="25" sc="4" el="25" ec="64" bec="0" bev="0" fileid="4" />
                <SequencePoint vc="0" uspid="104" ordinal="3" offset="56" sl="26" sc="4" el="26" ec="43" bec="0" bev="0" fileid="4" />
                <SequencePoint vc="0" uspid="105" ordinal="4" offset="73" sl="27" sc="4" el="27" ec="29" bec="0" bev="0" fileid="4" />
                <SequencePoint vc="0" uspid="106" ordinal="5" offset="85" sl="28" sc="4" el="35" ec="7" bec="0" bev="0" fileid="4" />
                <SequencePoint vc="0" uspid="107" ordinal="6" offset="104" sl="36" sc="4" el="36" ec="73" bec="0" bev="0" fileid="4" />
                <SequencePoint vc="0" uspid="108" ordinal="7" offset="121" sl="37" sc="3" el="37" ec="4" bec="0" bev="0" fileid="4" />
              </SequencePoints>
              <BranchPoints />
              <MethodPoint xsi:type="SequencePoint" vc="0" uspid="101" ordinal="0" offset="0" sl="18" sc="23" el="18" ec="24" bec="0" bev="0" fileid="4" />
            </Method>
            <Method visited="false" cyclomaticComplexity="1" sequenceCoverage="0" branchCoverage="0" isConstructor="false" isStatic="false" isGetter="false" isSetter="false">
              <Summary numSequencePoints="6" visitedSequencePoints="0" numBranchPoints="1" visitedBranchPoints="0" sequenceCoverage="0" branchCoverage="0" maxCyclomaticComplexity="1" minCyclomaticComplexity="1" />
              <MetadataToken>100663308</MetadataToken>
              <Name>System.Void Test.EnvVarsTest::test2()</Name>
              <FileRef uid="4" />
              <SequencePoints>
                <SequencePoint vc="0" uspid="109" ordinal="0" offset="0" sl="40" sc="23" el="40" ec="24" bec="0" bev="0" fileid="4" />
                <SequencePoint vc="0" uspid="110" ordinal="1" offset="1" sl="42" sc="4" el="42" ec="29" bec="0" bev="0" fileid="4" />
                <SequencePoint vc="0" uspid="111" ordinal="2" offset="12" sl="43" sc="4" el="43" ec="43" bec="0" bev="0" fileid="4" />
                <SequencePoint vc="0" uspid="112" ordinal="3" offset="29" sl="44" sc="4" el="44" ec="70" bec="0" bev="0" fileid="4" />
                <SequencePoint vc="0" uspid="113" ordinal="4" offset="56" sl="45" sc="4" el="45" ec="42" bec="0" bev="0" fileid="4" />
                <SequencePoint vc="0" uspid="114" ordinal="5" offset="73" sl="46" sc="3" el="46" ec="4" bec="0" bev="0" fileid="4" />
              </SequencePoints>
              <BranchPoints />
              <MethodPoint xsi:type="SequencePoint" vc="0" uspid="109" ordinal="0" offset="0" sl="40" sc="23" el="40" ec="24" bec="0" bev="0" fileid="4" />
            </Method>
            <Method visited="false" cyclomaticComplexity="1" sequenceCoverage="0" branchCoverage="0" isConstructor="false" isStatic="false" isGetter="false" isSetter="false">
              <Summary numSequencePoints="10" visitedSequencePoints="0" numBranchPoints="1" visitedBranchPoints="0" sequenceCoverage="0" branchCoverage="0" maxCyclomaticComplexity="1" minCyclomaticComplexity="1" />
              <MetadataToken>100663309</MetadataToken>
              <Name>System.Void Test.EnvVarsTest::test3()</Name>
              <FileRef uid="4" />
              <SequencePoints>
                <SequencePoint vc="0" uspid="115" ordinal="0" offset="0" sl="49" sc="23" el="49" ec="24" bec="0" bev="0" fileid="4" />
                <SequencePoint vc="0" uspid="116" ordinal="1" offset="1" sl="51" sc="4" el="51" ec="27" bec="0" bev="0" fileid="4" />
                <SequencePoint vc="0" uspid="117" ordinal="2" offset="7" sl="52" sc="4" el="52" ec="86" bec="0" bev="0" fileid="4" />
                <SequencePoint vc="0" uspid="118" ordinal="3" offset="20" sl="53" sc="4" el="53" ec="48" bec="0" bev="0" fileid="4" />
                <SequencePoint vc="0" uspid="119" ordinal="4" offset="37" sl="55" sc="4" el="55" ec="43" bec="0" bev="0" fileid="4" />
                <SequencePoint vc="0" uspid="120" ordinal="5" offset="54" sl="56" sc="4" el="56" ec="49" bec="0" bev="0" fileid="4" />
                <SequencePoint vc="0" uspid="121" ordinal="6" offset="81" sl="57" sc="4" el="57" ec="29" bec="0" bev="0" fileid="4" />
                <SequencePoint vc="0" uspid="122" ordinal="7" offset="93" sl="59" sc="4" el="59" ec="85" bec="0" bev="0" fileid="4" />
                <SequencePoint vc="0" uspid="123" ordinal="8" offset="106" sl="60" sc="4" el="60" ec="41" bec="0" bev="0" fileid="4" />
                <SequencePoint vc="0" uspid="124" ordinal="9" offset="124" sl="61" sc="3" el="61" ec="4" bec="0" bev="0" fileid="4" />
              </SequencePoints>
              <BranchPoints />
              <MethodPoint xsi:type="SequencePoint" vc="0" uspid="115" ordinal="0" offset="0" sl="49" sc="23" el="49" ec="24" bec="0" bev="0" fileid="4" />
            </Method>
            <Method visited="false" cyclomaticComplexity="1" sequenceCoverage="0" branchCoverage="0" isConstructor="true" isStatic="false" isGetter="false" isSetter="false">
              <Summary numSequencePoints="3" visitedSequencePoints="0" numBranchPoints="1" visitedBranchPoints="0" sequenceCoverage="0" branchCoverage="0" maxCyclomaticComplexity="1" minCyclomaticComplexity="1" />
              <MetadataToken>100663310</MetadataToken>
              <Name>System.Void Test.EnvVarsTest::.ctor()</Name>
              <FileRef uid="4" />
              <SequencePoints>
                <SequencePoint vc="0" uspid="125" ordinal="0" offset="0" sl="13" sc="3" el="13" ec="30" bec="0" bev="0" fileid="4" />
                <SequencePoint vc="0" uspid="126" ordinal="1" offset="7" sl="14" sc="3" el="14" ec="31" bec="0" bev="0" fileid="4" />
                <SequencePoint vc="0" uspid="127" ordinal="2" offset="14" sl="15" sc="3" el="15" ec="30" bec="0" bev="0" fileid="4" />
              </SequencePoints>
              <BranchPoints />
              <MethodPoint xsi:type="SequencePoint" vc="0" uspid="125" ordinal="0" offset="0" sl="13" sc="3" el="13" ec="30" bec="0" bev="0" fileid="4" />
            </Method>
            <Method visited="false" cyclomaticComplexity="2" sequenceCoverage="0" branchCoverage="0" isConstructor="false" isStatic="false" isGetter="false" isSetter="false">
              <Summary numSequencePoints="6" visitedSequencePoints="0" numBranchPoints="3" visitedBranchPoints="0" sequenceCoverage="0" branchCoverage="0" maxCyclomaticComplexity="2" minCyclomaticComplexity="2" />
              <MetadataToken>100663311</MetadataToken>
              <Name>System.Void Test.EnvVarsTest::&lt;test1&gt;b__1(System.String)</Name>
              <FileRef uid="4" />
              <SequencePoints>
                <SequencePoint vc="0" uspid="128" ordinal="0" offset="0" sl="28" sc="34" el="28" ec="35" bec="0" bev="0" fileid="4" />
                <SequencePoint vc="0" uspid="129" ordinal="1" offset="1" sl="30" sc="5" el="30" ec="86" bec="0" bev="0" fileid="4" />
                <SequencePoint vc="0" uspid="130" ordinal="2" offset="14" sl="31" sc="5" el="31" ec="23" bec="2" bev="0" fileid="4" />
                <SequencePoint vc="0" uspid="131" ordinal="3" offset="30" sl="32" sc="6" el="32" ec="90" bec="0" bev="0" fileid="4" />
                <SequencePoint vc="0" uspid="132" ordinal="4" offset="43" sl="33" sc="5" el="33" ec="82" bec="0" bev="0" fileid="4" />
                <SequencePoint vc="0" uspid="133" ordinal="5" offset="71" sl="34" sc="5" el="34" ec="42" bec="0" bev="0" fileid="4" />
              </SequencePoints>
              <BranchPoints>
                <BranchPoint vc="0" uspid="134" ordinal="0" offset="28" path="0" offsetchain="" offsetend="30" />
                <BranchPoint vc="0" uspid="135" ordinal="1" offset="28" path="1" offsetchain="" offsetend="43" />
              </BranchPoints>
              <MethodPoint xsi:type="SequencePoint" vc="0" uspid="128" ordinal="0" offset="0" sl="28" sc="34" el="28" ec="35" bec="0" bev="0" fileid="4" />
            </Method>
          </Methods>
        </Class>
        <Class>
          <Summary numSequencePoints="55" visitedSequencePoints="0" numBranchPoints="17" visitedBranchPoints="0" sequenceCoverage="0" branchCoverage="0" maxCyclomaticComplexity="5" minCyclomaticComplexity="1" />
          <FullName>Test.ProcessInfoTest</FullName>
          <Methods>
            <Method visited="false" cyclomaticComplexity="1" sequenceCoverage="0" branchCoverage="0" isConstructor="false" isStatic="false" isGetter="false" isSetter="false">
              <Summary numSequencePoints="5" visitedSequencePoints="0" numBranchPoints="1" visitedBranchPoints="0" sequenceCoverage="0" branchCoverage="0" maxCyclomaticComplexity="1" minCyclomaticComplexity="1" />
              <MetadataToken>100663312</MetadataToken>
              <Name>System.Void Test.ProcessInfoTest::setUp()</Name>
              <FileRef uid="5" />
              <SequencePoints>
                <SequencePoint vc="0" uspid="136" ordinal="0" offset="0" sl="22" sc="3" el="22" ec="4" bec="0" bev="0" fileid="5" />
                <SequencePoint vc="0" uspid="137" ordinal="1" offset="1" sl="24" sc="4" el="24" ec="50" bec="0" bev="0" fileid="5" />
                <SequencePoint vc="0" uspid="138" ordinal="2" offset="12" sl="25" sc="4" el="25" ec="48" bec="0" bev="0" fileid="5" />
                <SequencePoint vc="0" uspid="139" ordinal="3" offset="29" sl="26" sc="4" el="26" ec="51" bec="0" bev="0" fileid="5" />
                <SequencePoint vc="0" uspid="140" ordinal="4" offset="46" sl="29" sc="3" el="29" ec="4" bec="0" bev="0" fileid="5" />
              </SequencePoints>
              <BranchPoints />
              <MethodPoint xsi:type="SequencePoint" vc="0" uspid="136" ordinal="0" offset="0" sl="22" sc="3" el="22" ec="4" bec="0" bev="0" fileid="5" />
            </Method>
            <Method visited="false" cyclomaticComplexity="3" sequenceCoverage="0" branchCoverage="0" isConstructor="false" isStatic="false" isGetter="false" isSetter="false">
              <Summary numSequencePoints="26" visitedSequencePoints="0" numBranchPoints="5" visitedBranchPoints="0" sequenceCoverage="0" branchCoverage="0" maxCyclomaticComplexity="3" minCyclomaticComplexity="3" />
              <MetadataToken>100663313</MetadataToken>
              <Name>System.Void Test.ProcessInfoTest::test1()</Name>
              <FileRef uid="5" />
              <SequencePoints>
                <SequencePoint vc="0" uspid="141" ordinal="0" offset="0" sl="33" sc="3" el="33" ec="4" bec="0" bev="0" fileid="5" />
                <SequencePoint vc="0" uspid="142" ordinal="1" offset="1" sl="35" sc="4" el="35" ec="62" bec="0" bev="0" fileid="5" />
                <SequencePoint vc="0" uspid="143" ordinal="2" offset="13" sl="37" sc="4" el="37" ec="29" bec="2" bev="0" fileid="5" />
                <SequencePoint vc="0" uspid="144" ordinal="3" offset="31" sl="37" sc="30" el="37" ec="31" bec="0" bev="0" fileid="5" />
                <SequencePoint vc="0" uspid="145" ordinal="4" offset="32" sl="38" sc="5" el="38" ec="102" bec="0" bev="0" fileid="5" />
                <SequencePoint vc="0" uspid="146" ordinal="5" offset="67" sl="39" sc="5" el="39" ec="12" bec="0" bev="0" fileid="5" />
                <SequencePoint vc="0" uspid="147" ordinal="6" offset="68" sl="39" sc="33" el="39" ec="42" bec="0" bev="0" fileid="5" />
                <SequencePoint vc="0" uspid="148" ordinal="7" offset="76" sl="39" sc="14" el="39" ec="29" bec="0" bev="0" fileid="5" />
                <SequencePoint vc="0" uspid="149" ordinal="8" offset="82" sl="39" sc="44" el="39" ec="45" bec="0" bev="0" fileid="5" />
                <SequencePoint vc="0" uspid="150" ordinal="9" offset="83" sl="40" sc="6" el="40" ec="108" bec="0" bev="0" fileid="5" />
                <SequencePoint vc="0" uspid="151" ordinal="10" offset="121" sl="43" sc="6" el="43" ec="23" bec="0" bev="0" fileid="5" />
                <SequencePoint vc="0" uspid="152" ordinal="11" offset="133" sl="45" sc="6" el="45" ec="103" bec="0" bev="0" fileid="5" />
                <SequencePoint vc="0" uspid="153" ordinal="12" offset="176" sl="46" sc="5" el="46" ec="6" bec="0" bev="0" fileid="5" />
                <SequencePoint vc="0" uspid="154" ordinal="13" offset="183" sl="39" sc="30" el="39" ec="32" bec="2" bev="0" fileid="5" />
                <SequencePoint vc="0" uspid="155" ordinal="14" offset="197" sl="47" sc="5" el="47" ec="60" bec="0" bev="0" fileid="5" />
                <SequencePoint vc="0" uspid="156" ordinal="15" offset="214" sl="48" sc="5" el="48" ec="30" bec="0" bev="0" fileid="5" />
                <SequencePoint vc="0" uspid="157" ordinal="16" offset="226" sl="49" sc="5" el="49" ec="75" bec="0" bev="0" fileid="5" />
                <SequencePoint vc="0" uspid="158" ordinal="17" offset="254" sl="52" sc="5" el="52" ec="46" bec="0" bev="0" fileid="5" />
                <SequencePoint vc="0" uspid="159" ordinal="18" offset="272" sl="53" sc="5" el="53" ec="54" bec="0" bev="0" fileid="5" />
                <SequencePoint vc="0" uspid="160" ordinal="19" offset="284" sl="54" sc="5" el="54" ec="56" bec="0" bev="0" fileid="5" />
                <SequencePoint vc="0" uspid="161" ordinal="20" offset="296" sl="55" sc="5" el="55" ec="130" bec="0" bev="0" fileid="5" />
                <SequencePoint vc="0" uspid="162" ordinal="21" offset="335" sl="56" sc="4" el="56" ec="5" bec="0" bev="0" fileid="5" />
                <SequencePoint vc="0" uspid="163" ordinal="22" offset="338" sl="56" sc="11" el="56" ec="12" bec="0" bev="0" fileid="5" />
                <SequencePoint vc="0" uspid="164" ordinal="23" offset="339" sl="57" sc="5" el="57" ec="80" bec="0" bev="0" fileid="5" />
                <SequencePoint vc="0" uspid="165" ordinal="24" offset="361" sl="58" sc="4" el="58" ec="5" bec="0" bev="0" fileid="5" />
                <SequencePoint vc="0" uspid="166" ordinal="25" offset="362" sl="59" sc="3" el="59" ec="4" bec="0" bev="0" fileid="5" />
              </SequencePoints>
              <BranchPoints>
                <BranchPoint vc="0" uspid="167" ordinal="0" offset="26" path="0" offsetchain="" offsetend="31" />
                <BranchPoint vc="0" uspid="168" ordinal="1" offset="26" path="1" offsetchain="" offsetend="338" />
                <BranchPoint vc="0" uspid="169" ordinal="2" offset="195" path="0" offsetchain="" offsetend="197" />
                <BranchPoint vc="0" uspid="170" ordinal="3" offset="195" path="1" offsetchain="" offsetend="76" />
              </BranchPoints>
              <MethodPoint xsi:type="SequencePoint" vc="0" uspid="141" ordinal="0" offset="0" sl="33" sc="3" el="33" ec="4" bec="0" bev="0" fileid="5" />
            </Method>
            <Method visited="false" cyclomaticComplexity="5" sequenceCoverage="0" branchCoverage="0" isConstructor="false" isStatic="false" isGetter="false" isSetter="false">
              <Summary numSequencePoints="19" visitedSequencePoints="0" numBranchPoints="9" visitedBranchPoints="0" sequenceCoverage="0" branchCoverage="0" maxCyclomaticComplexity="5" minCyclomaticComplexity="5" />
              <MetadataToken>100663314</MetadataToken>
              <Name>System.Void Test.ProcessInfoTest::test2()</Name>
              <FileRef uid="5" />
              <SequencePoints>
                <SequencePoint vc="0" uspid="171" ordinal="0" offset="0" sl="64" sc="3" el="64" ec="4" bec="0" bev="0" fileid="5" />
                <SequencePoint vc="0" uspid="172" ordinal="1" offset="1" sl="66" sc="4" el="66" ec="49" bec="0" bev="0" fileid="5" />
                <SequencePoint vc="0" uspid="173" ordinal="2" offset="17" sl="67" sc="4" el="67" ec="11" bec="0" bev="0" fileid="5" />
                <SequencePoint vc="0" uspid="174" ordinal="3" offset="18" sl="67" sc="39" el="67" ec="104" bec="0" bev="0" fileid="5" />
                <SequencePoint vc="0" uspid="175" ordinal="4" offset="44" sl="67" sc="13" el="67" ec="35" bec="0" bev="0" fileid="5" />
                <SequencePoint vc="0" uspid="176" ordinal="5" offset="49" sl="67" sc="106" el="67" ec="107" bec="0" bev="0" fileid="5" />
                <SequencePoint vc="0" uspid="177" ordinal="6" offset="50" sl="68" sc="5" el="68" ec="61" bec="0" bev="0" fileid="5" />
                <SequencePoint vc="0" uspid="178" ordinal="7" offset="67" sl="69" sc="4" el="69" ec="5" bec="0" bev="0" fileid="5" />
                <SequencePoint vc="0" uspid="179" ordinal="8" offset="74" sl="67" sc="36" el="67" ec="38" bec="2" bev="0" fileid="5" />
                <SequencePoint vc="0" uspid="180" ordinal="9" offset="87" sl="70" sc="4" el="70" ec="68" bec="0" bev="0" fileid="5" />
                <SequencePoint vc="0" uspid="181" ordinal="10" offset="98" sl="71" sc="4" el="71" ec="57" bec="0" bev="0" fileid="5" />
                <SequencePoint vc="0" uspid="182" ordinal="11" offset="114" sl="73" sc="4" el="73" ec="11" bec="0" bev="0" fileid="5" />
                <SequencePoint vc="0" uspid="183" ordinal="12" offset="115" sl="73" sc="35" el="73" ec="121" bec="2" bev="0" fileid="5" />
                <SequencePoint vc="0" uspid="184" ordinal="13" offset="171" sl="73" sc="13" el="73" ec="31" bec="0" bev="0" fileid="5" />
                <SequencePoint vc="0" uspid="185" ordinal="14" offset="179" sl="73" sc="123" el="73" ec="124" bec="0" bev="0" fileid="5" />
                <SequencePoint vc="0" uspid="186" ordinal="15" offset="180" sl="74" sc="5" el="74" ec="42" bec="0" bev="0" fileid="5" />
                <SequencePoint vc="0" uspid="187" ordinal="16" offset="192" sl="75" sc="4" el="75" ec="5" bec="0" bev="0" fileid="5" />
                <SequencePoint vc="0" uspid="188" ordinal="17" offset="193" sl="73" sc="32" el="73" ec="34" bec="4" bev="0" fileid="5" />
                <SequencePoint vc="0" uspid="189" ordinal="18" offset="229" sl="76" sc="3" el="76" ec="4" bec="0" bev="0" fileid="5" />
              </SequencePoints>
              <BranchPoints>
                <BranchPoint vc="0" uspid="190" ordinal="0" offset="85" path="0" offsetchain="" offsetend="87" />
                <BranchPoint vc="0" uspid="191" ordinal="1" offset="85" path="1" offsetchain="" offsetend="44" />
                <BranchPoint vc="0" uspid="192" ordinal="2" offset="131" path="0" offsetchain="" offsetend="133" />
                <BranchPoint vc="0" uspid="193" ordinal="3" offset="131" path="1" offsetchain="" offsetend="152" />
                <BranchPoint vc="0" uspid="194" ordinal="4" offset="204" path="0" offsetchain="" offsetend="206" />
                <BranchPoint vc="0" uspid="195" ordinal="5" offset="204" path="1" offsetchain="" offsetend="171" />
                <BranchPoint vc="0" uspid="196" ordinal="6" offset="217" path="0" offsetchain="" offsetend="219" />
                <BranchPoint vc="0" uspid="197" ordinal="7" offset="217" path="1" offsetchain="" offsetend="227" />
              </BranchPoints>
              <MethodPoint xsi:type="SequencePoint" vc="0" uspid="171" ordinal="0" offset="0" sl="64" sc="3" el="64" ec="4" bec="0" bev="0" fileid="5" />
            </Method>
            <Method visited="false" cyclomaticComplexity="1" sequenceCoverage="0" branchCoverage="0" isConstructor="true" isStatic="false" isGetter="false" isSetter="false">
              <Summary numSequencePoints="4" visitedSequencePoints="0" numBranchPoints="1" visitedBranchPoints="0" sequenceCoverage="0" branchCoverage="0" maxCyclomaticComplexity="1" minCyclomaticComplexity="1" />
              <MetadataToken>100663315</MetadataToken>
              <Name>System.Void Test.ProcessInfoTest::.ctor()</Name>
              <FileRef uid="5" />
              <SequencePoints>
                <SequencePoint vc="0" uspid="198" ordinal="0" offset="0" sl="16" sc="3" el="16" ec="32" bec="0" bev="0" fileid="5" />
                <SequencePoint vc="0" uspid="199" ordinal="1" offset="7" sl="17" sc="3" el="17" ec="41" bec="0" bev="0" fileid="5" />
                <SequencePoint vc="0" uspid="200" ordinal="2" offset="18" sl="18" sc="3" el="18" ec="24" bec="0" bev="0" fileid="5" />
                <SequencePoint vc="0" uspid="201" ordinal="3" offset="25" sl="19" sc="3" el="19" ec="56" bec="0" bev="0" fileid="5" />
              </SequencePoints>
              <BranchPoints />
              <MethodPoint xsi:type="SequencePoint" vc="0" uspid="198" ordinal="0" offset="0" sl="16" sc="3" el="16" ec="32" bec="0" bev="0" fileid="5" />
            </Method>
            <Method visited="false" cyclomaticComplexity="1" sequenceCoverage="0" branchCoverage="0" isConstructor="false" isStatic="true" isGetter="false" isSetter="false">
              <Summary numSequencePoints="1" visitedSequencePoints="0" numBranchPoints="1" visitedBranchPoints="0" sequenceCoverage="0" branchCoverage="0" maxCyclomaticComplexity="1" minCyclomaticComplexity="1" />
              <MetadataToken>100663316</MetadataToken>
              <Name>System.String Test.ProcessInfoTest::&lt;test2&gt;b__0(System.Diagnostics.PerformanceCounter)</Name>
              <FileRef uid="5" />
              <SequencePoints>
                <SequencePoint vc="0" uspid="202" ordinal="0" offset="0" sl="73" sc="107" el="73" ec="120" bec="0" bev="0" fileid="5" />
              </SequencePoints>
              <BranchPoints />
              <MethodPoint xsi:type="SequencePoint" vc="0" uspid="202" ordinal="0" offset="0" sl="73" sc="107" el="73" ec="120" bec="0" bev="0" fileid="5" />
            </Method>
          </Methods>
        </Class>
      </Classes>
    </Module>
    <Module skippedDueTo="MissingPdb" hash="A2-D0-DB-C9-20-FB-37-90-D4-D6-25-E5-C4-7B-E0-42-CA-32-C0-51">
      <FullName>C:\Users\kouzm\AppData\Local\Temp\nunit20\ShadowCopyCache\820_639105700167623825\Tests_113580093\assembly\dl3\38b4c588\9c77217c_00bfdc01\nunit.framework.dll</FullName>
      <ModuleName>nunit.framework</ModuleName>
      <Classes />
    </Module>
    <Module hash="52-AF-A2-4B-94-5E-52-89-79-C1-A6-F8-ED-3E-28-9C-6D-41-57-BC">
      <Summary numSequencePoints="1416" visitedSequencePoints="12" numBranchPoints="740" visitedBranchPoints="5" sequenceCoverage="0.85" branchCoverage="0.68" maxCyclomaticComplexity="43" minCyclomaticComplexity="1" />
      <FullName>C:\Users\kouzm\AppData\Local\Temp\nunit20\ShadowCopyCache\820_639105700167623825\Tests_113580093\assembly\dl3\890eb947\0afcbaac_44c1dc01\Utils.dll</FullName>
      <ModuleName>Utils</ModuleName>
      <Files>
        <File uid="11" fullPath="c:\developer\sergueik\powershell_samples\csharp\basic-countermonitor\Utils\CircularBuffer.cs" />
        <File uid="12" fullPath="c:\developer\sergueik\powershell_samples\csharp\basic-countermonitor\Utils\CsvWriter.cs" />
        <File uid="15" fullPath="c:\developer\sergueik\powershell_samples\csharp\basic-countermonitor\Utils\CsvReader.cs" />
        <File uid="16" fullPath="c:\developer\sergueik\powershell_samples\csharp\basic-countermonitor\Utils\CsvData.cs" />
        <File uid="19" fullPath="c:\developer\sergueik\powershell_samples\csharp\basic-countermonitor\Utils\EnvVars.cs" />
        <File uid="20" fullPath="c:\developer\sergueik\powershell_samples\csharp\basic-countermonitor\Utils\Data.cs" />
        <File uid="21" fullPath="c:\developer\sergueik\powershell_samples\csharp\basic-countermonitor\Utils\Extensions.cs" />
        <File uid="22" fullPath="c:\developer\sergueik\powershell_samples\csharp\basic-countermonitor\Utils\FileHelper.cs" />
        <File uid="23" fullPath="c:\developer\sergueik\powershell_samples\csharp\basic-countermonitor\Utils\JSONParser.cs" />
        <File uid="24" fullPath="c:\developer\sergueik\powershell_samples\csharp\basic-countermonitor\Utils\JSONWriter.cs" />
        <File uid="25" fullPath="c:\developer\sergueik\powershell_samples\csharp\basic-countermonitor\Utils\ProcessInfo.cs" />
      </Files>
      <Classes>
        <Class>
          <Summary numSequencePoints="0" visitedSequencePoints="0" numBranchPoints="0" visitedBranchPoints="0" sequenceCoverage="0" branchCoverage="0" maxCyclomaticComplexity="0" minCyclomaticComplexity="0" />
          <FullName>&lt;Module&gt;</FullName>
          <Methods />
        </Class>
        <Class>
          <Summary numSequencePoints="264" visitedSequencePoints="0" numBranchPoints="94" visitedBranchPoints="0" sequenceCoverage="0" branchCoverage="0" maxCyclomaticComplexity="7" minCyclomaticComplexity="1" />
          <FullName>Utils.CircularBuffer`1</FullName>
          <Methods>
            <Method visited="false" cyclomaticComplexity="4" sequenceCoverage="0" branchCoverage="0" isConstructor="false" isStatic="false" isGetter="true" isSetter="false">
              <Summary numSequencePoints="14" visitedSequencePoints="0" numBranchPoints="7" visitedBranchPoints="0" sequenceCoverage="0" branchCoverage="0" maxCyclomaticComplexity="4" minCyclomaticComplexity="4" />
              <MetadataToken>100663312</MetadataToken>
              <Name>T Utils.CircularBuffer`1::get_Item(System.Int32)</Name>
              <FileRef uid="11" />
              <SequencePoints>
                <SequencePoint vc="0" uspid="203" ordinal="0" offset="0" sl="159" sc="7" el="159" ec="8" bec="0" bev="0" fileid="11" />
                <SequencePoint vc="0" uspid="204" ordinal="1" offset="1" sl="160" sc="4" el="160" ec="36" bec="4" bev="0" fileid="11" />
                <SequencePoint vc="0" uspid="205" ordinal="2" offset="25" sl="160" sc="37" el="160" ec="38" bec="0" bev="0" fileid="11" />
                <SequencePoint vc="0" uspid="206" ordinal="3" offset="26" sl="161" sc="5" el="161" ec="28" bec="0" bev="0" fileid="11" />
                <SequencePoint vc="0" uspid="207" ordinal="4" offset="33" sl="162" sc="10" el="162" ec="32" bec="0" bev="0" fileid="11" />
                <SequencePoint vc="0" uspid="208" ordinal="5" offset="37" sl="162" sc="69" el="162" ec="70" bec="0" bev="0" fileid="11" />
                <SequencePoint vc="0" uspid="209" ordinal="6" offset="38" sl="163" sc="6" el="163" ec="41" bec="0" bev="0" fileid="11" />
                <SequencePoint vc="0" uspid="210" ordinal="7" offset="46" sl="164" sc="5" el="164" ec="6" bec="0" bev="0" fileid="11" />
                <SequencePoint vc="0" uspid="211" ordinal="8" offset="47" sl="162" sc="54" el="162" ec="67" bec="0" bev="0" fileid="11" />
                <SequencePoint vc="0" uspid="212" ordinal="9" offset="51" sl="162" sc="33" el="162" ec="52" bec="2" bev="0" fileid="11" />
                <SequencePoint vc="0" uspid="213" ordinal="10" offset="59" sl="165" sc="5" el="165" ec="28" bec="0" bev="0" fileid="11" />
                <SequencePoint vc="0" uspid="214" ordinal="11" offset="74" sl="166" sc="11" el="166" ec="12" bec="0" bev="0" fileid="11" />
                <SequencePoint vc="0" uspid="215" ordinal="12" offset="75" sl="167" sc="5" el="167" ec="42" bec="0" bev="0" fileid="11" />
                <SequencePoint vc="0" uspid="216" ordinal="13" offset="86" sl="169" sc="3" el="169" ec="4" bec="0" bev="0" fileid="11" />
              </SequencePoints>
              <BranchPoints>
                <BranchPoint vc="0" uspid="217" ordinal="0" offset="3" path="0" offsetchain="" offsetend="5" />
                <BranchPoint vc="0" uspid="218" ordinal="1" offset="3" path="1" offsetchain="" offsetend="19" />
                <BranchPoint vc="0" uspid="219" ordinal="2" offset="23" path="0" offsetchain="" offsetend="25" />
                <BranchPoint vc="0" uspid="220" ordinal="3" offset="23" path="1" offsetchain="" offsetend="74" />
                <BranchPoint vc="0" uspid="221" ordinal="4" offset="57" path="0" offsetchain="" offsetend="59" />
                <BranchPoint vc="0" uspid="222" ordinal="5" offset="57" path="1" offsetchain="" offsetend="37" />
              </BranchPoints>
              <MethodPoint xsi:type="SequencePoint" vc="0" uspid="203" ordinal="0" offset="0" sl="159" sc="7" el="159" ec="8" bec="0" bev="0" fileid="11" />
            </Method>
            <Method visited="false" cyclomaticComplexity="4" sequenceCoverage="0" branchCoverage="0" isConstructor="false" isStatic="false" isGetter="false" isSetter="true">
              <Summary numSequencePoints="15" visitedSequencePoints="0" numBranchPoints="7" visitedBranchPoints="0" sequenceCoverage="0" branchCoverage="0" maxCyclomaticComplexity="4" minCyclomaticComplexity="4" />
              <MetadataToken>100663313</MetadataToken>
              <Name>System.Void Utils.CircularBuffer`1::set_Item(System.Int32,T)</Name>
              <FileRef uid="11" />
              <SequencePoints>
                <SequencePoint vc="0" uspid="223" ordinal="0" offset="0" sl="170" sc="7" el="170" ec="8" bec="0" bev="0" fileid="11" />
                <SequencePoint vc="0" uspid="224" ordinal="1" offset="1" sl="171" sc="4" el="171" ec="37" bec="4" bev="0" fileid="11" />
                <SequencePoint vc="0" uspid="225" ordinal="2" offset="22" sl="171" sc="38" el="171" ec="39" bec="0" bev="0" fileid="11" />
                <SequencePoint vc="0" uspid="226" ordinal="3" offset="23" sl="172" sc="5" el="172" ec="28" bec="0" bev="0" fileid="11" />
                <SequencePoint vc="0" uspid="227" ordinal="4" offset="30" sl="173" sc="10" el="173" ec="32" bec="0" bev="0" fileid="11" />
                <SequencePoint vc="0" uspid="228" ordinal="5" offset="34" sl="173" sc="69" el="173" ec="70" bec="0" bev="0" fileid="11" />
                <SequencePoint vc="0" uspid="229" ordinal="6" offset="35" sl="174" sc="6" el="174" ec="16" bec="0" bev="0" fileid="11" />
                <SequencePoint vc="0" uspid="230" ordinal="7" offset="39" sl="175" sc="5" el="175" ec="6" bec="0" bev="0" fileid="11" />
                <SequencePoint vc="0" uspid="231" ordinal="8" offset="40" sl="173" sc="54" el="173" ec="67" bec="0" bev="0" fileid="11" />
                <SequencePoint vc="0" uspid="232" ordinal="9" offset="44" sl="173" sc="33" el="173" ec="52" bec="2" bev="0" fileid="11" />
                <SequencePoint vc="0" uspid="233" ordinal="10" offset="52" sl="176" sc="5" el="176" ec="29" bec="0" bev="0" fileid="11" />
                <SequencePoint vc="0" uspid="234" ordinal="11" offset="65" sl="177" sc="4" el="177" ec="5" bec="0" bev="0" fileid="11" />
                <SequencePoint vc="0" uspid="235" ordinal="12" offset="68" sl="177" sc="11" el="177" ec="12" bec="0" bev="0" fileid="11" />
                <SequencePoint vc="0" uspid="236" ordinal="13" offset="69" sl="178" sc="5" el="178" ec="42" bec="0" bev="0" fileid="11" />
                <SequencePoint vc="0" uspid="237" ordinal="14" offset="80" sl="180" sc="3" el="180" ec="4" bec="0" bev="0" fileid="11" />
              </SequencePoints>
              <BranchPoints>
                <BranchPoint vc="0" uspid="238" ordinal="0" offset="3" path="0" offsetchain="" offsetend="5" />
                <BranchPoint vc="0" uspid="239" ordinal="1" offset="3" path="1" offsetchain="" offsetend="16" />
                <BranchPoint vc="0" uspid="240" ordinal="2" offset="20" path="0" offsetchain="" offsetend="22" />
                <BranchPoint vc="0" uspid="241" ordinal="3" offset="20" path="1" offsetchain="" offsetend="68" />
                <BranchPoint vc="0" uspid="242" ordinal="4" offset="50" path="0" offsetchain="" offsetend="52" />
                <BranchPoint vc="0" uspid="243" ordinal="5" offset="50" path="1" offsetchain="" offsetend="34" />
              </BranchPoints>
              <MethodPoint xsi:type="SequencePoint" vc="0" uspid="223" ordinal="0" offset="0" sl="170" sc="7" el="170" ec="8" bec="0" bev="0" fileid="11" />
            </Method>
            <Method visited="false" cyclomaticComplexity="1" sequenceCoverage="0" branchCoverage="0" isConstructor="false" isStatic="false" isGetter="true" isSetter="false">
              <Summary numSequencePoints="3" visitedSequencePoints="0" numBranchPoints="1" visitedBranchPoints="0" sequenceCoverage="0" branchCoverage="0" maxCyclomaticComplexity="1" minCyclomaticComplexity="1" />
              <MetadataToken>100663317</MetadataToken>
              <Name>System.Int32 Utils.CircularBuffer`1::get_Start()</Name>
              <FileRef uid="11" />
              <SequencePoints>
                <SequencePoint vc="0" uspid="244" ordinal="0" offset="0" sl="210" sc="7" el="210" ec="8" bec="0" bev="0" fileid="11" />
                <SequencePoint vc="0" uspid="245" ordinal="1" offset="1" sl="211" sc="4" el="211" ec="18" bec="0" bev="0" fileid="11" />
                <SequencePoint vc="0" uspid="246" ordinal="2" offset="10" sl="212" sc="3" el="212" ec="4" bec="0" bev="0" fileid="11" />
              </SequencePoints>
              <BranchPoints />
              <MethodPoint xsi:type="SequencePoint" vc="0" uspid="244" ordinal="0" offset="0" sl="210" sc="7" el="210" ec="8" bec="0" bev="0" fileid="11" />
            </Method>
            <Method visited="false" cyclomaticComplexity="3" sequenceCoverage="0" branchCoverage="0" isConstructor="false" isStatic="false" isGetter="false" isSetter="true">
              <Summary numSequencePoints="8" visitedSequencePoints="0" numBranchPoints="5" visitedBranchPoints="0" sequenceCoverage="0" branchCoverage="0" maxCyclomaticComplexity="3" minCyclomaticComplexity="3" />
              <MetadataToken>100663316</MetadataToken>
              <Name>System.Void Utils.CircularBuffer`1::set_Start(System.Int32)</Name>
              <FileRef uid="11" />
              <SequencePoints>
                <SequencePoint vc="0" uspid="247" ordinal="0" offset="0" sl="203" sc="7" el="203" ec="8" bec="0" bev="0" fileid="11" />
                <SequencePoint vc="0" uspid="248" ordinal="1" offset="1" sl="204" sc="4" el="204" ec="44" bec="4" bev="0" fileid="11" />
                <SequencePoint vc="0" uspid="249" ordinal="2" offset="27" sl="204" sc="45" el="204" ec="46" bec="0" bev="0" fileid="11" />
                <SequencePoint vc="0" uspid="250" ordinal="3" offset="28" sl="205" sc="5" el="205" ec="20" bec="0" bev="0" fileid="11" />
                <SequencePoint vc="0" uspid="251" ordinal="4" offset="35" sl="206" sc="4" el="206" ec="5" bec="0" bev="0" fileid="11" />
                <SequencePoint vc="0" uspid="252" ordinal="5" offset="38" sl="206" sc="11" el="206" ec="12" bec="0" bev="0" fileid="11" />
                <SequencePoint vc="0" uspid="253" ordinal="6" offset="39" sl="207" sc="5" el="207" ec="48" bec="0" bev="0" fileid="11" />
                <SequencePoint vc="0" uspid="254" ordinal="7" offset="50" sl="209" sc="3" el="209" ec="4" bec="0" bev="0" fileid="11" />
              </SequencePoints>
              <BranchPoints>
                <BranchPoint vc="0" uspid="255" ordinal="0" offset="3" path="0" offsetchain="" offsetend="5" />
                <BranchPoint vc="0" uspid="256" ordinal="1" offset="3" path="1" offsetchain="" offsetend="21" />
                <BranchPoint vc="0" uspid="257" ordinal="2" offset="25" path="0" offsetchain="" offsetend="27" />
                <BranchPoint vc="0" uspid="258" ordinal="3" offset="25" path="1" offsetchain="" offsetend="38" />
              </BranchPoints>
              <MethodPoint xsi:type="SequencePoint" vc="0" uspid="247" ordinal="0" offset="0" sl="203" sc="7" el="203" ec="8" bec="0" bev="0" fileid="11" />
            </Method>
            <Method visited="false" cyclomaticComplexity="1" sequenceCoverage="0" branchCoverage="0" isConstructor="false" isStatic="false" isGetter="true" isSetter="false">
              <Summary numSequencePoints="3" visitedSequencePoints="0" numBranchPoints="1" visitedBranchPoints="0" sequenceCoverage="0" branchCoverage="0" maxCyclomaticComplexity="1" minCyclomaticComplexity="1" />
              <MetadataToken>100663319</MetadataToken>
              <Name>System.Int32 Utils.CircularBuffer`1::get_End()</Name>
              <FileRef uid="11" />
              <SequencePoints>
                <SequencePoint vc="0" uspid="259" ordinal="0" offset="0" sl="223" sc="7" el="223" ec="8" bec="0" bev="0" fileid="11" />
                <SequencePoint vc="0" uspid="260" ordinal="1" offset="1" sl="224" sc="4" el="224" ec="16" bec="0" bev="0" fileid="11" />
                <SequencePoint vc="0" uspid="261" ordinal="2" offset="10" sl="225" sc="3" el="225" ec="4" bec="0" bev="0" fileid="11" />
              </SequencePoints>
              <BranchPoints />
              <MethodPoint xsi:type="SequencePoint" vc="0" uspid="259" ordinal="0" offset="0" sl="223" sc="7" el="223" ec="8" bec="0" bev="0" fileid="11" />
            </Method>
            <Method visited="false" cyclomaticComplexity="3" sequenceCoverage="0" branchCoverage="0" isConstructor="false" isStatic="false" isGetter="false" isSetter="true">
              <Summary numSequencePoints="8" visitedSequencePoints="0" numBranchPoints="5" visitedBranchPoints="0" sequenceCoverage="0" branchCoverage="0" maxCyclomaticComplexity="3" minCyclomaticComplexity="3" />
              <MetadataToken>100663318</MetadataToken>
              <Name>System.Void Utils.CircularBuffer`1::set_End(System.Int32)</Name>
              <FileRef uid="11" />
              <SequencePoints>
                <SequencePoint vc="0" uspid="262" ordinal="0" offset="0" sl="216" sc="7" el="216" ec="8" bec="0" bev="0" fileid="11" />
                <SequencePoint vc="0" uspid="263" ordinal="1" offset="1" sl="217" sc="4" el="217" ec="44" bec="4" bev="0" fileid="11" />
                <SequencePoint vc="0" uspid="264" ordinal="2" offset="27" sl="217" sc="45" el="217" ec="46" bec="0" bev="0" fileid="11" />
                <SequencePoint vc="0" uspid="265" ordinal="3" offset="28" sl="218" sc="5" el="218" ec="18" bec="0" bev="0" fileid="11" />
                <SequencePoint vc="0" uspid="266" ordinal="4" offset="35" sl="219" sc="4" el="219" ec="5" bec="0" bev="0" fileid="11" />
                <SequencePoint vc="0" uspid="267" ordinal="5" offset="38" sl="219" sc="11" el="219" ec="12" bec="0" bev="0" fileid="11" />
                <SequencePoint vc="0" uspid="268" ordinal="6" offset="39" sl="220" sc="5" el="220" ec="48" bec="0" bev="0" fileid="11" />
                <SequencePoint vc="0" uspid="269" ordinal="7" offset="50" sl="222" sc="3" el="222" ec="4" bec="0" bev="0" fileid="11" />
              </SequencePoints>
              <BranchPoints>
                <BranchPoint vc="0" uspid="270" ordinal="0" offset="3" path="0" offsetchain="" offsetend="5" />
                <BranchPoint vc="0" uspid="271" ordinal="1" offset="3" path="1" offsetchain="" offsetend="21" />
                <BranchPoint vc="0" uspid="272" ordinal="2" offset="25" path="0" offsetchain="" offsetend="27" />
                <BranchPoint vc="0" uspid="273" ordinal="3" offset="25" path="1" offsetchain="" offsetend="38" />
              </BranchPoints>
              <MethodPoint xsi:type="SequencePoint" vc="0" uspid="262" ordinal="0" offset="0" sl="216" sc="7" el="216" ec="8" bec="0" bev="0" fileid="11" />
            </Method>
            <Method visited="false" cyclomaticComplexity="1" sequenceCoverage="0" branchCoverage="0" isConstructor="false" isStatic="false" isGetter="true" isSetter="false">
              <Summary numSequencePoints="3" visitedSequencePoints="0" numBranchPoints="1" visitedBranchPoints="0" sequenceCoverage="0" branchCoverage="0" maxCyclomaticComplexity="1" minCyclomaticComplexity="1" />
              <MetadataToken>100663320</MetadataToken>
              <Name>System.Int32 Utils.CircularBuffer`1::get_Size()</Name>
              <FileRef uid="11" />
              <SequencePoints>
                <SequencePoint vc="0" uspid="274" ordinal="0" offset="0" sl="229" sc="7" el="229" ec="8" bec="0" bev="0" fileid="11" />
                <SequencePoint vc="0" uspid="275" ordinal="1" offset="1" sl="230" sc="4" el="230" ec="17" bec="0" bev="0" fileid="11" />
                <SequencePoint vc="0" uspid="276" ordinal="2" offset="10" sl="231" sc="3" el="231" ec="4" bec="0" bev="0" fileid="11" />
              </SequencePoints>
              <BranchPoints />
              <MethodPoint xsi:type="SequencePoint" vc="0" uspid="274" ordinal="0" offset="0" sl="229" sc="7" el="229" ec="8" bec="0" bev="0" fileid="11" />
            </Method>
            <Method visited="false" cyclomaticComplexity="1" sequenceCoverage="0" branchCoverage="0" isConstructor="false" isStatic="false" isGetter="true" isSetter="false">
              <Summary numSequencePoints="3" visitedSequencePoints="0" numBranchPoints="1" visitedBranchPoints="0" sequenceCoverage="0" branchCoverage="0" maxCyclomaticComplexity="1" minCyclomaticComplexity="1" />
              <MetadataToken>100663322</MetadataToken>
              <Name>System.Int32 Utils.CircularBuffer`1::get_Capacity()</Name>
              <FileRef uid="11" />
              <SequencePoints>
                <SequencePoint vc="0" uspid="277" ordinal="0" offset="0" sl="238" sc="7" el="238" ec="8" bec="0" bev="0" fileid="11" />
                <SequencePoint vc="0" uspid="278" ordinal="1" offset="1" sl="239" sc="4" el="239" ec="25" bec="0" bev="0" fileid="11" />
                <SequencePoint vc="0" uspid="279" ordinal="2" offset="12" sl="240" sc="3" el="240" ec="4" bec="0" bev="0" fileid="11" />
              </SequencePoints>
              <BranchPoints />
              <MethodPoint xsi:type="SequencePoint" vc="0" uspid="277" ordinal="0" offset="0" sl="238" sc="7" el="238" ec="8" bec="0" bev="0" fileid="11" />
            </Method>
            <Method visited="false" cyclomaticComplexity="1" sequenceCoverage="0" branchCoverage="0" isConstructor="false" isStatic="false" isGetter="false" isSetter="true">
              <Summary numSequencePoints="3" visitedSequencePoints="0" numBranchPoints="1" visitedBranchPoints="0" sequenceCoverage="0" branchCoverage="0" maxCyclomaticComplexity="1" minCyclomaticComplexity="1" />
              <MetadataToken>100663321</MetadataToken>
              <Name>System.Void Utils.CircularBuffer`1::set_Capacity(System.Int32)</Name>
              <FileRef uid="11" />
              <SequencePoints>
                <SequencePoint vc="0" uspid="280" ordinal="0" offset="0" sl="235" sc="7" el="235" ec="8" bec="0" bev="0" fileid="11" />
                <SequencePoint vc="0" uspid="281" ordinal="1" offset="1" sl="236" sc="4" el="236" ec="18" bec="0" bev="0" fileid="11" />
                <SequencePoint vc="0" uspid="282" ordinal="2" offset="9" sl="237" sc="3" el="237" ec="4" bec="0" bev="0" fileid="11" />
              </SequencePoints>
              <BranchPoints />
              <MethodPoint xsi:type="SequencePoint" vc="0" uspid="280" ordinal="0" offset="0" sl="235" sc="7" el="235" ec="8" bec="0" bev="0" fileid="11" />
            </Method>
            <Method visited="false" cyclomaticComplexity="1" sequenceCoverage="0" branchCoverage="0" isConstructor="false" isStatic="false" isGetter="true" isSetter="false">
              <Summary numSequencePoints="3" visitedSequencePoints="0" numBranchPoints="1" visitedBranchPoints="0" sequenceCoverage="0" branchCoverage="0" maxCyclomaticComplexity="1" minCyclomaticComplexity="1" />
              <MetadataToken>100663324</MetadataToken>
              <Name>System.Boolean Utils.CircularBuffer`1::get_IsDynamic()</Name>
              <FileRef uid="11" />
              <SequencePoints>
                <SequencePoint vc="0" uspid="283" ordinal="0" offset="0" sl="247" sc="7" el="247" ec="8" bec="0" bev="0" fileid="11" />
                <SequencePoint vc="0" uspid="284" ordinal="1" offset="1" sl="248" sc="4" el="248" ec="22" bec="0" bev="0" fileid="11" />
                <SequencePoint vc="0" uspid="285" ordinal="2" offset="10" sl="249" sc="3" el="249" ec="4" bec="0" bev="0" fileid="11" />
              </SequencePoints>
              <BranchPoints />
              <MethodPoint xsi:type="SequencePoint" vc="0" uspid="283" ordinal="0" offset="0" sl="247" sc="7" el="247" ec="8" bec="0" bev="0" fileid="11" />
            </Method>
            <Method visited="false" cyclomaticComplexity="1" sequenceCoverage="0" branchCoverage="0" isConstructor="false" isStatic="false" isGetter="false" isSetter="true">
              <Summary numSequencePoints="3" visitedSequencePoints="0" numBranchPoints="1" visitedBranchPoints="0" sequenceCoverage="0" branchCoverage="0" maxCyclomaticComplexity="1" minCyclomaticComplexity="1" />
              <MetadataToken>100663323</MetadataToken>
              <Name>System.Void Utils.CircularBuffer`1::set_IsDynamic(System.Boolean)</Name>
              <FileRef uid="11" />
              <SequencePoints>
                <SequencePoint vc="0" uspid="286" ordinal="0" offset="0" sl="244" sc="7" el="244" ec="8" bec="0" bev="0" fileid="11" />
                <SequencePoint vc="0" uspid="287" ordinal="1" offset="1" sl="245" sc="4" el="245" ec="23" bec="0" bev="0" fileid="11" />
                <SequencePoint vc="0" uspid="288" ordinal="2" offset="8" sl="246" sc="3" el="246" ec="4" bec="0" bev="0" fileid="11" />
              </SequencePoints>
              <BranchPoints />
              <MethodPoint xsi:type="SequencePoint" vc="0" uspid="286" ordinal="0" offset="0" sl="244" sc="7" el="244" ec="8" bec="0" bev="0" fileid="11" />
            </Method>
            <Method visited="false" cyclomaticComplexity="1" sequenceCoverage="0" branchCoverage="0" isConstructor="false" isStatic="false" isGetter="true" isSetter="false">
              <Summary numSequencePoints="3" visitedSequencePoints="0" numBranchPoints="1" visitedBranchPoints="0" sequenceCoverage="0" branchCoverage="0" maxCyclomaticComplexity="1" minCyclomaticComplexity="1" />
              <MetadataToken>100663326</MetadataToken>
              <Name>System.Boolean Utils.CircularBuffer`1::get_IsInfinite()</Name>
              <FileRef uid="11" />
              <SequencePoints>
                <SequencePoint vc="0" uspid="289" ordinal="0" offset="0" sl="256" sc="7" el="256" ec="8" bec="0" bev="0" fileid="11" />
                <SequencePoint vc="0" uspid="290" ordinal="1" offset="1" sl="257" sc="4" el="257" ec="23" bec="0" bev="0" fileid="11" />
                <SequencePoint vc="0" uspid="291" ordinal="2" offset="10" sl="258" sc="3" el="258" ec="4" bec="0" bev="0" fileid="11" />
              </SequencePoints>
              <BranchPoints />
              <MethodPoint xsi:type="SequencePoint" vc="0" uspid="289" ordinal="0" offset="0" sl="256" sc="7" el="256" ec="8" bec="0" bev="0" fileid="11" />
            </Method>
            <Method visited="false" cyclomaticComplexity="1" sequenceCoverage="0" branchCoverage="0" isConstructor="false" isStatic="false" isGetter="false" isSetter="true">
              <Summary numSequencePoints="3" visitedSequencePoints="0" numBranchPoints="1" visitedBranchPoints="0" sequenceCoverage="0" branchCoverage="0" maxCyclomaticComplexity="1" minCyclomaticComplexity="1" />
              <MetadataToken>100663325</MetadataToken>
              <Name>System.Void Utils.CircularBuffer`1::set_IsInfinite(System.Boolean)</Name>
              <FileRef uid="11" />
              <SequencePoints>
                <SequencePoint vc="0" uspid="292" ordinal="0" offset="0" sl="253" sc="7" el="253" ec="8" bec="0" bev="0" fileid="11" />
                <SequencePoint vc="0" uspid="293" ordinal="1" offset="1" sl="254" sc="4" el="254" ec="24" bec="0" bev="0" fileid="11" />
[...]
                <SequencePoint vc="0" uspid="2125" ordinal="150" offset="1695" sl="169" sc="5" el="169" ec="31" bec="0" bev="0" fileid="24" />
                <SequencePoint vc="0" uspid="2126" ordinal="151" offset="1704" sl="170" sc="4" el="170" ec="5" bec="0" bev="0" fileid="24" />
                <SequencePoint vc="0" uspid="2127" ordinal="152" offset="1705" sl="171" sc="3" el="171" ec="4" bec="0" bev="0" fileid="24" />
              </SequencePoints>
              <BranchPoints>
                <BranchPoint vc="0" uspid="2128" ordinal="0" offset="12" path="0" offsetchain="" offsetend="14" />
                <BranchPoint vc="0" uspid="2129" ordinal="1" offset="12" path="1" offsetchain="" offsetend="32" />
                <BranchPoint vc="0" uspid="2130" ordinal="2" offset="55" path="0" offsetchain="" offsetend="57" />
                <BranchPoint vc="0" uspid="2131" ordinal="3" offset="55" path="1" offsetchain="" offsetend="78" />
                <BranchPoint vc="0" uspid="2132" ordinal="4" offset="84" path="0" offsetchain="" offsetend="89" />
                <BranchPoint vc="0" uspid="2133" ordinal="5" offset="84" path="1" offsetchain="" offsetend="295" />
                <BranchPoint vc="0" uspid="2134" ordinal="6" offset="122" path="0" offsetchain="" offsetend="124" />
                <BranchPoint vc="0" uspid="2135" ordinal="7" offset="122" path="1" offsetchain="" offsetend="151" />
                <BranchPoint vc="0" uspid="2136" ordinal="8" offset="133" path="0" offsetchain="" offsetend="135" />
                <BranchPoint vc="0" uspid="2137" ordinal="9" offset="133" path="1" offsetchain="" offsetend="151" />
                <BranchPoint vc="0" uspid="2138" ordinal="10" offset="157" path="0" offsetchain="" offsetend="159" />
                <BranchPoint vc="0" uspid="2139" ordinal="11" offset="157" path="1" offsetchain="" offsetend="244" />
                <BranchPoint vc="0" uspid="2140" ordinal="12" offset="195" path="0" offsetchain="" offsetend="197" />
                <BranchPoint vc="0" uspid="2141" ordinal="13" offset="195" path="1" offsetchain="" offsetend="217" />
                <BranchPoint vc="0" uspid="2142" ordinal="14" offset="275" path="0" offsetchain="" offsetend="280" />
                <BranchPoint vc="0" uspid="2143" ordinal="15" offset="275" path="1" offsetchain="" offsetend="113" />
                <BranchPoint vc="0" uspid="2144" ordinal="16" offset="311" path="0" offsetchain="" offsetend="313" />
                <BranchPoint vc="0" uspid="2145" ordinal="17" offset="311" path="1" offsetchain="" offsetend="334" />
                <BranchPoint vc="0" uspid="2146" ordinal="18" offset="340" path="0" offsetchain="" offsetend="342" />
                <BranchPoint vc="0" uspid="2147" ordinal="19" offset="340" path="1" offsetchain="" offsetend="362" />
                <BranchPoint vc="0" uspid="2148" ordinal="20" offset="378" path="0" offsetchain="" offsetend="380" />
                <BranchPoint vc="0" uspid="2149" ordinal="21" offset="378" path="1" offsetchain="" offsetend="401" />
                <BranchPoint vc="0" uspid="2150" ordinal="22" offset="407" path="0" offsetchain="" offsetend="409" />
                <BranchPoint vc="0" uspid="2151" ordinal="23" offset="407" path="1" offsetchain="" offsetend="429" />
                <BranchPoint vc="0" uspid="2152" ordinal="24" offset="445" path="0" offsetchain="" offsetend="447" />
                <BranchPoint vc="0" uspid="2153" ordinal="25" offset="445" path="1" offsetchain="" offsetend="468" />
                <BranchPoint vc="0" uspid="2154" ordinal="26" offset="474" path="0" offsetchain="" offsetend="476" />
                <BranchPoint vc="0" uspid="2155" ordinal="27" offset="474" path="1" offsetchain="" offsetend="496" />
                <BranchPoint vc="0" uspid="2156" ordinal="28" offset="512" path="0" offsetchain="" offsetend="514" />
                <BranchPoint vc="0" uspid="2157" ordinal="29" offset="512" path="1" offsetchain="" offsetend="535" />
                <BranchPoint vc="0" uspid="2158" ordinal="30" offset="541" path="0" offsetchain="" offsetend="543" />
                <BranchPoint vc="0" uspid="2159" ordinal="31" offset="541" path="1" offsetchain="" offsetend="563" />
                <BranchPoint vc="0" uspid="2160" ordinal="32" offset="586" path="0" offsetchain="" offsetend="588" />
                <BranchPoint vc="0" uspid="2161" ordinal="33" offset="586" path="1" offsetchain="" offsetend="622" />
                <BranchPoint vc="0" uspid="2162" ordinal="34" offset="645" path="0" offsetchain="" offsetend="647" />
                <BranchPoint vc="0" uspid="2163" ordinal="35" offset="645" path="1" offsetchain="" offsetend="681" />
                <BranchPoint vc="0" uspid="2164" ordinal="36" offset="704" path="0" offsetchain="" offsetend="706" />
                <BranchPoint vc="0" uspid="2165" ordinal="37" offset="704" path="1" offsetchain="" offsetend="740" />
                <BranchPoint vc="0" uspid="2166" ordinal="38" offset="763" path="0" offsetchain="" offsetend="765" />
                <BranchPoint vc="0" uspid="2167" ordinal="39" offset="763" path="1" offsetchain="" offsetend="800" />
                <BranchPoint vc="0" uspid="2168" ordinal="40" offset="773" path="0" offsetchain="" offsetend="775" />
                <BranchPoint vc="0" uspid="2169" ordinal="41" offset="773" path="1" offsetchain="" offsetend="782" />
                <BranchPoint vc="0" uspid="2170" ordinal="42" offset="823" path="0" offsetchain="" offsetend="825" />
                <BranchPoint vc="0" uspid="2171" ordinal="43" offset="823" path="1" offsetchain="" offsetend="877" />
                <BranchPoint vc="0" uspid="2172" ordinal="44" offset="890" path="0" offsetchain="" offsetend="892" />
                <BranchPoint vc="0" uspid="2173" ordinal="45" offset="890" path="1" offsetchain="" offsetend="930" />
                <BranchPoint vc="0" uspid="2174" ordinal="46" offset="946" path="0" offsetchain="" offsetend="948" />
                <BranchPoint vc="0" uspid="2175" ordinal="47" offset="946" path="1" offsetchain="" offsetend="1050" />
                <BranchPoint vc="0" uspid="2176" ordinal="48" offset="983" path="0" offsetchain="" offsetend="985" />
                <BranchPoint vc="0" uspid="2177" ordinal="49" offset="983" path="1" offsetchain="" offsetend="990" />
                <BranchPoint vc="0" uspid="2178" ordinal="50" offset="1033" path="0" offsetchain="" offsetend="1035" />
                <BranchPoint vc="0" uspid="2179" ordinal="51" offset="1033" path="1" offsetchain="" offsetend="973" />
                <BranchPoint vc="0" uspid="2180" ordinal="52" offset="1056" path="0" offsetchain="" offsetend="1058" />
                <BranchPoint vc="0" uspid="2181" ordinal="53" offset="1056" path="1" offsetchain="" offsetend="1084" />
                <BranchPoint vc="0" uspid="2182" ordinal="54" offset="1090" path="0" offsetchain="" offsetend="1095" />
                <BranchPoint vc="0" uspid="2183" ordinal="55" offset="1090" path="1" offsetchain="" offsetend="1334" />
                <BranchPoint vc="0" uspid="2184" ordinal="56" offset="1130" path="0" offsetchain="" offsetend="1132" />
                <BranchPoint vc="0" uspid="2185" ordinal="57" offset="1130" path="1" offsetchain="" offsetend="1150" />
                <BranchPoint vc="0" uspid="2186" ordinal="58" offset="1206" path="0" offsetchain="" offsetend="1208" />
                <BranchPoint vc="0" uspid="2187" ordinal="59" offset="1206" path="1" offsetchain="" offsetend="1213" />
                <BranchPoint vc="0" uspid="2188" ordinal="60" offset="1285" path="0" offsetchain="" offsetend="1287" />
                <BranchPoint vc="0" uspid="2189" ordinal="61" offset="1285" path="1" offsetchain="" offsetend="1187" />
                <BranchPoint vc="0" uspid="2190" ordinal="62" offset="1307" path="0" offsetchain="" offsetend="1309" />
                <BranchPoint vc="0" uspid="2191" ordinal="63" offset="1307" path="1" offsetchain="" offsetend="1317" />
                <BranchPoint vc="0" uspid="2192" ordinal="64" offset="1392" path="0" offsetchain="1394" offsetend="1493" />
                <BranchPoint vc="0" uspid="2193" ordinal="65" offset="1392" path="1" offsetchain="" offsetend="1396" />
                <BranchPoint vc="0" uspid="2194" ordinal="66" offset="1417" path="0" offsetchain="" offsetend="1419" />
                <BranchPoint vc="0" uspid="2195" ordinal="67" offset="1417" path="1" offsetchain="" offsetend="1492" />
                <BranchPoint vc="0" uspid="2196" ordinal="68" offset="1429" path="0" offsetchain="" offsetend="1431" />
                <BranchPoint vc="0" uspid="2197" ordinal="69" offset="1429" path="1" offsetchain="" offsetend="1436" />
                <BranchPoint vc="0" uspid="2198" ordinal="70" offset="1508" path="0" offsetchain="" offsetend="1513" />
                <BranchPoint vc="0" uspid="2199" ordinal="71" offset="1508" path="1" offsetchain="" offsetend="1364" />
                <BranchPoint vc="0" uspid="2200" ordinal="72" offset="1540" path="0" offsetchain="" offsetend="1542" />
                <BranchPoint vc="0" uspid="2201" ordinal="73" offset="1540" path="1" offsetchain="" offsetend="1567" />
                <BranchPoint vc="0" uspid="2202" ordinal="74" offset="1573" path="0" offsetchain="1575" offsetend="1675" />
                <BranchPoint vc="0" uspid="2203" ordinal="75" offset="1573" path="1" offsetchain="" offsetend="1577" />
                <BranchPoint vc="0" uspid="2204" ordinal="76" offset="1599" path="0" offsetchain="" offsetend="1601" />
                <BranchPoint vc="0" uspid="2205" ordinal="77" offset="1599" path="1" offsetchain="" offsetend="1674" />
                <BranchPoint vc="0" uspid="2206" ordinal="78" offset="1611" path="0" offsetchain="" offsetend="1613" />
                <BranchPoint vc="0" uspid="2207" ordinal="79" offset="1611" path="1" offsetchain="" offsetend="1618" />
                <BranchPoint vc="0" uspid="2208" ordinal="80" offset="1690" path="0" offsetchain="" offsetend="1695" />
                <BranchPoint vc="0" uspid="2209" ordinal="81" offset="1690" path="1" offsetchain="" offsetend="1530" />
              </BranchPoints>
              <MethodPoint xsi:type="SequencePoint" vc="0" uspid="1975" ordinal="0" offset="0" sl="35" sc="69" el="35" ec="70" bec="0" bev="0" fileid="24" />
            </Method>
            <Method visited="false" cyclomaticComplexity="3" sequenceCoverage="0" branchCoverage="0" isConstructor="false" isStatic="true" isGetter="false" isSetter="false">
              <Summary numSequencePoints="9" visitedSequencePoints="0" numBranchPoints="5" visitedBranchPoints="0" sequenceCoverage="0" branchCoverage="0" maxCyclomaticComplexity="3" minCyclomaticComplexity="3" />
              <MetadataToken>100663441</MetadataToken>
              <Name>System.String Utils.JSONWriter::GetMemberName(System.Reflection.MemberInfo)</Name>
              <FileRef uid="24" />
              <SequencePoints>
                <SequencePoint vc="0" uspid="2210" ordinal="0" offset="0" sl="173" sc="50" el="173" ec="51" bec="0" bev="0" fileid="24" />
                <SequencePoint vc="0" uspid="2211" ordinal="1" offset="1" sl="174" sc="4" el="174" ec="60" bec="2" bev="0" fileid="24" />
                <SequencePoint vc="0" uspid="2212" ordinal="2" offset="25" sl="174" sc="61" el="174" ec="62" bec="0" bev="0" fileid="24" />
                <SequencePoint vc="0" uspid="2213" ordinal="3" offset="26" sl="175" sc="5" el="175" ec="140" bec="0" bev="0" fileid="24" />
                <SequencePoint vc="0" uspid="2214" ordinal="4" offset="49" sl="176" sc="5" el="176" ec="57" bec="2" bev="0" fileid="24" />
                <SequencePoint vc="0" uspid="2215" ordinal="5" offset="64" sl="177" sc="6" el="177" ec="38" bec="0" bev="0" fileid="24" />
                <SequencePoint vc="0" uspid="2216" ordinal="6" offset="73" sl="178" sc="4" el="178" ec="5" bec="0" bev="0" fileid="24" />
                <SequencePoint vc="0" uspid="2217" ordinal="7" offset="74" sl="180" sc="4" el="180" ec="23" bec="0" bev="0" fileid="24" />
                <SequencePoint vc="0" uspid="2218" ordinal="8" offset="83" sl="181" sc="3" el="181" ec="4" bec="0" bev="0" fileid="24" />
              </SequencePoints>
              <BranchPoints>
                <BranchPoint vc="0" uspid="2219" ordinal="0" offset="23" path="0" offsetchain="" offsetend="25" />
                <BranchPoint vc="0" uspid="2220" ordinal="1" offset="23" path="1" offsetchain="" offsetend="74" />
                <BranchPoint vc="0" uspid="2221" ordinal="2" offset="62" path="0" offsetchain="" offsetend="64" />
                <BranchPoint vc="0" uspid="2222" ordinal="3" offset="62" path="1" offsetchain="" offsetend="73" />
              </BranchPoints>
              <MethodPoint xsi:type="SequencePoint" vc="0" uspid="2210" ordinal="0" offset="0" sl="173" sc="50" el="173" ec="51" bec="0" bev="0" fileid="24" />
            </Method>
            <Method visited="false" cyclomaticComplexity="1" sequenceCoverage="0" branchCoverage="0" isConstructor="false" isStatic="true" isGetter="false" isSetter="false">
              <Summary numSequencePoints="1" visitedSequencePoints="0" numBranchPoints="1" visitedBranchPoints="0" sequenceCoverage="0" branchCoverage="0" maxCyclomaticComplexity="1" minCyclomaticComplexity="1" />
              <MetadataToken>100663442</MetadataToken>
              <Name>K Utils.JSONWriter::&lt;HashtableToDictionary&gt;b__0(System.Collections.DictionaryEntry)</Name>
              <FileRef uid="24" />
              <SequencePoints>
                <SequencePoint vc="0" uspid="2223" ordinal="0" offset="0" sl="26" sc="61" el="26" ec="71" bec="0" bev="0" fileid="24" />
              </SequencePoints>
              <BranchPoints />
              <MethodPoint xsi:type="SequencePoint" vc="0" uspid="2223" ordinal="0" offset="0" sl="26" sc="61" el="26" ec="71" bec="0" bev="0" fileid="24" />
            </Method>
            <Method visited="false" cyclomaticComplexity="1" sequenceCoverage="0" branchCoverage="0" isConstructor="false" isStatic="true" isGetter="false" isSetter="false">
              <Summary numSequencePoints="1" visitedSequencePoints="0" numBranchPoints="1" visitedBranchPoints="0" sequenceCoverage="0" branchCoverage="0" maxCyclomaticComplexity="1" minCyclomaticComplexity="1" />
              <MetadataToken>100663443</MetadataToken>
              <Name>V Utils.JSONWriter::&lt;HashtableToDictionary&gt;b__1(System.Collections.DictionaryEntry)</Name>
              <FileRef uid="24" />
              <SequencePoints>
                <SequencePoint vc="0" uspid="2224" ordinal="0" offset="0" sl="26" sc="80" el="26" ec="92" bec="0" bev="0" fileid="24" />
              </SequencePoints>
              <BranchPoints />
              <MethodPoint xsi:type="SequencePoint" vc="0" uspid="2224" ordinal="0" offset="0" sl="26" sc="80" el="26" ec="92" bec="0" bev="0" fileid="24" />
            </Method>
          </Methods>
        </Class>
        <Class>
          <Summary numSequencePoints="16" visitedSequencePoints="0" numBranchPoints="7" visitedBranchPoints="0" sequenceCoverage="0" branchCoverage="0" maxCyclomaticComplexity="4" minCyclomaticComplexity="1" />
          <FullName>Utils.ProcessInfo</FullName>
          <Methods>
            <Method visited="false" cyclomaticComplexity="4" sequenceCoverage="0" branchCoverage="0" isConstructor="false" isStatic="true" isGetter="false" isSetter="false">
              <Summary numSequencePoints="16" visitedSequencePoints="0" numBranchPoints="7" visitedBranchPoints="0" sequenceCoverage="0" branchCoverage="0" maxCyclomaticComplexity="4" minCyclomaticComplexity="4" />
              <MetadataToken>100663444</MetadataToken>
              <Name>System.String Utils.ProcessInfo::getProcessInstanceName(System.Int32)</Name>
              <FileRef uid="25" />
              <SequencePoints>
                <SequencePoint vc="0" uspid="2225" ordinal="0" offset="0" sl="6" sc="56" el="6" ec="57" bec="0" bev="0" fileid="25" />
                <SequencePoint vc="0" uspid="2226" ordinal="1" offset="1" sl="7" sc="4" el="8" ec="47" bec="0" bev="0" fileid="25" />
                <SequencePoint vc="0" uspid="2227" ordinal="2" offset="12" sl="10" sc="4" el="10" ec="11" bec="0" bev="0" fileid="25" />
                <SequencePoint vc="0" uspid="2228" ordinal="3" offset="13" sl="10" sc="32" el="10" ec="77" bec="0" bev="0" fileid="25" />
                <SequencePoint vc="0" uspid="2229" ordinal="4" offset="26" sl="10" sc="13" el="10" ec="28" bec="0" bev="0" fileid="25" />
                <SequencePoint vc="0" uspid="2230" ordinal="5" offset="32" sl="10" sc="79" el="10" ec="80" bec="0" bev="0" fileid="25" />
                <SequencePoint vc="0" uspid="2231" ordinal="6" offset="33" sl="11" sc="12" el="11" ec="100" bec="0" bev="0" fileid="25" />
                <SequencePoint vc="0" uspid="2232" ordinal="7" offset="51" sl="11" sc="102" el="11" ec="103" bec="0" bev="0" fileid="25" />
                <SequencePoint vc="0" uspid="2233" ordinal="8" offset="52" sl="12" sc="6" el="12" ec="54" bec="0" bev="0" fileid="25" />
                <SequencePoint vc="0" uspid="2234" ordinal="9" offset="60" sl="14" sc="6" el="14" ec="26" bec="2" bev="0" fileid="25" />
                <SequencePoint vc="0" uspid="2235" ordinal="10" offset="73" sl="15" sc="7" el="15" ec="23" bec="0" bev="0" fileid="25" />
                <SequencePoint vc="0" uspid="2236" ordinal="11" offset="78" sl="16" sc="5" el="16" ec="6" bec="2" bev="0" fileid="25" />
                <SequencePoint vc="0" uspid="2237" ordinal="12" offset="100" sl="17" sc="4" el="17" ec="5" bec="0" bev="0" fileid="25" />
                <SequencePoint vc="0" uspid="2238" ordinal="13" offset="107" sl="10" sc="29" el="10" ec="31" bec="2" bev="0" fileid="25" />
                <SequencePoint vc="0" uspid="2239" ordinal="14" offset="121" sl="19" sc="4" el="19" ec="16" bec="0" bev="0" fileid="25" />
                <SequencePoint vc="0" uspid="2240" ordinal="15" offset="127" sl="20" sc="3" el="20" ec="4" bec="0" bev="0" fileid="25" />
              </SequencePoints>
              <BranchPoints>
                <BranchPoint vc="0" uspid="2241" ordinal="0" offset="71" path="0" offsetchain="" offsetend="73" />
                <BranchPoint vc="0" uspid="2242" ordinal="1" offset="71" path="1" offsetchain="" offsetend="78" />
                <BranchPoint vc="0" uspid="2243" ordinal="2" offset="89" path="0" offsetchain="" offsetend="91" />
                <BranchPoint vc="0" uspid="2244" ordinal="3" offset="89" path="1" offsetchain="" offsetend="98" />
                <BranchPoint vc="0" uspid="2245" ordinal="4" offset="119" path="0" offsetchain="" offsetend="121" />
                <BranchPoint vc="0" uspid="2246" ordinal="5" offset="119" path="1" offsetchain="" offsetend="26" />
              </BranchPoints>
              <MethodPoint xsi:type="SequencePoint" vc="0" uspid="2225" ordinal="0" offset="0" sl="6" sc="56" el="6" ec="57" bec="0" bev="0" fileid="25" />
            </Method>
            <Method visited="false" cyclomaticComplexity="1" sequenceCoverage="0" branchCoverage="0" isConstructor="true" isStatic="false" isGetter="false" isSetter="false">
              <Summary numSequencePoints="0" visitedSequencePoints="0" numBranchPoints="0" visitedBranchPoints="0" sequenceCoverage="0" branchCoverage="0" maxCyclomaticComplexity="1" minCyclomaticComplexity="1" />
              <MetadataToken>100663445</MetadataToken>
              <Name>System.Void Utils.ProcessInfo::.ctor()</Name>
              <SequencePoints />
              <BranchPoints />
              <MethodPoint vc="0" uspid="2247" ordinal="0" offset="0" />
            </Method>
          </Methods>
        </Class>
      </Classes>
    </Module>
  </Modules>
</CoverageSession>